{"/Users/kimjiho/Desktop/프로젝트/CoDiYoung/src/App.jsx": {"path":"/Users/kimjiho/Desktop/프로젝트/CoDiYoung/src/App.jsx","statementMap":{"0":{"start":{"line":10,"column":19},"end":{"line":10,"column":72}},"1":{"start":{"line":10,"column":30},"end":{"line":10,"column":71}},"2":{"start":{"line":11,"column":21},"end":{"line":11,"column":76}},"3":{"start":{"line":11,"column":32},"end":{"line":11,"column":75}},"4":{"start":{"line":12,"column":22},"end":{"line":12,"column":78}},"5":{"start":{"line":12,"column":33},"end":{"line":12,"column":77}},"6":{"start":{"line":13,"column":29},"end":{"line":13,"column":92}},"7":{"start":{"line":13,"column":40},"end":{"line":13,"column":91}},"8":{"start":{"line":14,"column":25},"end":{"line":14,"column":90}},"9":{"start":{"line":14,"column":36},"end":{"line":14,"column":89}},"10":{"start":{"line":15,"column":26},"end":{"line":15,"column":91}},"11":{"start":{"line":15,"column":37},"end":{"line":15,"column":90}},"12":{"start":{"line":16,"column":21},"end":{"line":16,"column":82}},"13":{"start":{"line":16,"column":32},"end":{"line":16,"column":81}},"14":{"start":{"line":17,"column":24},"end":{"line":17,"column":85}},"15":{"start":{"line":17,"column":35},"end":{"line":17,"column":84}},"16":{"start":{"line":18,"column":24},"end":{"line":18,"column":85}},"17":{"start":{"line":18,"column":35},"end":{"line":18,"column":84}},"18":{"start":{"line":20,"column":15},"end":{"line":34,"column":2}},"19":{"start":{"line":37,"column":2},"end":{"line":43,"column":3}}},"fnMap":{"0":{"name":"(anonymous_0)","decl":{"start":{"line":10,"column":24},"end":{"line":10,"column":25}},"loc":{"start":{"line":10,"column":30},"end":{"line":10,"column":71}},"line":10},"1":{"name":"(anonymous_1)","decl":{"start":{"line":11,"column":26},"end":{"line":11,"column":27}},"loc":{"start":{"line":11,"column":32},"end":{"line":11,"column":75}},"line":11},"2":{"name":"(anonymous_2)","decl":{"start":{"line":12,"column":27},"end":{"line":12,"column":28}},"loc":{"start":{"line":12,"column":33},"end":{"line":12,"column":77}},"line":12},"3":{"name":"(anonymous_3)","decl":{"start":{"line":13,"column":34},"end":{"line":13,"column":35}},"loc":{"start":{"line":13,"column":40},"end":{"line":13,"column":91}},"line":13},"4":{"name":"(anonymous_4)","decl":{"start":{"line":14,"column":30},"end":{"line":14,"column":31}},"loc":{"start":{"line":14,"column":36},"end":{"line":14,"column":89}},"line":14},"5":{"name":"(anonymous_5)","decl":{"start":{"line":15,"column":31},"end":{"line":15,"column":32}},"loc":{"start":{"line":15,"column":37},"end":{"line":15,"column":90}},"line":15},"6":{"name":"(anonymous_6)","decl":{"start":{"line":16,"column":26},"end":{"line":16,"column":27}},"loc":{"start":{"line":16,"column":32},"end":{"line":16,"column":81}},"line":16},"7":{"name":"(anonymous_7)","decl":{"start":{"line":17,"column":29},"end":{"line":17,"column":30}},"loc":{"start":{"line":17,"column":35},"end":{"line":17,"column":84}},"line":17},"8":{"name":"(anonymous_8)","decl":{"start":{"line":18,"column":29},"end":{"line":18,"column":30}},"loc":{"start":{"line":18,"column":35},"end":{"line":18,"column":84}},"line":18},"9":{"name":"App","decl":{"start":{"line":36,"column":24},"end":{"line":36,"column":27}},"loc":{"start":{"line":36,"column":30},"end":{"line":44,"column":1}},"line":36}},"branchMap":{},"s":{"0":0,"1":0,"2":0,"3":0,"4":0,"5":0,"6":0,"7":0,"8":0,"9":0,"10":0,"11":0,"12":0,"13":0,"14":0,"15":0,"16":0,"17":0,"18":0,"19":0},"f":{"0":0,"1":0,"2":0,"3":0,"4":0,"5":0,"6":0,"7":0,"8":0,"9":0},"b":{}}
,"/Users/kimjiho/Desktop/프로젝트/CoDiYoung/src/main.jsx": {"path":"/Users/kimjiho/Desktop/프로젝트/CoDiYoung/src/main.jsx","statementMap":{"0":{"start":{"line":6,"column":0},"end":{"line":10,"column":1}}},"fnMap":{},"branchMap":{},"s":{"0":0},"f":{},"b":{}}
,"/Users/kimjiho/Desktop/프로젝트/CoDiYoung/src/components/AuthModal.jsx": {"path":"/Users/kimjiho/Desktop/프로젝트/CoDiYoung/src/components/AuthModal.jsx","statementMap":{},"fnMap":{},"branchMap":{},"s":{},"f":{},"b":{}}
,"/Users/kimjiho/Desktop/프로젝트/CoDiYoung/src/components/AuthModalManager.jsx": {"path":"/Users/kimjiho/Desktop/프로젝트/CoDiYoung/src/components/AuthModalManager.jsx","statementMap":{"0":{"start":{"line":8,"column":30},"end":{"line":8,"column":44}},"1":{"start":{"line":9,"column":29},"end":{"line":9,"column":45}},"2":{"start":{"line":17,"column":6},"end":{"line":17,"column":20}},"3":{"start":{"line":19,"column":27},"end":{"line":22,"column":3}},"4":{"start":{"line":20,"column":4},"end":{"line":20,"column":17}},"5":{"start":{"line":21,"column":4},"end":{"line":21,"column":21}},"6":{"start":{"line":24,"column":2},"end":{"line":45,"column":4}}},"fnMap":{"0":{"name":"AuthModalManager","decl":{"start":{"line":7,"column":24},"end":{"line":7,"column":40}},"loc":{"start":{"line":7,"column":43},"end":{"line":46,"column":1}},"line":7},"1":{"name":"(anonymous_1)","decl":{"start":{"line":19,"column":27},"end":{"line":19,"column":28}},"loc":{"start":{"line":19,"column":33},"end":{"line":22,"column":3}},"line":19}},"branchMap":{"0":{"loc":{"start":{"line":27,"column":7},"end":{"line":35,"column":7}},"type":"binary-expr","locations":[{"start":{"line":27,"column":7},"end":{"line":27,"column":19}},{"start":{"line":28,"column":8},"end":{"line":34,"column":14}}],"line":27},"1":{"loc":{"start":{"line":29,"column":11},"end":{"line":33,"column":11}},"type":"cond-expr","locations":[{"start":{"line":30,"column":12},"end":{"line":30,"column":27}},{"start":{"line":32,"column":12},"end":{"line":32,"column":53}}],"line":29}},"s":{"0":11,"1":11,"2":11,"3":11,"4":0,"5":0,"6":11},"f":{"0":11,"1":0},"b":{"0":[11,8],"1":[2,6]},"_coverageSchema":"1a1c01bbd47fc00a2c39e90264f33305004495a9","hash":"2341a64101df53ba61c55e851d0a9d7892bbdddf"}
,"/Users/kimjiho/Desktop/프로젝트/CoDiYoung/src/components/Footer.jsx": {"path":"/Users/kimjiho/Desktop/프로젝트/CoDiYoung/src/components/Footer.jsx","statementMap":{"0":{"start":{"line":4,"column":2},"end":{"line":39,"column":4}}},"fnMap":{"0":{"name":"Footer","decl":{"start":{"line":3,"column":24},"end":{"line":3,"column":30}},"loc":{"start":{"line":3,"column":33},"end":{"line":40,"column":1}},"line":3}},"branchMap":{},"s":{"0":10},"f":{"0":10},"b":{},"_coverageSchema":"1a1c01bbd47fc00a2c39e90264f33305004495a9","hash":"6287215f585aadece0ea95ca544d6acd9cb93819"}
,"/Users/kimjiho/Desktop/프로젝트/CoDiYoung/src/components/Header.jsx": {"path":"/Users/kimjiho/Desktop/프로젝트/CoDiYoung/src/components/Header.jsx","statementMap":{"0":{"start":{"line":7,"column":2},"end":{"line":17,"column":4}}},"fnMap":{"0":{"name":"Header","decl":{"start":{"line":6,"column":24},"end":{"line":6,"column":30}},"loc":{"start":{"line":6,"column":61},"end":{"line":18,"column":1}},"line":6}},"branchMap":{"0":{"loc":{"start":{"line":6,"column":33},"end":{"line":6,"column":57}},"type":"default-arg","locations":[{"start":{"line":6,"column":52},"end":{"line":6,"column":57}}],"line":6},"1":{"loc":{"start":{"line":14,"column":9},"end":{"line":14,"column":50}},"type":"binary-expr","locations":[{"start":{"line":14,"column":9},"end":{"line":14,"column":26}},{"start":{"line":14,"column":30},"end":{"line":14,"column":50}}],"line":14}},"s":{"0":9},"f":{"0":9},"b":{"0":[7],"1":[9,8]},"_coverageSchema":"1a1c01bbd47fc00a2c39e90264f33305004495a9","hash":"5229ae6b347272443586337b34fe612c377a3c6d"}
,"/Users/kimjiho/Desktop/프로젝트/CoDiYoung/src/components/LoadingFallback.jsx": {"path":"/Users/kimjiho/Desktop/프로젝트/CoDiYoung/src/components/LoadingFallback.jsx","statementMap":{"0":{"start":{"line":5,"column":2},"end":{"line":15,"column":4}}},"fnMap":{"0":{"name":"LoadingFallback","decl":{"start":{"line":4,"column":24},"end":{"line":4,"column":39}},"loc":{"start":{"line":4,"column":65},"end":{"line":16,"column":1}},"line":4}},"branchMap":{"0":{"loc":{"start":{"line":4,"column":42},"end":{"line":4,"column":61}},"type":"default-arg","locations":[{"start":{"line":4,"column":52},"end":{"line":4,"column":61}}],"line":4}},"s":{"0":9},"f":{"0":9},"b":{"0":[6]},"_coverageSchema":"1a1c01bbd47fc00a2c39e90264f33305004495a9","hash":"5254e294967e29b36e29afa4e6eb03619f9faada"}
,"/Users/kimjiho/Desktop/프로젝트/CoDiYoung/src/components/LoginButton.jsx": {"path":"/Users/kimjiho/Desktop/프로젝트/CoDiYoung/src/components/LoginButton.jsx","statementMap":{"0":{"start":{"line":7,"column":2},"end":{"line":21,"column":4}},"1":{"start":{"line":14,"column":29},"end":{"line":14,"column":77}},"2":{"start":{"line":15,"column":29},"end":{"line":15,"column":75}}},"fnMap":{"0":{"name":"LoginButton","decl":{"start":{"line":5,"column":24},"end":{"line":5,"column":35}},"loc":{"start":{"line":5,"column":54},"end":{"line":22,"column":1}},"line":5},"1":{"name":"(anonymous_1)","decl":{"start":{"line":14,"column":22},"end":{"line":14,"column":23}},"loc":{"start":{"line":14,"column":29},"end":{"line":14,"column":77}},"line":14},"2":{"name":"(anonymous_2)","decl":{"start":{"line":15,"column":22},"end":{"line":15,"column":23}},"loc":{"start":{"line":15,"column":29},"end":{"line":15,"column":75}},"line":15}},"branchMap":{},"s":{"0":9,"1":1,"2":1},"f":{"0":9,"1":1,"2":1},"b":{},"_coverageSchema":"1a1c01bbd47fc00a2c39e90264f33305004495a9","hash":"45d465910cdc686af520114fdb6f95a81d4f368d"}
,"/Users/kimjiho/Desktop/프로젝트/CoDiYoung/src/components/UserProfile.jsx": {"path":"/Users/kimjiho/Desktop/프로젝트/CoDiYoung/src/components/UserProfile.jsx","statementMap":{"0":{"start":{"line":10,"column":22},"end":{"line":10,"column":34}},"1":{"start":{"line":11,"column":19},"end":{"line":11,"column":32}},"2":{"start":{"line":12,"column":19},"end":{"line":12,"column":33}},"3":{"start":{"line":13,"column":27},"end":{"line":13,"column":43}},"4":{"start":{"line":14,"column":25},"end":{"line":14,"column":34}},"5":{"start":{"line":16,"column":19},"end":{"line":20,"column":3}},"6":{"start":{"line":17,"column":4},"end":{"line":17,"column":25}},"7":{"start":{"line":18,"column":4},"end":{"line":18,"column":17}},"8":{"start":{"line":19,"column":4},"end":{"line":19,"column":26}},"9":{"start":{"line":22,"column":25},"end":{"line":24,"column":3}},"10":{"start":{"line":23,"column":4},"end":{"line":23,"column":29}},"11":{"start":{"line":26,"column":2},"end":{"line":56,"column":4}}},"fnMap":{"0":{"name":"UserProfile","decl":{"start":{"line":9,"column":24},"end":{"line":9,"column":35}},"loc":{"start":{"line":9,"column":38},"end":{"line":57,"column":1}},"line":9},"1":{"name":"(anonymous_1)","decl":{"start":{"line":16,"column":19},"end":{"line":16,"column":20}},"loc":{"start":{"line":16,"column":31},"end":{"line":20,"column":3}},"line":16},"2":{"name":"(anonymous_2)","decl":{"start":{"line":22,"column":25},"end":{"line":22,"column":26}},"loc":{"start":{"line":22,"column":31},"end":{"line":24,"column":3}},"line":22}},"branchMap":{"0":{"loc":{"start":{"line":29,"column":9},"end":{"line":37,"column":9}},"type":"cond-expr","locations":[{"start":{"line":30,"column":10},"end":{"line":34,"column":12}},{"start":{"line":36,"column":10},"end":{"line":36,"column":62}}],"line":29}},"s":{"0":10,"1":10,"2":10,"3":10,"4":10,"5":10,"6":1,"7":1,"8":1,"9":10,"10":1,"11":10},"f":{"0":10,"1":1,"2":1},"b":{"0":[1,9]},"_coverageSchema":"1a1c01bbd47fc00a2c39e90264f33305004495a9","hash":"6a5c0552ec064c4d0886d9edb41e445e4cf75eda"}
,"/Users/kimjiho/Desktop/프로젝트/CoDiYoung/src/constants/config.js": {"path":"/Users/kimjiho/Desktop/프로젝트/CoDiYoung/src/constants/config.js","statementMap":{"0":{"start":{"line":4,"column":22},"end":{"line":204,"column":1}}},"fnMap":{},"branchMap":{},"s":{"0":1},"f":{},"b":{},"_coverageSchema":"1a1c01bbd47fc00a2c39e90264f33305004495a9","hash":"e486d94f9206ff28193a43617a227527a57b9773"}
,"/Users/kimjiho/Desktop/프로젝트/CoDiYoung/src/constants/messages.js": {"path":"/Users/kimjiho/Desktop/프로젝트/CoDiYoung/src/constants/messages.js","statementMap":{"0":{"start":{"line":2,"column":24},"end":{"line":103,"column":1}}},"fnMap":{},"branchMap":{},"s":{"0":0},"f":{},"b":{}}
,"/Users/kimjiho/Desktop/프로젝트/CoDiYoung/src/constants/routes.js": {"path":"/Users/kimjiho/Desktop/프로젝트/CoDiYoung/src/constants/routes.js","statementMap":{"0":{"start":{"line":2,"column":22},"end":{"line":20,"column":1}},"1":{"start":{"line":24,"column":27},"end":{"line":29,"column":1}}},"fnMap":{},"branchMap":{},"s":{"0":1,"1":1},"f":{},"b":{},"_coverageSchema":"1a1c01bbd47fc00a2c39e90264f33305004495a9","hash":"8333e1562d596dc5bb0d749decbcf8b531cffd54"}
,"/Users/kimjiho/Desktop/프로젝트/CoDiYoung/src/constants/sizes.js": {"path":"/Users/kimjiho/Desktop/프로젝트/CoDiYoung/src/constants/sizes.js","statementMap":{"0":{"start":{"line":2,"column":27},"end":{"line":36,"column":1}}},"fnMap":{},"branchMap":{},"s":{"0":0},"f":{},"b":{}}
,"/Users/kimjiho/Desktop/프로젝트/CoDiYoung/src/constants/studyCategories.js": {"path":"/Users/kimjiho/Desktop/프로젝트/CoDiYoung/src/constants/studyCategories.js","statementMap":{"0":{"start":{"line":4,"column":37},"end":{"line":17,"column":1}},"1":{"start":{"line":19,"column":39},"end":{"line":22,"column":1}}},"fnMap":{},"branchMap":{},"s":{"0":0,"1":0},"f":{},"b":{}}
,"/Users/kimjiho/Desktop/프로젝트/CoDiYoung/src/contexts/AuthContext.jsx": {"path":"/Users/kimjiho/Desktop/프로젝트/CoDiYoung/src/contexts/AuthContext.jsx","statementMap":{"0":{"start":{"line":6,"column":20},"end":{"line":6,"column":35}},"1":{"start":{"line":10,"column":2},"end":{"line":18,"column":4}},"2":{"start":{"line":23,"column":19},"end":{"line":23,"column":32}},"3":{"start":{"line":24,"column":24},"end":{"line":24,"column":42}},"4":{"start":{"line":25,"column":13},"end":{"line":25,"column":20}},"5":{"start":{"line":28,"column":2},"end":{"line":83,"column":4}},"6":{"start":{"line":74,"column":6},"end":{"line":74,"column":27}},"7":{"start":{"line":75,"column":6},"end":{"line":75,"column":33}},"8":{"start":{"line":76,"column":6},"end":{"line":76,"column":19}},"9":{"start":{"line":79,"column":6},"end":{"line":79,"column":29}},"10":{"start":{"line":80,"column":6},"end":{"line":80,"column":34}},"11":{"start":{"line":81,"column":6},"end":{"line":81,"column":22}}},"fnMap":{"0":{"name":"AuthProvider","decl":{"start":{"line":9,"column":16},"end":{"line":9,"column":28}},"loc":{"start":{"line":9,"column":43},"end":{"line":19,"column":1}},"line":9},"1":{"name":"useAuth","decl":{"start":{"line":22,"column":16},"end":{"line":22,"column":23}},"loc":{"start":{"line":22,"column":26},"end":{"line":84,"column":1}},"line":22},"2":{"name":"(anonymous_2)","decl":{"start":{"line":73,"column":16},"end":{"line":73,"column":17}},"loc":{"start":{"line":73,"column":22},"end":{"line":77,"column":5}},"line":73},"3":{"name":"(anonymous_3)","decl":{"start":{"line":78,"column":17},"end":{"line":78,"column":18}},"loc":{"start":{"line":78,"column":23},"end":{"line":82,"column":5}},"line":78}},"branchMap":{},"s":{"0":0,"1":0,"2":0,"3":0,"4":0,"5":0,"6":0,"7":0,"8":0,"9":0,"10":0,"11":0},"f":{"0":0,"1":0,"2":0,"3":0},"b":{}}
,"/Users/kimjiho/Desktop/프로젝트/CoDiYoung/src/contexts/AuthFormContext.jsx": {"path":"/Users/kimjiho/Desktop/프로젝트/CoDiYoung/src/contexts/AuthFormContext.jsx","statementMap":{"0":{"start":{"line":3,"column":24},"end":{"line":3,"column":39}},"1":{"start":{"line":5,"column":21},"end":{"line":10,"column":1}},"2":{"start":{"line":12,"column":24},"end":{"line":39,"column":1}},"3":{"start":{"line":13,"column":2},"end":{"line":38,"column":3}},"4":{"start":{"line":15,"column":6},"end":{"line":15,"column":49}},"5":{"start":{"line":18,"column":6},"end":{"line":18,"column":52}},"6":{"start":{"line":21,"column":6},"end":{"line":21,"column":54}},"7":{"start":{"line":24,"column":6},"end":{"line":24,"column":57}},"8":{"start":{"line":27,"column":6},"end":{"line":31,"column":8}},"9":{"start":{"line":34,"column":6},"end":{"line":34,"column":33}},"10":{"start":{"line":37,"column":6},"end":{"line":37,"column":19}},"11":{"start":{"line":42,"column":28},"end":{"line":42,"column":69}},"12":{"start":{"line":44,"column":18},"end":{"line":51,"column":3}},"13":{"start":{"line":45,"column":25},"end":{"line":45,"column":72}},"14":{"start":{"line":46,"column":31},"end":{"line":46,"column":84}},"15":{"start":{"line":47,"column":30},"end":{"line":47,"column":83}},"16":{"start":{"line":48,"column":33},"end":{"line":48,"column":89}},"17":{"start":{"line":49,"column":23},"end":{"line":49,"column":57}},"18":{"start":{"line":50,"column":21},"end":{"line":50,"column":53}},"19":{"start":{"line":53,"column":16},"end":{"line":56,"column":3}},"20":{"start":{"line":58,"column":2},"end":{"line":58,"column":87}},"21":{"start":{"line":62,"column":18},"end":{"line":62,"column":45}},"22":{"start":{"line":63,"column":2},"end":{"line":65,"column":3}},"23":{"start":{"line":64,"column":4},"end":{"line":64,"column":75}},"24":{"start":{"line":66,"column":2},"end":{"line":66,"column":17}}},"fnMap":{"0":{"name":"(anonymous_0)","decl":{"start":{"line":12,"column":24},"end":{"line":12,"column":25}},"loc":{"start":{"line":12,"column":43},"end":{"line":39,"column":1}},"line":12},"1":{"name":"AuthFormProvider","decl":{"start":{"line":41,"column":16},"end":{"line":41,"column":32}},"loc":{"start":{"line":41,"column":47},"end":{"line":59,"column":1}},"line":41},"2":{"name":"(anonymous_2)","decl":{"start":{"line":45,"column":14},"end":{"line":45,"column":15}},"loc":{"start":{"line":45,"column":25},"end":{"line":45,"column":72}},"line":45},"3":{"name":"(anonymous_3)","decl":{"start":{"line":46,"column":17},"end":{"line":46,"column":18}},"loc":{"start":{"line":46,"column":31},"end":{"line":46,"column":84}},"line":46},"4":{"name":"(anonymous_4)","decl":{"start":{"line":47,"column":19},"end":{"line":47,"column":20}},"loc":{"start":{"line":47,"column":30},"end":{"line":47,"column":83}},"line":47},"5":{"name":"(anonymous_5)","decl":{"start":{"line":48,"column":22},"end":{"line":48,"column":23}},"loc":{"start":{"line":48,"column":33},"end":{"line":48,"column":89}},"line":48},"6":{"name":"(anonymous_6)","decl":{"start":{"line":49,"column":17},"end":{"line":49,"column":18}},"loc":{"start":{"line":49,"column":23},"end":{"line":49,"column":57}},"line":49},"7":{"name":"(anonymous_7)","decl":{"start":{"line":50,"column":15},"end":{"line":50,"column":16}},"loc":{"start":{"line":50,"column":21},"end":{"line":50,"column":53}},"line":50},"8":{"name":"useAuthForm","decl":{"start":{"line":61,"column":16},"end":{"line":61,"column":27}},"loc":{"start":{"line":61,"column":30},"end":{"line":67,"column":1}},"line":61}},"branchMap":{"0":{"loc":{"start":{"line":13,"column":2},"end":{"line":38,"column":3}},"type":"switch","locations":[{"start":{"line":14,"column":4},"end":{"line":15,"column":49}},{"start":{"line":17,"column":4},"end":{"line":18,"column":52}},{"start":{"line":20,"column":4},"end":{"line":21,"column":54}},{"start":{"line":23,"column":4},"end":{"line":24,"column":57}},{"start":{"line":26,"column":4},"end":{"line":31,"column":8}},{"start":{"line":33,"column":4},"end":{"line":34,"column":33}},{"start":{"line":36,"column":4},"end":{"line":37,"column":19}}],"line":13},"1":{"loc":{"start":{"line":63,"column":2},"end":{"line":65,"column":3}},"type":"if","locations":[{"start":{"line":63,"column":2},"end":{"line":65,"column":3}},{"start":{},"end":{}}],"line":63}},"s":{"0":0,"1":0,"2":0,"3":0,"4":0,"5":0,"6":0,"7":0,"8":0,"9":0,"10":0,"11":0,"12":0,"13":0,"14":0,"15":0,"16":0,"17":0,"18":0,"19":0,"20":0,"21":0,"22":0,"23":0,"24":0},"f":{"0":0,"1":0,"2":0,"3":0,"4":0,"5":0,"6":0,"7":0,"8":0},"b":{"0":[0,0,0,0,0,0,0],"1":[0,0]}}
,"/Users/kimjiho/Desktop/프로젝트/CoDiYoung/src/contexts/PasswordResetContext.jsx": {"path":"/Users/kimjiho/Desktop/프로젝트/CoDiYoung/src/contexts/PasswordResetContext.jsx","statementMap":{"0":{"start":{"line":3,"column":29},"end":{"line":3,"column":44}},"1":{"start":{"line":5,"column":21},"end":{"line":15,"column":1}},"2":{"start":{"line":17,"column":29},"end":{"line":61,"column":1}},"3":{"start":{"line":18,"column":2},"end":{"line":60,"column":3}},"4":{"start":{"line":20,"column":6},"end":{"line":20,"column":65}},"5":{"start":{"line":23,"column":6},"end":{"line":23,"column":87}},"6":{"start":{"line":26,"column":6},"end":{"line":26,"column":77}},"7":{"start":{"line":29,"column":6},"end":{"line":29,"column":85}},"8":{"start":{"line":32,"column":6},"end":{"line":32,"column":54}},"9":{"start":{"line":35,"column":6},"end":{"line":35,"column":65}},"10":{"start":{"line":38,"column":6},"end":{"line":38,"column":60}},"11":{"start":{"line":41,"column":6},"end":{"line":41,"column":64}},"12":{"start":{"line":44,"column":6},"end":{"line":44,"column":54}},"13":{"start":{"line":47,"column":6},"end":{"line":53,"column":8}},"14":{"start":{"line":56,"column":6},"end":{"line":56,"column":33}},"15":{"start":{"line":59,"column":6},"end":{"line":59,"column":19}},"16":{"start":{"line":64,"column":28},"end":{"line":64,"column":74}},"17":{"start":{"line":66,"column":18},"end":{"line":78,"column":3}},"18":{"start":{"line":67,"column":25},"end":{"line":67,"column":72}},"19":{"start":{"line":68,"column":35},"end":{"line":68,"column":93}},"20":{"start":{"line":69,"column":34},"end":{"line":69,"column":91}},"21":{"start":{"line":70,"column":38},"end":{"line":70,"column":99}},"22":{"start":{"line":71,"column":30},"end":{"line":71,"column":83}},"23":{"start":{"line":72,"column":41},"end":{"line":72,"column":106}},"24":{"start":{"line":73,"column":36},"end":{"line":73,"column":96}},"25":{"start":{"line":74,"column":40},"end":{"line":74,"column":104}},"26":{"start":{"line":75,"column":27},"end":{"line":75,"column":77}},"27":{"start":{"line":76,"column":23},"end":{"line":76,"column":57}},"28":{"start":{"line":77,"column":22},"end":{"line":77,"column":55}},"29":{"start":{"line":80,"column":16},"end":{"line":83,"column":3}},"30":{"start":{"line":85,"column":2},"end":{"line":85,"column":97}},"31":{"start":{"line":89,"column":18},"end":{"line":89,"column":50}},"32":{"start":{"line":90,"column":2},"end":{"line":92,"column":3}},"33":{"start":{"line":91,"column":4},"end":{"line":91,"column":84}},"34":{"start":{"line":93,"column":2},"end":{"line":93,"column":17}}},"fnMap":{"0":{"name":"(anonymous_0)","decl":{"start":{"line":17,"column":29},"end":{"line":17,"column":30}},"loc":{"start":{"line":17,"column":48},"end":{"line":61,"column":1}},"line":17},"1":{"name":"PasswordResetProvider","decl":{"start":{"line":63,"column":16},"end":{"line":63,"column":37}},"loc":{"start":{"line":63,"column":52},"end":{"line":86,"column":1}},"line":63},"2":{"name":"(anonymous_2)","decl":{"start":{"line":67,"column":14},"end":{"line":67,"column":15}},"loc":{"start":{"line":67,"column":25},"end":{"line":67,"column":72}},"line":67},"3":{"name":"(anonymous_3)","decl":{"start":{"line":68,"column":25},"end":{"line":68,"column":26}},"loc":{"start":{"line":68,"column":35},"end":{"line":68,"column":93}},"line":68},"4":{"name":"(anonymous_4)","decl":{"start":{"line":69,"column":20},"end":{"line":69,"column":21}},"loc":{"start":{"line":69,"column":34},"end":{"line":69,"column":91}},"line":69},"5":{"name":"(anonymous_5)","decl":{"start":{"line":70,"column":24},"end":{"line":70,"column":25}},"loc":{"start":{"line":70,"column":38},"end":{"line":70,"column":99}},"line":70},"6":{"name":"(anonymous_6)","decl":{"start":{"line":71,"column":19},"end":{"line":71,"column":20}},"loc":{"start":{"line":71,"column":30},"end":{"line":71,"column":83}},"line":71},"7":{"name":"(anonymous_7)","decl":{"start":{"line":72,"column":30},"end":{"line":72,"column":31}},"loc":{"start":{"line":72,"column":41},"end":{"line":72,"column":106}},"line":72},"8":{"name":"(anonymous_8)","decl":{"start":{"line":73,"column":25},"end":{"line":73,"column":26}},"loc":{"start":{"line":73,"column":36},"end":{"line":73,"column":96}},"line":73},"9":{"name":"(anonymous_9)","decl":{"start":{"line":74,"column":29},"end":{"line":74,"column":30}},"loc":{"start":{"line":74,"column":40},"end":{"line":74,"column":104}},"line":74},"10":{"name":"(anonymous_10)","decl":{"start":{"line":75,"column":17},"end":{"line":75,"column":18}},"loc":{"start":{"line":75,"column":27},"end":{"line":75,"column":77}},"line":75},"11":{"name":"(anonymous_11)","decl":{"start":{"line":76,"column":17},"end":{"line":76,"column":18}},"loc":{"start":{"line":76,"column":23},"end":{"line":76,"column":57}},"line":76},"12":{"name":"(anonymous_12)","decl":{"start":{"line":77,"column":16},"end":{"line":77,"column":17}},"loc":{"start":{"line":77,"column":22},"end":{"line":77,"column":55}},"line":77},"13":{"name":"usePasswordReset","decl":{"start":{"line":88,"column":16},"end":{"line":88,"column":32}},"loc":{"start":{"line":88,"column":35},"end":{"line":94,"column":1}},"line":88}},"branchMap":{"0":{"loc":{"start":{"line":18,"column":2},"end":{"line":60,"column":3}},"type":"switch","locations":[{"start":{"line":19,"column":4},"end":{"line":20,"column":65}},{"start":{"line":22,"column":4},"end":{"line":23,"column":87}},{"start":{"line":25,"column":4},"end":{"line":26,"column":77}},{"start":{"line":28,"column":4},"end":{"line":29,"column":85}},{"start":{"line":31,"column":4},"end":{"line":32,"column":54}},{"start":{"line":34,"column":4},"end":{"line":35,"column":65}},{"start":{"line":37,"column":4},"end":{"line":38,"column":60}},{"start":{"line":40,"column":4},"end":{"line":41,"column":64}},{"start":{"line":43,"column":4},"end":{"line":44,"column":54}},{"start":{"line":46,"column":4},"end":{"line":53,"column":8}},{"start":{"line":55,"column":4},"end":{"line":56,"column":33}},{"start":{"line":58,"column":4},"end":{"line":59,"column":19}}],"line":18},"1":{"loc":{"start":{"line":90,"column":2},"end":{"line":92,"column":3}},"type":"if","locations":[{"start":{"line":90,"column":2},"end":{"line":92,"column":3}},{"start":{},"end":{}}],"line":90}},"s":{"0":0,"1":0,"2":0,"3":0,"4":0,"5":0,"6":0,"7":0,"8":0,"9":0,"10":0,"11":0,"12":0,"13":0,"14":0,"15":0,"16":0,"17":0,"18":0,"19":0,"20":0,"21":0,"22":0,"23":0,"24":0,"25":0,"26":0,"27":0,"28":0,"29":0,"30":0,"31":0,"32":0,"33":0,"34":0},"f":{"0":0,"1":0,"2":0,"3":0,"4":0,"5":0,"6":0,"7":0,"8":0,"9":0,"10":0,"11":0,"12":0,"13":0},"b":{"0":[0,0,0,0,0,0,0,0,0,0,0,0],"1":[0,0]}}
,"/Users/kimjiho/Desktop/프로젝트/CoDiYoung/src/contexts/UIContext.jsx": {"path":"/Users/kimjiho/Desktop/프로젝트/CoDiYoung/src/contexts/UIContext.jsx","statementMap":{"0":{"start":{"line":4,"column":18},"end":{"line":4,"column":33}},"1":{"start":{"line":6,"column":21},"end":{"line":11,"column":1}},"2":{"start":{"line":13,"column":18},"end":{"line":65,"column":1}},"3":{"start":{"line":14,"column":2},"end":{"line":64,"column":3}},"4":{"start":{"line":16,"column":6},"end":{"line":16,"column":53}},"5":{"start":{"line":19,"column":6},"end":{"line":19,"column":49}},"6":{"start":{"line":22,"column":6},"end":{"line":22,"column":39}},"7":{"start":{"line":26,"column":6},"end":{"line":32,"column":8}},"8":{"start":{"line":35,"column":6},"end":{"line":41,"column":8}},"9":{"start":{"line":44,"column":6},"end":{"line":48,"column":8}},"10":{"start":{"line":51,"column":6},"end":{"line":57,"column":8}},"11":{"start":{"line":60,"column":6},"end":{"line":60,"column":33}},"12":{"start":{"line":63,"column":6},"end":{"line":63,"column":19}},"13":{"start":{"line":68,"column":28},"end":{"line":68,"column":63}},"14":{"start":{"line":71,"column":2},"end":{"line":76,"column":9}},"15":{"start":{"line":72,"column":24},"end":{"line":72,"column":52}},"16":{"start":{"line":73,"column":4},"end":{"line":75,"column":5}},"17":{"start":{"line":74,"column":6},"end":{"line":74,"column":59}},"18":{"start":{"line":78,"column":18},"end":{"line":138,"column":3}},"19":{"start":{"line":79,"column":29},"end":{"line":79,"column":80}},"20":{"start":{"line":80,"column":25},"end":{"line":80,"column":72}},"21":{"start":{"line":81,"column":22},"end":{"line":81,"column":55}},"22":{"start":{"line":82,"column":23},"end":{"line":82,"column":68}},"23":{"start":{"line":86,"column":6},"end":{"line":86,"column":55}},"24":{"start":{"line":87,"column":6},"end":{"line":87,"column":40}},"25":{"start":{"line":91,"column":6},"end":{"line":102,"column":7}},"26":{"start":{"line":92,"column":21},"end":{"line":92,"column":61}},"27":{"start":{"line":94,"column":8},"end":{"line":94,"column":59}},"28":{"start":{"line":95,"column":8},"end":{"line":95,"column":39}},"29":{"start":{"line":100,"column":8},"end":{"line":100,"column":68}},"30":{"start":{"line":101,"column":8},"end":{"line":101,"column":56}},"31":{"start":{"line":107,"column":6},"end":{"line":107,"column":55}},"32":{"start":{"line":109,"column":6},"end":{"line":117,"column":7}},"33":{"start":{"line":110,"column":8},"end":{"line":110,"column":35}},"34":{"start":{"line":111,"column":8},"end":{"line":111,"column":37}},"35":{"start":{"line":112,"column":8},"end":{"line":112,"column":33}},"36":{"start":{"line":114,"column":8},"end":{"line":114,"column":64}},"37":{"start":{"line":115,"column":8},"end":{"line":115,"column":58}},"38":{"start":{"line":116,"column":8},"end":{"line":116,"column":56}},"39":{"start":{"line":120,"column":19},"end":{"line":120,"column":49}},"40":{"start":{"line":124,"column":6},"end":{"line":124,"column":55}},"41":{"start":{"line":125,"column":6},"end":{"line":125,"column":40}},"42":{"start":{"line":127,"column":6},"end":{"line":136,"column":7}},"43":{"start":{"line":128,"column":24},"end":{"line":128,"column":56}},"44":{"start":{"line":129,"column":8},"end":{"line":129,"column":57}},"45":{"start":{"line":130,"column":8},"end":{"line":130,"column":42}},"46":{"start":{"line":132,"column":8},"end":{"line":132,"column":64}},"47":{"start":{"line":133,"column":8},"end":{"line":133,"column":56}},"48":{"start":{"line":135,"column":8},"end":{"line":135,"column":58}},"49":{"start":{"line":140,"column":16},"end":{"line":143,"column":3}},"50":{"start":{"line":145,"column":2},"end":{"line":145,"column":75}},"51":{"start":{"line":149,"column":18},"end":{"line":149,"column":39}},"52":{"start":{"line":150,"column":2},"end":{"line":152,"column":3}},"53":{"start":{"line":151,"column":4},"end":{"line":151,"column":62}},"54":{"start":{"line":153,"column":2},"end":{"line":153,"column":17}}},"fnMap":{"0":{"name":"(anonymous_0)","decl":{"start":{"line":13,"column":18},"end":{"line":13,"column":19}},"loc":{"start":{"line":13,"column":37},"end":{"line":65,"column":1}},"line":13},"1":{"name":"UIProvider","decl":{"start":{"line":67,"column":16},"end":{"line":67,"column":26}},"loc":{"start":{"line":67,"column":41},"end":{"line":146,"column":1}},"line":67},"2":{"name":"(anonymous_2)","decl":{"start":{"line":71,"column":12},"end":{"line":71,"column":13}},"loc":{"start":{"line":71,"column":18},"end":{"line":76,"column":3}},"line":71},"3":{"name":"(anonymous_3)","decl":{"start":{"line":79,"column":16},"end":{"line":79,"column":17}},"loc":{"start":{"line":79,"column":29},"end":{"line":79,"column":80}},"line":79},"4":{"name":"(anonymous_4)","decl":{"start":{"line":80,"column":14},"end":{"line":80,"column":15}},"loc":{"start":{"line":80,"column":25},"end":{"line":80,"column":72}},"line":80},"5":{"name":"(anonymous_5)","decl":{"start":{"line":81,"column":16},"end":{"line":81,"column":17}},"loc":{"start":{"line":81,"column":22},"end":{"line":81,"column":55}},"line":81},"6":{"name":"(anonymous_6)","decl":{"start":{"line":82,"column":13},"end":{"line":82,"column":14}},"loc":{"start":{"line":82,"column":23},"end":{"line":82,"column":68}},"line":82},"7":{"name":"(anonymous_7)","decl":{"start":{"line":85,"column":11},"end":{"line":85,"column":12}},"loc":{"start":{"line":85,"column":38},"end":{"line":103,"column":5}},"line":85},"8":{"name":"(anonymous_8)","decl":{"start":{"line":106,"column":12},"end":{"line":106,"column":13}},"loc":{"start":{"line":106,"column":24},"end":{"line":118,"column":5}},"line":106},"9":{"name":"(anonymous_9)","decl":{"start":{"line":120,"column":13},"end":{"line":120,"column":14}},"loc":{"start":{"line":120,"column":19},"end":{"line":120,"column":49}},"line":120},"10":{"name":"(anonymous_10)","decl":{"start":{"line":123,"column":29},"end":{"line":123,"column":30}},"loc":{"start":{"line":123,"column":41},"end":{"line":137,"column":5}},"line":123},"11":{"name":"useUI","decl":{"start":{"line":148,"column":16},"end":{"line":148,"column":21}},"loc":{"start":{"line":148,"column":24},"end":{"line":154,"column":1}},"line":148}},"branchMap":{"0":{"loc":{"start":{"line":14,"column":2},"end":{"line":64,"column":3}},"type":"switch","locations":[{"start":{"line":15,"column":4},"end":{"line":16,"column":53}},{"start":{"line":18,"column":4},"end":{"line":19,"column":49}},{"start":{"line":21,"column":4},"end":{"line":22,"column":39}},{"start":{"line":24,"column":4},"end":{"line":32,"column":8}},{"start":{"line":34,"column":4},"end":{"line":41,"column":8}},{"start":{"line":43,"column":4},"end":{"line":48,"column":8}},{"start":{"line":50,"column":4},"end":{"line":57,"column":8}},{"start":{"line":59,"column":4},"end":{"line":60,"column":33}},{"start":{"line":62,"column":4},"end":{"line":63,"column":19}}],"line":14},"1":{"loc":{"start":{"line":73,"column":4},"end":{"line":75,"column":5}},"type":"if","locations":[{"start":{"line":73,"column":4},"end":{"line":75,"column":5}},{"start":{},"end":{}}],"line":73},"2":{"loc":{"start":{"line":150,"column":2},"end":{"line":152,"column":3}},"type":"if","locations":[{"start":{"line":150,"column":2},"end":{"line":152,"column":3}},{"start":{},"end":{}}],"line":150}},"s":{"0":0,"1":0,"2":0,"3":0,"4":0,"5":0,"6":0,"7":0,"8":0,"9":0,"10":0,"11":0,"12":0,"13":0,"14":0,"15":0,"16":0,"17":0,"18":0,"19":0,"20":0,"21":0,"22":0,"23":0,"24":0,"25":0,"26":0,"27":0,"28":0,"29":0,"30":0,"31":0,"32":0,"33":0,"34":0,"35":0,"36":0,"37":0,"38":0,"39":0,"40":0,"41":0,"42":0,"43":0,"44":0,"45":0,"46":0,"47":0,"48":0,"49":0,"50":0,"51":0,"52":0,"53":0,"54":0},"f":{"0":0,"1":0,"2":0,"3":0,"4":0,"5":0,"6":0,"7":0,"8":0,"9":0,"10":0,"11":0},"b":{"0":[0,0,0,0,0,0,0,0,0],"1":[0,0],"2":[0,0]}}
,"/Users/kimjiho/Desktop/프로젝트/CoDiYoung/src/feature/MainHome/HomePage.jsx": {"path":"/Users/kimjiho/Desktop/프로젝트/CoDiYoung/src/feature/MainHome/HomePage.jsx","statementMap":{"0":{"start":{"line":8,"column":2},"end":{"line":43,"column":4}},"1":{"start":{"line":38,"column":61},"end":{"line":38,"column":84}}},"fnMap":{"0":{"name":"HomePage","decl":{"start":{"line":7,"column":24},"end":{"line":7,"column":32}},"loc":{"start":{"line":7,"column":35},"end":{"line":44,"column":1}},"line":7},"1":{"name":"(anonymous_1)","decl":{"start":{"line":38,"column":51},"end":{"line":38,"column":52}},"loc":{"start":{"line":38,"column":61},"end":{"line":38,"column":84}},"line":38}},"branchMap":{},"s":{"0":0,"1":0},"f":{"0":0,"1":0},"b":{}}
,"/Users/kimjiho/Desktop/프로젝트/CoDiYoung/src/feature/MainHome/Partners.jsx": {"path":"/Users/kimjiho/Desktop/프로젝트/CoDiYoung/src/feature/MainHome/Partners.jsx","statementMap":{"0":{"start":{"line":5,"column":2},"end":{"line":25,"column":4}},"1":{"start":{"line":11,"column":8},"end":{"line":22,"column":14}}},"fnMap":{"0":{"name":"Partners","decl":{"start":{"line":4,"column":24},"end":{"line":4,"column":32}},"loc":{"start":{"line":4,"column":49},"end":{"line":26,"column":1}},"line":4},"1":{"name":"(anonymous_1)","decl":{"start":{"line":10,"column":17},"end":{"line":10,"column":18}},"loc":{"start":{"line":11,"column":8},"end":{"line":22,"column":14}},"line":11}},"branchMap":{"0":{"loc":{"start":{"line":4,"column":35},"end":{"line":4,"column":45}},"type":"default-arg","locations":[{"start":{"line":4,"column":43},"end":{"line":4,"column":45}}],"line":4}},"s":{"0":0,"1":0},"f":{"0":0,"1":0},"b":{"0":[0]}}
,"/Users/kimjiho/Desktop/프로젝트/CoDiYoung/src/feature/MainHome/ProjectSection.jsx": {"path":"/Users/kimjiho/Desktop/프로젝트/CoDiYoung/src/feature/MainHome/ProjectSection.jsx","statementMap":{"0":{"start":{"line":19,"column":23},"end":{"line":19,"column":39}},"1":{"start":{"line":22,"column":67},"end":{"line":22,"column":97}},"2":{"start":{"line":32,"column":6},"end":{"line":32,"column":23}},"3":{"start":{"line":35,"column":26},"end":{"line":35,"column":76}},"4":{"start":{"line":37,"column":14},"end":{"line":37,"column":37}},"5":{"start":{"line":39,"column":2},"end":{"line":110,"column":4}},"6":{"start":{"line":83,"column":26},"end":{"line":83,"column":75}},"7":{"start":{"line":85,"column":10},"end":{"line":93,"column":12}}},"fnMap":{"0":{"name":"ProjectSection","decl":{"start":{"line":14,"column":24},"end":{"line":14,"column":38}},"loc":{"start":{"line":17,"column":3},"end":{"line":111,"column":1}},"line":17},"1":{"name":"(anonymous_1)","decl":{"start":{"line":81,"column":47},"end":{"line":81,"column":48}},"loc":{"start":{"line":81,"column":57},"end":{"line":94,"column":9}},"line":81}},"branchMap":{"0":{"loc":{"start":{"line":15,"column":2},"end":{"line":15,"column":40}},"type":"default-arg","locations":[{"start":{"line":15,"column":10},"end":{"line":15,"column":40}}],"line":15},"1":{"loc":{"start":{"line":16,"column":2},"end":{"line":16,"column":43}},"type":"default-arg","locations":[{"start":{"line":16,"column":14},"end":{"line":16,"column":43}}],"line":16},"2":{"loc":{"start":{"line":83,"column":26},"end":{"line":83,"column":75}},"type":"cond-expr","locations":[{"start":{"line":83,"column":57},"end":{"line":83,"column":68}},{"start":{"line":83,"column":71},"end":{"line":83,"column":75}}],"line":83},"3":{"loc":{"start":{"line":83,"column":26},"end":{"line":83,"column":54}},"type":"binary-expr","locations":[{"start":{"line":83,"column":26},"end":{"line":83,"column":39}},{"start":{"line":83,"column":43},"end":{"line":83,"column":54}}],"line":83}},"s":{"0":0,"1":0,"2":0,"3":0,"4":0,"5":0,"6":0,"7":0},"f":{"0":0,"1":0},"b":{"0":[0],"1":[0],"2":[0,0],"3":[0,0]}}
,"/Users/kimjiho/Desktop/프로젝트/CoDiYoung/src/feature/MainHome/StudyCategory.jsx": {"path":"/Users/kimjiho/Desktop/프로젝트/CoDiYoung/src/feature/MainHome/StudyCategory.jsx","statementMap":{"0":{"start":{"line":9,"column":16},"end":{"line":9,"column":24}},"1":{"start":{"line":10,"column":15},"end":{"line":14,"column":3}},"2":{"start":{"line":17,"column":35},"end":{"line":17,"column":74}},"3":{"start":{"line":20,"column":52},"end":{"line":20,"column":72}},"4":{"start":{"line":23,"column":32},"end":{"line":23,"column":51}},"5":{"start":{"line":25,"column":2},"end":{"line":87,"column":4}},"6":{"start":{"line":34,"column":13},"end":{"line":34,"column":61}},"7":{"start":{"line":36,"column":32},"end":{"line":36,"column":78}},"8":{"start":{"line":43,"column":47},"end":{"line":43,"column":73}},"9":{"start":{"line":45,"column":8},"end":{"line":84,"column":10}},"10":{"start":{"line":69,"column":32},"end":{"line":69,"column":53}},"11":{"start":{"line":71,"column":14},"end":{"line":80,"column":16}}},"fnMap":{"0":{"name":"StudyCategory","decl":{"start":{"line":8,"column":24},"end":{"line":8,"column":37}},"loc":{"start":{"line":8,"column":40},"end":{"line":88,"column":1}},"line":8},"1":{"name":"(anonymous_1)","decl":{"start":{"line":33,"column":24},"end":{"line":33,"column":25}},"loc":{"start":{"line":34,"column":13},"end":{"line":34,"column":61}},"line":34},"2":{"name":"(anonymous_2)","decl":{"start":{"line":36,"column":24},"end":{"line":36,"column":25}},"loc":{"start":{"line":36,"column":32},"end":{"line":36,"column":78}},"line":36},"3":{"name":"(anonymous_3)","decl":{"start":{"line":42,"column":16},"end":{"line":42,"column":17}},"loc":{"start":{"line":42,"column":23},"end":{"line":85,"column":7}},"line":42},"4":{"name":"(anonymous_4)","decl":{"start":{"line":68,"column":49},"end":{"line":68,"column":50}},"loc":{"start":{"line":68,"column":59},"end":{"line":81,"column":13}},"line":68}},"branchMap":{},"s":{"0":0,"1":0,"2":0,"3":0,"4":0,"5":0,"6":0,"7":0,"8":0,"9":0,"10":0,"11":0},"f":{"0":0,"1":0,"2":0,"3":0,"4":0},"b":{}}
,"/Users/kimjiho/Desktop/프로젝트/CoDiYoung/src/feature/MainHome/components/CategoryCard.jsx": {"path":"/Users/kimjiho/Desktop/프로젝트/CoDiYoung/src/feature/MainHome/components/CategoryCard.jsx","statementMap":{"0":{"start":{"line":10,"column":2},"end":{"line":37,"column":4}},"1":{"start":{"line":13,"column":21},"end":{"line":13,"column":43}},"2":{"start":{"line":20,"column":9},"end":{"line":20,"column":66}},"3":{"start":{"line":22,"column":22},"end":{"line":22,"column":55}}},"fnMap":{"0":{"name":"CategoryCard","decl":{"start":{"line":3,"column":24},"end":{"line":3,"column":36}},"loc":{"start":{"line":9,"column":3},"end":{"line":38,"column":1}},"line":9},"1":{"name":"(anonymous_1)","decl":{"start":{"line":13,"column":15},"end":{"line":13,"column":16}},"loc":{"start":{"line":13,"column":21},"end":{"line":13,"column":43}},"line":13},"2":{"name":"(anonymous_2)","decl":{"start":{"line":19,"column":15},"end":{"line":19,"column":16}},"loc":{"start":{"line":20,"column":9},"end":{"line":20,"column":66}},"line":20},"3":{"name":"(anonymous_3)","decl":{"start":{"line":22,"column":14},"end":{"line":22,"column":15}},"loc":{"start":{"line":22,"column":22},"end":{"line":22,"column":55}},"line":22}},"branchMap":{"0":{"loc":{"start":{"line":25,"column":7},"end":{"line":35,"column":7}},"type":"cond-expr","locations":[{"start":{"line":26,"column":8},"end":{"line":30,"column":10}},{"start":{"line":32,"column":8},"end":{"line":34,"column":14}}],"line":25},"1":{"loc":{"start":{"line":33,"column":11},"end":{"line":33,"column":45}},"type":"cond-expr","locations":[{"start":{"line":33,"column":23},"end":{"line":33,"column":35}},{"start":{"line":33,"column":38},"end":{"line":33,"column":45}}],"line":33}},"s":{"0":11,"1":1,"2":1,"3":1},"f":{"0":11,"1":1,"2":1,"3":1},"b":{"0":[7,4],"1":[1,3]},"_coverageSchema":"1a1c01bbd47fc00a2c39e90264f33305004495a9","hash":"57d0c2856482b30fb4920d3b71826c5fae5eb2a9"}
,"/Users/kimjiho/Desktop/프로젝트/CoDiYoung/src/feature/MainHome/components/ProjectCard.jsx": {"path":"/Users/kimjiho/Desktop/프로젝트/CoDiYoung/src/feature/MainHome/components/ProjectCard.jsx","statementMap":{"0":{"start":{"line":12,"column":27},"end":{"line":12,"column":79}},"1":{"start":{"line":13,"column":20},"end":{"line":13,"column":45}},"2":{"start":{"line":15,"column":2},"end":{"line":51,"column":4}},"3":{"start":{"line":20,"column":26},"end":{"line":20,"column":49}},"4":{"start":{"line":28,"column":23},"end":{"line":28,"column":44}}},"fnMap":{"0":{"name":"ProjectCard","decl":{"start":{"line":6,"column":24},"end":{"line":6,"column":35}},"loc":{"start":{"line":11,"column":3},"end":{"line":52,"column":1}},"line":11},"1":{"name":"(anonymous_1)","decl":{"start":{"line":20,"column":19},"end":{"line":20,"column":20}},"loc":{"start":{"line":20,"column":26},"end":{"line":20,"column":49}},"line":20},"2":{"name":"(anonymous_2)","decl":{"start":{"line":28,"column":17},"end":{"line":28,"column":18}},"loc":{"start":{"line":28,"column":23},"end":{"line":28,"column":44}},"line":28}},"branchMap":{"0":{"loc":{"start":{"line":30,"column":20},"end":{"line":30,"column":82}},"type":"cond-expr","locations":[{"start":{"line":30,"column":30},"end":{"line":30,"column":54}},{"start":{"line":30,"column":57},"end":{"line":30,"column":82}}],"line":30},"1":{"loc":{"start":{"line":40,"column":7},"end":{"line":49,"column":7}},"type":"binary-expr","locations":[{"start":{"line":40,"column":7},"end":{"line":40,"column":14}},{"start":{"line":41,"column":8},"end":{"line":48,"column":14}}],"line":40},"2":{"loc":{"start":{"line":46,"column":13},"end":{"line":46,"column":42}},"type":"binary-expr","locations":[{"start":{"line":46,"column":13},"end":{"line":46,"column":27}},{"start":{"line":46,"column":31},"end":{"line":46,"column":42}}],"line":46}},"s":{"0":14,"1":14,"2":14,"3":1,"4":1},"f":{"0":14,"1":1,"2":1},"b":{"0":[12,2],"1":[14,12],"2":[12,1]},"_coverageSchema":"1a1c01bbd47fc00a2c39e90264f33305004495a9","hash":"bceac4bf01ecf683cde373de7b35b001108706a8"}
,"/Users/kimjiho/Desktop/프로젝트/CoDiYoung/src/feature/MainHome/components/ProjectDetailModal.jsx": {"path":"/Users/kimjiho/Desktop/프로젝트/CoDiYoung/src/feature/MainHome/components/ProjectDetailModal.jsx","statementMap":{"0":{"start":{"line":10,"column":19},"end":{"line":10,"column":32}},"1":{"start":{"line":13,"column":29},"end":{"line":13,"column":66}},"2":{"start":{"line":15,"column":24},"end":{"line":18,"column":3}},"3":{"start":{"line":16,"column":4},"end":{"line":16,"column":45}},"4":{"start":{"line":17,"column":4},"end":{"line":17,"column":14}},"5":{"start":{"line":21,"column":22},"end":{"line":21,"column":48}},"6":{"start":{"line":22,"column":19},"end":{"line":25,"column":3}},"7":{"start":{"line":27,"column":2},"end":{"line":73,"column":4}}},"fnMap":{"0":{"name":"ProjectDetailModal","decl":{"start":{"line":9,"column":24},"end":{"line":9,"column":42}},"loc":{"start":{"line":9,"column":78},"end":{"line":74,"column":1}},"line":9},"1":{"name":"(anonymous_1)","decl":{"start":{"line":15,"column":24},"end":{"line":15,"column":25}},"loc":{"start":{"line":15,"column":30},"end":{"line":18,"column":3}},"line":15}},"branchMap":{"0":{"loc":{"start":{"line":23,"column":14},"end":{"line":23,"column":66}},"type":"binary-expr","locations":[{"start":{"line":23,"column":14},"end":{"line":23,"column":37}},{"start":{"line":23,"column":41},"end":{"line":23,"column":66}}],"line":23},"1":{"loc":{"start":{"line":24,"column":15},"end":{"line":24,"column":45}},"type":"binary-expr","locations":[{"start":{"line":24,"column":15},"end":{"line":24,"column":39}},{"start":{"line":24,"column":43},"end":{"line":24,"column":45}}],"line":24}},"s":{"0":14,"1":14,"2":14,"3":3,"4":3,"5":14,"6":14,"7":14},"f":{"0":14,"1":3},"b":{"0":[14,0],"1":[14,0]},"_coverageSchema":"1a1c01bbd47fc00a2c39e90264f33305004495a9","hash":"eecad98d3c0bc3abdd708c20e12a899d33f1650e"}
,"/Users/kimjiho/Desktop/프로젝트/CoDiYoung/src/feature/MainHome/components/ScrollArrowButton.jsx": {"path":"/Users/kimjiho/Desktop/프로젝트/CoDiYoung/src/feature/MainHome/components/ScrollArrowButton.jsx","statementMap":{"0":{"start":{"line":11,"column":17},"end":{"line":11,"column":32}},"1":{"start":{"line":12,"column":21},"end":{"line":12,"column":48}},"2":{"start":{"line":14,"column":27},"end":{"line":14,"column":76}},"3":{"start":{"line":16,"column":2},"end":{"line":37,"column":4}},"4":{"start":{"line":19,"column":21},"end":{"line":19,"column":71}}},"fnMap":{"0":{"name":"ScrollArrowButton","decl":{"start":{"line":5,"column":24},"end":{"line":5,"column":41}},"loc":{"start":{"line":10,"column":3},"end":{"line":38,"column":1}},"line":10},"1":{"name":"(anonymous_1)","decl":{"start":{"line":19,"column":15},"end":{"line":19,"column":16}},"loc":{"start":{"line":19,"column":21},"end":{"line":19,"column":71}},"line":19}},"branchMap":{"0":{"loc":{"start":{"line":12,"column":21},"end":{"line":12,"column":48}},"type":"binary-expr","locations":[{"start":{"line":12,"column":21},"end":{"line":12,"column":29}},{"start":{"line":12,"column":33},"end":{"line":12,"column":48}}],"line":12},"1":{"loc":{"start":{"line":19,"column":21},"end":{"line":19,"column":71}},"type":"binary-expr","locations":[{"start":{"line":19,"column":21},"end":{"line":19,"column":32}},{"start":{"line":19,"column":36},"end":{"line":19,"column":71}}],"line":19},"2":{"loc":{"start":{"line":19,"column":45},"end":{"line":19,"column":70}},"type":"cond-expr","locations":[{"start":{"line":19,"column":54},"end":{"line":19,"column":60}},{"start":{"line":19,"column":63},"end":{"line":19,"column":70}}],"line":19},"3":{"loc":{"start":{"line":20,"column":29},"end":{"line":20,"column":58}},"type":"cond-expr","locations":[{"start":{"line":20,"column":38},"end":{"line":20,"column":46}},{"start":{"line":20,"column":49},"end":{"line":20,"column":58}}],"line":20},"4":{"loc":{"start":{"line":25,"column":17},"end":{"line":25,"column":37}},"type":"cond-expr","locations":[{"start":{"line":25,"column":30},"end":{"line":25,"column":33}},{"start":{"line":25,"column":36},"end":{"line":25,"column":37}}],"line":25},"5":{"loc":{"start":{"line":27,"column":11},"end":{"line":27,"column":42}},"type":"binary-expr","locations":[{"start":{"line":27,"column":11},"end":{"line":27,"column":22}},{"start":{"line":27,"column":26},"end":{"line":27,"column":42}}],"line":27},"6":{"loc":{"start":{"line":28,"column":18},"end":{"line":28,"column":54}},"type":"cond-expr","locations":[{"start":{"line":28,"column":27},"end":{"line":28,"column":39}},{"start":{"line":28,"column":42},"end":{"line":28,"column":54}}],"line":28},"7":{"loc":{"start":{"line":31,"column":7},"end":{"line":35,"column":7}},"type":"cond-expr","locations":[{"start":{"line":32,"column":8},"end":{"line":32,"column":82}},{"start":{"line":34,"column":8},"end":{"line":34,"column":83}}],"line":31}},"s":{"0":16,"1":16,"2":16,"3":16,"4":3},"f":{"0":16,"1":3},"b":{"0":[16,14],"1":[3,3],"2":[1,2],"3":[11,5],"4":[4,12],"5":[16,12],"6":[11,5],"7":[11,5]},"_coverageSchema":"1a1c01bbd47fc00a2c39e90264f33305004495a9","hash":"20ac5bb0841391c1a56ab1fb47bb97cc9d837e6d"}
,"/Users/kimjiho/Desktop/프로젝트/CoDiYoung/src/feature/MainHome/hooks/useCategoryConfig.js": {"path":"/Users/kimjiho/Desktop/프로젝트/CoDiYoung/src/feature/MainHome/hooks/useCategoryConfig.js","statementMap":{"0":{"start":{"line":4,"column":28},"end":{"line":6,"column":3}},"1":{"start":{"line":5,"column":4},"end":{"line":5,"column":67}},"2":{"start":{"line":8,"column":2},"end":{"line":10,"column":4}}},"fnMap":{"0":{"name":"useCategoryConfig","decl":{"start":{"line":3,"column":16},"end":{"line":3,"column":33}},"loc":{"start":{"line":3,"column":36},"end":{"line":11,"column":1}},"line":3},"1":{"name":"(anonymous_1)","decl":{"start":{"line":4,"column":28},"end":{"line":4,"column":29}},"loc":{"start":{"line":4,"column":39},"end":{"line":6,"column":3}},"line":4}},"branchMap":{"0":{"loc":{"start":{"line":5,"column":11},"end":{"line":5,"column":66}},"type":"binary-expr","locations":[{"start":{"line":5,"column":11},"end":{"line":5,"column":39}},{"start":{"line":5,"column":43},"end":{"line":5,"column":66}}],"line":5}},"s":{"0":0,"1":0,"2":0},"f":{"0":0,"1":0},"b":{"0":[0,0]}}
,"/Users/kimjiho/Desktop/프로젝트/CoDiYoung/src/feature/MainHome/hooks/useProjectData.js": {"path":"/Users/kimjiho/Desktop/프로젝트/CoDiYoung/src/feature/MainHome/hooks/useProjectData.js","statementMap":{"0":{"start":{"line":5,"column":34},"end":{"line":5,"column":46}},"1":{"start":{"line":6,"column":36},"end":{"line":6,"column":51}},"2":{"start":{"line":7,"column":28},"end":{"line":7,"column":42}},"3":{"start":{"line":9,"column":2},"end":{"line":29,"column":9}},"4":{"start":{"line":10,"column":26},"end":{"line":26,"column":5}},"5":{"start":{"line":11,"column":6},"end":{"line":11,"column":33}},"6":{"start":{"line":11,"column":26},"end":{"line":11,"column":33}},"7":{"start":{"line":13,"column":6},"end":{"line":25,"column":7}},"8":{"start":{"line":14,"column":8},"end":{"line":14,"column":27}},"9":{"start":{"line":15,"column":8},"end":{"line":15,"column":23}},"10":{"start":{"line":16,"column":25},"end":{"line":16,"column":66}},"11":{"start":{"line":17,"column":8},"end":{"line":17,"column":52}},"12":{"start":{"line":18,"column":8},"end":{"line":18,"column":36}},"13":{"start":{"line":20,"column":8},"end":{"line":20,"column":44}},"14":{"start":{"line":21,"column":8},"end":{"line":21,"column":24}},"15":{"start":{"line":22,"column":8},"end":{"line":22,"column":24}},"16":{"start":{"line":24,"column":8},"end":{"line":24,"column":28}},"17":{"start":{"line":28,"column":4},"end":{"line":28,"column":20}},"18":{"start":{"line":31,"column":2},"end":{"line":35,"column":4}}},"fnMap":{"0":{"name":"useProjectData","decl":{"start":{"line":4,"column":16},"end":{"line":4,"column":30}},"loc":{"start":{"line":4,"column":33},"end":{"line":36,"column":1}},"line":4},"1":{"name":"(anonymous_1)","decl":{"start":{"line":9,"column":12},"end":{"line":9,"column":13}},"loc":{"start":{"line":9,"column":18},"end":{"line":29,"column":3}},"line":9},"2":{"name":"(anonymous_2)","decl":{"start":{"line":10,"column":26},"end":{"line":10,"column":27}},"loc":{"start":{"line":10,"column":38},"end":{"line":26,"column":5}},"line":10}},"branchMap":{"0":{"loc":{"start":{"line":11,"column":6},"end":{"line":11,"column":33}},"type":"if","locations":[{"start":{"line":11,"column":6},"end":{"line":11,"column":33}},{"start":{},"end":{}}],"line":11},"1":{"loc":{"start":{"line":18,"column":20},"end":{"line":18,"column":34}},"type":"binary-expr","locations":[{"start":{"line":18,"column":20},"end":{"line":18,"column":28}},{"start":{"line":18,"column":32},"end":{"line":18,"column":34}}],"line":18}},"s":{"0":17,"1":17,"2":17,"3":17,"4":6,"5":6,"6":0,"7":6,"8":6,"9":6,"10":6,"11":6,"12":6,"13":0,"14":0,"15":0,"16":6,"17":6,"18":17},"f":{"0":17,"1":6,"2":6},"b":{"0":[0,6],"1":[6,0]},"_coverageSchema":"1a1c01bbd47fc00a2c39e90264f33305004495a9","hash":"698eec75eb2d9a42d1634464b8f01b26ff1d8349"}
,"/Users/kimjiho/Desktop/프로젝트/CoDiYoung/src/feature/MainHome/hooks/useProjectModal.js": {"path":"/Users/kimjiho/Desktop/프로젝트/CoDiYoung/src/feature/MainHome/hooks/useProjectModal.js","statementMap":{"0":{"start":{"line":6,"column":19},"end":{"line":6,"column":32}},"1":{"start":{"line":7,"column":40},"end":{"line":7,"column":55}},"2":{"start":{"line":8,"column":58},"end":{"line":8,"column":69}},"3":{"start":{"line":10,"column":29},"end":{"line":13,"column":3}},"4":{"start":{"line":11,"column":4},"end":{"line":11,"column":35}},"5":{"start":{"line":12,"column":4},"end":{"line":12,"column":25}},"6":{"start":{"line":15,"column":21},"end":{"line":17,"column":3}},"7":{"start":{"line":16,"column":4},"end":{"line":16,"column":26}},"8":{"start":{"line":19,"column":26},"end":{"line":21,"column":3}},"9":{"start":{"line":20,"column":4},"end":{"line":20,"column":30}},"10":{"start":{"line":23,"column":24},"end":{"line":28,"column":3}},"11":{"start":{"line":24,"column":4},"end":{"line":27,"column":5}},"12":{"start":{"line":25,"column":6},"end":{"line":25,"column":25}},"13":{"start":{"line":26,"column":6},"end":{"line":26,"column":32}},"14":{"start":{"line":30,"column":2},"end":{"line":37,"column":4}}},"fnMap":{"0":{"name":"useProjectModal","decl":{"start":{"line":5,"column":16},"end":{"line":5,"column":31}},"loc":{"start":{"line":5,"column":34},"end":{"line":38,"column":1}},"line":5},"1":{"name":"(anonymous_1)","decl":{"start":{"line":10,"column":29},"end":{"line":10,"column":30}},"loc":{"start":{"line":10,"column":40},"end":{"line":13,"column":3}},"line":10},"2":{"name":"(anonymous_2)","decl":{"start":{"line":15,"column":21},"end":{"line":15,"column":22}},"loc":{"start":{"line":15,"column":27},"end":{"line":17,"column":3}},"line":15},"3":{"name":"(anonymous_3)","decl":{"start":{"line":19,"column":26},"end":{"line":19,"column":27}},"loc":{"start":{"line":19,"column":32},"end":{"line":21,"column":3}},"line":19},"4":{"name":"(anonymous_4)","decl":{"start":{"line":23,"column":24},"end":{"line":23,"column":25}},"loc":{"start":{"line":23,"column":38},"end":{"line":28,"column":3}},"line":23}},"branchMap":{"0":{"loc":{"start":{"line":24,"column":4},"end":{"line":27,"column":5}},"type":"if","locations":[{"start":{"line":24,"column":4},"end":{"line":27,"column":5}},{"start":{},"end":{}}],"line":24},"1":{"loc":{"start":{"line":24,"column":8},"end":{"line":24,"column":42}},"type":"binary-expr","locations":[{"start":{"line":24,"column":8},"end":{"line":24,"column":25}},{"start":{"line":24,"column":29},"end":{"line":24,"column":42}}],"line":24}},"s":{"0":24,"1":0,"2":0,"3":0,"4":0,"5":0,"6":0,"7":0,"8":0,"9":0,"10":0,"11":0,"12":0,"13":0,"14":0},"f":{"0":24,"1":0,"2":0,"3":0,"4":0},"b":{"0":[0,0],"1":[0,0]},"_coverageSchema":"1a1c01bbd47fc00a2c39e90264f33305004495a9","hash":"54c237ff41401b906b63cb402f8b406a4cd6368c"}
,"/Users/kimjiho/Desktop/프로젝트/CoDiYoung/src/feature/MainHome/hooks/useScrollNavigation.js": {"path":"/Users/kimjiho/Desktop/프로젝트/CoDiYoung/src/feature/MainHome/hooks/useScrollNavigation.js","statementMap":{"0":{"start":{"line":5,"column":20},"end":{"line":5,"column":32}},"1":{"start":{"line":6,"column":40},"end":{"line":6,"column":51}},"2":{"start":{"line":8,"column":23},"end":{"line":8,"column":57}},"3":{"start":{"line":9,"column":21},"end":{"line":9,"column":69}},"4":{"start":{"line":11,"column":20},"end":{"line":11,"column":45}},"5":{"start":{"line":12,"column":14},"end":{"line":12,"column":37}},"6":{"start":{"line":13,"column":23},"end":{"line":13,"column":38}},"7":{"start":{"line":15,"column":17},"end":{"line":38,"column":32}},"8":{"start":{"line":16,"column":22},"end":{"line":16,"column":39}},"9":{"start":{"line":17,"column":4},"end":{"line":17,"column":27}},"10":{"start":{"line":17,"column":20},"end":{"line":17,"column":27}},"11":{"start":{"line":19,"column":22},"end":{"line":19,"column":67}},"12":{"start":{"line":21,"column":4},"end":{"line":37,"column":5}},"13":{"start":{"line":22,"column":6},"end":{"line":28,"column":7}},"14":{"start":{"line":23,"column":8},"end":{"line":23,"column":68}},"15":{"start":{"line":24,"column":8},"end":{"line":24,"column":35}},"16":{"start":{"line":26,"column":8},"end":{"line":26,"column":72}},"17":{"start":{"line":27,"column":8},"end":{"line":27,"column":56}},"18":{"start":{"line":27,"column":33},"end":{"line":27,"column":54}},"19":{"start":{"line":30,"column":6},"end":{"line":36,"column":7}},"20":{"start":{"line":31,"column":8},"end":{"line":31,"column":60}},"21":{"start":{"line":32,"column":8},"end":{"line":32,"column":26}},"22":{"start":{"line":34,"column":8},"end":{"line":34,"column":71}},"23":{"start":{"line":35,"column":8},"end":{"line":35,"column":65}},"24":{"start":{"line":35,"column":33},"end":{"line":35,"column":63}},"25":{"start":{"line":41,"column":19},"end":{"line":46,"column":3}},"26":{"start":{"line":42,"column":22},"end":{"line":42,"column":39}},"27":{"start":{"line":43,"column":4},"end":{"line":43,"column":27}},"28":{"start":{"line":43,"column":20},"end":{"line":43,"column":27}},"29":{"start":{"line":44,"column":17},"end":{"line":44,"column":68}},"30":{"start":{"line":45,"column":4},"end":{"line":45,"column":60}},"31":{"start":{"line":48,"column":2},"end":{"line":54,"column":4}}},"fnMap":{"0":{"name":"useScrollNavigation","decl":{"start":{"line":4,"column":16},"end":{"line":4,"column":35}},"loc":{"start":{"line":4,"column":47},"end":{"line":55,"column":1}},"line":4},"1":{"name":"(anonymous_1)","decl":{"start":{"line":15,"column":29},"end":{"line":15,"column":30}},"loc":{"start":{"line":15,"column":44},"end":{"line":38,"column":3}},"line":15},"2":{"name":"(anonymous_2)","decl":{"start":{"line":27,"column":23},"end":{"line":27,"column":24}},"loc":{"start":{"line":27,"column":33},"end":{"line":27,"column":54}},"line":27},"3":{"name":"(anonymous_3)","decl":{"start":{"line":35,"column":23},"end":{"line":35,"column":24}},"loc":{"start":{"line":35,"column":33},"end":{"line":35,"column":63}},"line":35},"4":{"name":"(anonymous_4)","decl":{"start":{"line":41,"column":19},"end":{"line":41,"column":20}},"loc":{"start":{"line":41,"column":25},"end":{"line":46,"column":3}},"line":41}},"branchMap":{"0":{"loc":{"start":{"line":17,"column":4},"end":{"line":17,"column":27}},"type":"if","locations":[{"start":{"line":17,"column":4},"end":{"line":17,"column":27}},{"start":{},"end":{}}],"line":17},"1":{"loc":{"start":{"line":21,"column":4},"end":{"line":37,"column":5}},"type":"if","locations":[{"start":{"line":21,"column":4},"end":{"line":37,"column":5}},{"start":{"line":29,"column":11},"end":{"line":37,"column":5}}],"line":21},"2":{"loc":{"start":{"line":22,"column":6},"end":{"line":28,"column":7}},"type":"if","locations":[{"start":{"line":22,"column":6},"end":{"line":28,"column":7}},{"start":{"line":25,"column":13},"end":{"line":28,"column":7}}],"line":22},"3":{"loc":{"start":{"line":30,"column":6},"end":{"line":36,"column":7}},"type":"if","locations":[{"start":{"line":30,"column":6},"end":{"line":36,"column":7}},{"start":{"line":33,"column":13},"end":{"line":36,"column":7}}],"line":30},"4":{"loc":{"start":{"line":43,"column":4},"end":{"line":43,"column":27}},"type":"if","locations":[{"start":{"line":43,"column":4},"end":{"line":43,"column":27}},{"start":{},"end":{}}],"line":43}},"s":{"0":7,"1":7,"2":7,"3":7,"4":7,"5":7,"6":7,"7":7,"8":5,"9":5,"10":1,"11":4,"12":4,"13":0,"14":0,"15":0,"16":0,"17":0,"18":0,"19":4,"20":0,"21":0,"22":4,"23":0,"24":0,"25":7,"26":1,"27":1,"28":1,"29":0,"30":0,"31":7},"f":{"0":7,"1":5,"2":0,"3":0,"4":1},"b":{"0":[1,4],"1":[0,4],"2":[0,0],"3":[0,4],"4":[1,0]},"_coverageSchema":"1a1c01bbd47fc00a2c39e90264f33305004495a9","hash":"cdde9a05e8d90b39f9a7f3674d23c81e69312cd1"}
,"/Users/kimjiho/Desktop/프로젝트/CoDiYoung/src/feature/MainHome/hooks/useStudyNavigation.js": {"path":"/Users/kimjiho/Desktop/프로젝트/CoDiYoung/src/feature/MainHome/hooks/useStudyNavigation.js","statementMap":{"0":{"start":{"line":5,"column":19},"end":{"line":5,"column":32}},"1":{"start":{"line":7,"column":30},"end":{"line":9,"column":3}},"2":{"start":{"line":8,"column":4},"end":{"line":8,"column":72}},"3":{"start":{"line":11,"column":27},"end":{"line":13,"column":3}},"4":{"start":{"line":12,"column":4},"end":{"line":12,"column":27}},"5":{"start":{"line":15,"column":2},"end":{"line":18,"column":4}}},"fnMap":{"0":{"name":"useStudyNavigation","decl":{"start":{"line":4,"column":16},"end":{"line":4,"column":34}},"loc":{"start":{"line":4,"column":37},"end":{"line":19,"column":1}},"line":4},"1":{"name":"(anonymous_1)","decl":{"start":{"line":7,"column":30},"end":{"line":7,"column":31}},"loc":{"start":{"line":7,"column":44},"end":{"line":9,"column":3}},"line":7},"2":{"name":"(anonymous_2)","decl":{"start":{"line":11,"column":27},"end":{"line":11,"column":28}},"loc":{"start":{"line":11,"column":33},"end":{"line":13,"column":3}},"line":11}},"branchMap":{},"s":{"0":0,"1":0,"2":0,"3":0,"4":0,"5":0},"f":{"0":0,"1":0,"2":0},"b":{}}
,"/Users/kimjiho/Desktop/프로젝트/CoDiYoung/src/feature/MyProfile/AttendanceContent.jsx": {"path":"/Users/kimjiho/Desktop/프로젝트/CoDiYoung/src/feature/MyProfile/AttendanceContent.jsx","statementMap":{"0":{"start":{"line":9,"column":50},"end":{"line":9,"column":65}},"1":{"start":{"line":12,"column":29},"end":{"line":12,"column":66}},"2":{"start":{"line":14,"column":30},"end":{"line":16,"column":3}},"3":{"start":{"line":15,"column":4},"end":{"line":15,"column":30}},"4":{"start":{"line":18,"column":26},"end":{"line":20,"column":3}},"5":{"start":{"line":19,"column":4},"end":{"line":19,"column":31}},"6":{"start":{"line":22,"column":2},"end":{"line":53,"column":4}}},"fnMap":{"0":{"name":"AttendanceContent","decl":{"start":{"line":8,"column":24},"end":{"line":8,"column":41}},"loc":{"start":{"line":8,"column":44},"end":{"line":54,"column":1}},"line":8},"1":{"name":"(anonymous_1)","decl":{"start":{"line":14,"column":30},"end":{"line":14,"column":31}},"loc":{"start":{"line":14,"column":36},"end":{"line":16,"column":3}},"line":14},"2":{"name":"(anonymous_2)","decl":{"start":{"line":18,"column":26},"end":{"line":18,"column":27}},"loc":{"start":{"line":18,"column":32},"end":{"line":20,"column":3}},"line":18}},"branchMap":{},"s":{"0":0,"1":0,"2":0,"3":0,"4":0,"5":0,"6":0},"f":{"0":0,"1":0,"2":0},"b":{}}
,"/Users/kimjiho/Desktop/프로젝트/CoDiYoung/src/feature/MyProfile/AttendanceStars.jsx": {"path":"/Users/kimjiho/Desktop/프로젝트/CoDiYoung/src/feature/MyProfile/AttendanceStars.jsx","statementMap":{"0":{"start":{"line":5,"column":15},"end":{"line":5,"column":16}},"1":{"start":{"line":6,"column":15},"end":{"line":6,"column":17}},"2":{"start":{"line":7,"column":21},"end":{"line":7,"column":32}},"3":{"start":{"line":9,"column":46},"end":{"line":9,"column":58}},"4":{"start":{"line":10,"column":36},"end":{"line":10,"column":50}},"5":{"start":{"line":11,"column":42},"end":{"line":11,"column":88}},"6":{"start":{"line":14,"column":2},"end":{"line":16,"column":21}},"7":{"start":{"line":15,"column":4},"end":{"line":15,"column":25}},"8":{"start":{"line":18,"column":29},"end":{"line":28,"column":3}},"9":{"start":{"line":19,"column":4},"end":{"line":27,"column":5}},"10":{"start":{"line":20,"column":6},"end":{"line":20,"column":25}},"11":{"start":{"line":21,"column":19},"end":{"line":21,"column":73}},"12":{"start":{"line":22,"column":6},"end":{"line":22,"column":41}},"13":{"start":{"line":24,"column":6},"end":{"line":24,"column":28}},"14":{"start":{"line":26,"column":6},"end":{"line":26,"column":26}},"15":{"start":{"line":31,"column":26},"end":{"line":37,"column":3}},"16":{"start":{"line":32,"column":4},"end":{"line":32,"column":45}},"17":{"start":{"line":32,"column":32},"end":{"line":32,"column":45}},"18":{"start":{"line":35,"column":20},"end":{"line":35,"column":49}},"19":{"start":{"line":36,"column":4},"end":{"line":36,"column":38}},"20":{"start":{"line":39,"column":2},"end":{"line":45,"column":3}},"21":{"start":{"line":40,"column":4},"end":{"line":44,"column":6}},"22":{"start":{"line":47,"column":2},"end":{"line":82,"column":4}},"23":{"start":{"line":50,"column":8},"end":{"line":79,"column":14}},"24":{"start":{"line":52,"column":30},"end":{"line":52,"column":56}},"25":{"start":{"line":53,"column":30},"end":{"line":53,"column":43}},"26":{"start":{"line":54,"column":31},"end":{"line":54,"column":57}},"27":{"start":{"line":57,"column":31},"end":{"line":57,"column":65}},"28":{"start":{"line":59,"column":12},"end":{"line":77,"column":14}}},"fnMap":{"0":{"name":"AttendanceStars","decl":{"start":{"line":4,"column":24},"end":{"line":4,"column":39}},"loc":{"start":{"line":4,"column":42},"end":{"line":83,"column":1}},"line":4},"1":{"name":"(anonymous_1)","decl":{"start":{"line":14,"column":12},"end":{"line":14,"column":13}},"loc":{"start":{"line":14,"column":18},"end":{"line":16,"column":3}},"line":14},"2":{"name":"(anonymous_2)","decl":{"start":{"line":18,"column":29},"end":{"line":18,"column":30}},"loc":{"start":{"line":18,"column":41},"end":{"line":28,"column":3}},"line":18},"3":{"name":"(anonymous_3)","decl":{"start":{"line":31,"column":26},"end":{"line":31,"column":27}},"loc":{"start":{"line":31,"column":41},"end":{"line":37,"column":3}},"line":31},"4":{"name":"(anonymous_4)","decl":{"start":{"line":49,"column":40},"end":{"line":49,"column":41}},"loc":{"start":{"line":50,"column":8},"end":{"line":79,"column":14}},"line":50},"5":{"name":"(anonymous_5)","decl":{"start":{"line":51,"column":44},"end":{"line":51,"column":45}},"loc":{"start":{"line":51,"column":61},"end":{"line":78,"column":11}},"line":51}},"branchMap":{"0":{"loc":{"start":{"line":22,"column":24},"end":{"line":22,"column":39}},"type":"binary-expr","locations":[{"start":{"line":22,"column":24},"end":{"line":22,"column":33}},{"start":{"line":22,"column":37},"end":{"line":22,"column":39}}],"line":22},"1":{"loc":{"start":{"line":32,"column":4},"end":{"line":32,"column":45}},"type":"if","locations":[{"start":{"line":32,"column":4},"end":{"line":32,"column":45}},{"start":{},"end":{}}],"line":32},"2":{"loc":{"start":{"line":36,"column":11},"end":{"line":36,"column":37}},"type":"binary-expr","locations":[{"start":{"line":36,"column":11},"end":{"line":36,"column":18}},{"start":{"line":36,"column":22},"end":{"line":36,"column":37}}],"line":36},"3":{"loc":{"start":{"line":39,"column":2},"end":{"line":45,"column":3}},"type":"if","locations":[{"start":{"line":39,"column":2},"end":{"line":45,"column":3}},{"start":{},"end":{}}],"line":39},"4":{"loc":{"start":{"line":63,"column":18},"end":{"line":67,"column":52}},"type":"cond-expr","locations":[{"start":{"line":64,"column":22},"end":{"line":64,"column":63}},{"start":{"line":65,"column":22},"end":{"line":67,"column":52}}],"line":63},"5":{"loc":{"start":{"line":65,"column":22},"end":{"line":67,"column":52}},"type":"cond-expr","locations":[{"start":{"line":66,"column":22},"end":{"line":66,"column":52}},{"start":{"line":67,"column":22},"end":{"line":67,"column":52}}],"line":65},"6":{"loc":{"start":{"line":70,"column":18},"end":{"line":72,"column":109}},"type":"cond-expr","locations":[{"start":{"line":71,"column":22},"end":{"line":71,"column":34}},{"start":{"line":72,"column":22},"end":{"line":72,"column":109}}],"line":70},"7":{"loc":{"start":{"line":72,"column":82},"end":{"line":72,"column":107}},"type":"cond-expr","locations":[{"start":{"line":72,"column":95},"end":{"line":72,"column":99}},{"start":{"line":72,"column":102},"end":{"line":72,"column":107}}],"line":72}},"s":{"0":0,"1":0,"2":0,"3":0,"4":0,"5":0,"6":0,"7":0,"8":0,"9":0,"10":0,"11":0,"12":0,"13":0,"14":0,"15":0,"16":0,"17":0,"18":0,"19":0,"20":0,"21":0,"22":0,"23":0,"24":0,"25":0,"26":0,"27":0,"28":0},"f":{"0":0,"1":0,"2":0,"3":0,"4":0,"5":0},"b":{"0":[0,0],"1":[0,0],"2":[0,0],"3":[0,0],"4":[0,0],"5":[0,0],"6":[0,0],"7":[0,0]}}
,"/Users/kimjiho/Desktop/프로젝트/CoDiYoung/src/feature/MyProfile/MyProfileLayout.jsx": {"path":"/Users/kimjiho/Desktop/프로젝트/CoDiYoung/src/feature/MyProfile/MyProfileLayout.jsx","statementMap":{"0":{"start":{"line":11,"column":44},"end":{"line":11,"column":84}},"1":{"start":{"line":13,"column":30},"end":{"line":13,"column":68}},"2":{"start":{"line":13,"column":43},"end":{"line":13,"column":68}},"3":{"start":{"line":15,"column":24},"end":{"line":28,"column":3}},"4":{"start":{"line":16,"column":4},"end":{"line":27,"column":5}},"5":{"start":{"line":18,"column":8},"end":{"line":18,"column":34}},"6":{"start":{"line":20,"column":8},"end":{"line":20,"column":32}},"7":{"start":{"line":22,"column":8},"end":{"line":22,"column":34}},"8":{"start":{"line":24,"column":8},"end":{"line":24,"column":37}},"9":{"start":{"line":26,"column":8},"end":{"line":26,"column":34}},"10":{"start":{"line":30,"column":2},"end":{"line":43,"column":4}}},"fnMap":{"0":{"name":"MyProfileLayout","decl":{"start":{"line":10,"column":24},"end":{"line":10,"column":39}},"loc":{"start":{"line":10,"column":42},"end":{"line":44,"column":1}},"line":10},"1":{"name":"(anonymous_1)","decl":{"start":{"line":13,"column":30},"end":{"line":13,"column":31}},"loc":{"start":{"line":13,"column":43},"end":{"line":13,"column":68}},"line":13},"2":{"name":"(anonymous_2)","decl":{"start":{"line":15,"column":24},"end":{"line":15,"column":25}},"loc":{"start":{"line":15,"column":30},"end":{"line":28,"column":3}},"line":15}},"branchMap":{"0":{"loc":{"start":{"line":16,"column":4},"end":{"line":27,"column":5}},"type":"switch","locations":[{"start":{"line":17,"column":6},"end":{"line":18,"column":34}},{"start":{"line":19,"column":6},"end":{"line":20,"column":32}},{"start":{"line":21,"column":6},"end":{"line":22,"column":34}},{"start":{"line":23,"column":6},"end":{"line":24,"column":37}},{"start":{"line":25,"column":6},"end":{"line":26,"column":34}}],"line":16}},"s":{"0":0,"1":0,"2":0,"3":0,"4":0,"5":0,"6":0,"7":0,"8":0,"9":0,"10":0},"f":{"0":0,"1":0,"2":0},"b":{"0":[0,0,0,0,0]}}
,"/Users/kimjiho/Desktop/프로젝트/CoDiYoung/src/feature/MyProfile/ProfileSidebar.jsx": {"path":"/Users/kimjiho/Desktop/프로젝트/CoDiYoung/src/feature/MyProfile/ProfileSidebar.jsx","statementMap":{"0":{"start":{"line":6,"column":20},"end":{"line":11,"column":3}},"1":{"start":{"line":14,"column":29},"end":{"line":14,"column":66}},"2":{"start":{"line":16,"column":2},"end":{"line":50,"column":4}},"3":{"start":{"line":32,"column":10},"end":{"line":46,"column":19}},"4":{"start":{"line":34,"column":27},"end":{"line":34,"column":48}}},"fnMap":{"0":{"name":"ProfileSidebar","decl":{"start":{"line":5,"column":24},"end":{"line":5,"column":38}},"loc":{"start":{"line":5,"column":75},"end":{"line":51,"column":1}},"line":5},"1":{"name":"(anonymous_1)","decl":{"start":{"line":31,"column":23},"end":{"line":31,"column":24}},"loc":{"start":{"line":32,"column":10},"end":{"line":46,"column":19}},"line":32},"2":{"name":"(anonymous_2)","decl":{"start":{"line":34,"column":21},"end":{"line":34,"column":22}},"loc":{"start":{"line":34,"column":27},"end":{"line":34,"column":48}},"line":34}},"branchMap":{"0":{"loc":{"start":{"line":36,"column":31},"end":{"line":36,"column":86}},"type":"cond-expr","locations":[{"start":{"line":36,"column":56},"end":{"line":36,"column":70}},{"start":{"line":36,"column":73},"end":{"line":36,"column":86}}],"line":36},"1":{"loc":{"start":{"line":37,"column":21},"end":{"line":37,"column":70}},"type":"cond-expr","locations":[{"start":{"line":37,"column":46},"end":{"line":37,"column":53}},{"start":{"line":37,"column":56},"end":{"line":37,"column":70}}],"line":37},"2":{"loc":{"start":{"line":43,"column":17},"end":{"line":43,"column":61}},"type":"binary-expr","locations":[{"start":{"line":43,"column":17},"end":{"line":43,"column":39}},{"start":{"line":43,"column":43},"end":{"line":43,"column":61}}],"line":43}},"s":{"0":0,"1":0,"2":0,"3":0,"4":0},"f":{"0":0,"1":0,"2":0},"b":{"0":[0,0],"1":[0,0],"2":[0,0]}}
,"/Users/kimjiho/Desktop/프로젝트/CoDiYoung/src/feature/MyProfile/Profile/ProfileContent.jsx": {"path":"/Users/kimjiho/Desktop/프로젝트/CoDiYoung/src/feature/MyProfile/Profile/ProfileContent.jsx","statementMap":{"0":{"start":{"line":9,"column":50},"end":{"line":9,"column":57}},"1":{"start":{"line":11,"column":2},"end":{"line":14,"column":20}},"2":{"start":{"line":13,"column":4},"end":{"line":13,"column":18}},"3":{"start":{"line":16,"column":2},"end":{"line":24,"column":3}},"4":{"start":{"line":17,"column":4},"end":{"line":23,"column":6}},"5":{"start":{"line":26,"column":2},"end":{"line":34,"column":3}},"6":{"start":{"line":27,"column":4},"end":{"line":33,"column":6}},"7":{"start":{"line":36,"column":2},"end":{"line":44,"column":3}},"8":{"start":{"line":37,"column":4},"end":{"line":43,"column":6}},"9":{"start":{"line":46,"column":2},"end":{"line":65,"column":4}}},"fnMap":{"0":{"name":"ProfileContent","decl":{"start":{"line":8,"column":24},"end":{"line":8,"column":38}},"loc":{"start":{"line":8,"column":41},"end":{"line":66,"column":1}},"line":8},"1":{"name":"(anonymous_1)","decl":{"start":{"line":11,"column":12},"end":{"line":11,"column":13}},"loc":{"start":{"line":11,"column":18},"end":{"line":14,"column":3}},"line":11}},"branchMap":{"0":{"loc":{"start":{"line":16,"column":2},"end":{"line":24,"column":3}},"type":"if","locations":[{"start":{"line":16,"column":2},"end":{"line":24,"column":3}},{"start":{},"end":{}}],"line":16},"1":{"loc":{"start":{"line":26,"column":2},"end":{"line":34,"column":3}},"type":"if","locations":[{"start":{"line":26,"column":2},"end":{"line":34,"column":3}},{"start":{},"end":{}}],"line":26},"2":{"loc":{"start":{"line":36,"column":2},"end":{"line":44,"column":3}},"type":"if","locations":[{"start":{"line":36,"column":2},"end":{"line":44,"column":3}},{"start":{},"end":{}}],"line":36},"3":{"loc":{"start":{"line":55,"column":41},"end":{"line":55,"column":83}},"type":"binary-expr","locations":[{"start":{"line":55,"column":41},"end":{"line":55,"column":54}},{"start":{"line":55,"column":58},"end":{"line":55,"column":71}},{"start":{"line":55,"column":75},"end":{"line":55,"column":83}}],"line":55},"4":{"loc":{"start":{"line":56,"column":41},"end":{"line":56,"column":63}},"type":"binary-expr","locations":[{"start":{"line":56,"column":41},"end":{"line":56,"column":51}},{"start":{"line":56,"column":55},"end":{"line":56,"column":63}}],"line":56}},"s":{"0":0,"1":0,"2":0,"3":0,"4":0,"5":0,"6":0,"7":0,"8":0,"9":0},"f":{"0":0,"1":0},"b":{"0":[0,0],"1":[0,0],"2":[0,0],"3":[0,0,0],"4":[0,0]}}
,"/Users/kimjiho/Desktop/프로젝트/CoDiYoung/src/feature/MyProfile/Profile/ProfileField.jsx": {"path":"/Users/kimjiho/Desktop/프로젝트/CoDiYoung/src/feature/MyProfile/Profile/ProfileField.jsx","statementMap":{"0":{"start":{"line":8,"column":36},"end":{"line":8,"column":51}},"1":{"start":{"line":9,"column":38},"end":{"line":9,"column":53}},"2":{"start":{"line":11,"column":23},"end":{"line":13,"column":3}},"3":{"start":{"line":12,"column":4},"end":{"line":12,"column":34}},"4":{"start":{"line":12,"column":27},"end":{"line":12,"column":32}},"5":{"start":{"line":15,"column":2},"end":{"line":66,"column":4}},"6":{"start":{"line":33,"column":25},"end":{"line":33,"column":54}}},"fnMap":{"0":{"name":"ProfileField","decl":{"start":{"line":7,"column":24},"end":{"line":7,"column":36}},"loc":{"start":{"line":7,"column":55},"end":{"line":67,"column":1}},"line":7},"1":{"name":"(anonymous_1)","decl":{"start":{"line":11,"column":23},"end":{"line":11,"column":24}},"loc":{"start":{"line":11,"column":29},"end":{"line":13,"column":3}},"line":11},"2":{"name":"(anonymous_2)","decl":{"start":{"line":12,"column":17},"end":{"line":12,"column":18}},"loc":{"start":{"line":12,"column":27},"end":{"line":12,"column":32}},"line":12},"3":{"name":"(anonymous_3)","decl":{"start":{"line":33,"column":18},"end":{"line":33,"column":19}},"loc":{"start":{"line":33,"column":25},"end":{"line":33,"column":54}},"line":33}},"branchMap":{"0":{"loc":{"start":{"line":18,"column":4},"end":{"line":18,"column":31}},"type":"cond-expr","locations":[{"start":{"line":18,"column":16},"end":{"line":18,"column":22}},{"start":{"line":18,"column":25},"end":{"line":18,"column":31}}],"line":18},"1":{"loc":{"start":{"line":25,"column":3},"end":{"line":63,"column":3}},"type":"cond-expr","locations":[{"start":{"line":26,"column":4},"end":{"line":46,"column":10}},{"start":{"line":48,"column":4},"end":{"line":62,"column":10}}],"line":25},"2":{"loc":{"start":{"line":31,"column":14},"end":{"line":31,"column":52}},"type":"cond-expr","locations":[{"start":{"line":31,"column":33},"end":{"line":31,"column":43}},{"start":{"line":31,"column":46},"end":{"line":31,"column":52}}],"line":31}},"s":{"0":0,"1":0,"2":0,"3":0,"4":0,"5":0,"6":0},"f":{"0":0,"1":0,"2":0,"3":0},"b":{"0":[0,0],"1":[0,0],"2":[0,0]}}
,"/Users/kimjiho/Desktop/프로젝트/CoDiYoung/src/feature/MyProfile/Profile/ProfileImageSection.jsx": {"path":"/Users/kimjiho/Desktop/프로젝트/CoDiYoung/src/feature/MyProfile/Profile/ProfileImageSection.jsx","statementMap":{"0":{"start":{"line":7,"column":36},"end":{"line":7,"column":51}},"1":{"start":{"line":8,"column":34},"end":{"line":8,"column":48}},"2":{"start":{"line":10,"column":23},"end":{"line":12,"column":3}},"3":{"start":{"line":11,"column":4},"end":{"line":11,"column":34}},"4":{"start":{"line":11,"column":27},"end":{"line":11,"column":32}},"5":{"start":{"line":14,"column":2},"end":{"line":55,"column":4}},"6":{"start":{"line":27,"column":29},"end":{"line":27,"column":56}},"7":{"start":{"line":33,"column":28},"end":{"line":33,"column":71}},"8":{"start":{"line":34,"column":27},"end":{"line":34,"column":71}}},"fnMap":{"0":{"name":"ProfileImageSection","decl":{"start":{"line":6,"column":24},"end":{"line":6,"column":43}},"loc":{"start":{"line":6,"column":46},"end":{"line":56,"column":1}},"line":6},"1":{"name":"(anonymous_1)","decl":{"start":{"line":10,"column":23},"end":{"line":10,"column":24}},"loc":{"start":{"line":10,"column":29},"end":{"line":12,"column":3}},"line":10},"2":{"name":"(anonymous_2)","decl":{"start":{"line":11,"column":17},"end":{"line":11,"column":18}},"loc":{"start":{"line":11,"column":27},"end":{"line":11,"column":32}},"line":11},"3":{"name":"(anonymous_3)","decl":{"start":{"line":27,"column":22},"end":{"line":27,"column":23}},"loc":{"start":{"line":27,"column":29},"end":{"line":27,"column":56}},"line":27},"4":{"name":"(anonymous_4)","decl":{"start":{"line":33,"column":21},"end":{"line":33,"column":22}},"loc":{"start":{"line":33,"column":28},"end":{"line":33,"column":71}},"line":33},"5":{"name":"(anonymous_5)","decl":{"start":{"line":34,"column":20},"end":{"line":34,"column":21}},"loc":{"start":{"line":34,"column":27},"end":{"line":34,"column":71}},"line":34},"6":{"name":"(anonymous_6)","decl":{"start":{"line":36,"column":47},"end":{"line":36,"column":48}},"loc":{"start":{"line":36,"column":53},"end":{"line":36,"column":55}},"line":36}},"branchMap":{"0":{"loc":{"start":{"line":17,"column":8},"end":{"line":17,"column":35}},"type":"cond-expr","locations":[{"start":{"line":17,"column":20},"end":{"line":17,"column":26}},{"start":{"line":17,"column":29},"end":{"line":17,"column":35}}],"line":17},"1":{"loc":{"start":{"line":21,"column":7},"end":{"line":53,"column":7}},"type":"cond-expr","locations":[{"start":{"line":22,"column":8},"end":{"line":42,"column":14}},{"start":{"line":44,"column":8},"end":{"line":52,"column":14}}],"line":21}},"s":{"0":0,"1":0,"2":0,"3":0,"4":0,"5":0,"6":0,"7":0,"8":0},"f":{"0":0,"1":0,"2":0,"3":0,"4":0,"5":0,"6":0},"b":{"0":[0,0],"1":[0,0]}}
[...]
,"type":"default-arg","locations":[{"start":{"line":12,"column":13},"end":{"line":12,"column":18}}],"line":12},"6":{"loc":{"start":{"line":17,"column":4},"end":{"line":20,"column":5}},"type":"if","locations":[{"start":{"line":17,"column":4},"end":{"line":20,"column":5}},{"start":{},"end":{}}],"line":17},"7":{"loc":{"start":{"line":17,"column":8},"end":{"line":17,"column":44}},"type":"binary-expr","locations":[{"start":{"line":17,"column":8},"end":{"line":17,"column":31}},{"start":{"line":17,"column":35},"end":{"line":17,"column":44}}],"line":17},"8":{"loc":{"start":{"line":22,"column":4},"end":{"line":24,"column":5}},"type":"if","locations":[{"start":{"line":22,"column":4},"end":{"line":24,"column":5}},{"start":{},"end":{}}],"line":22},"9":{"loc":{"start":{"line":28,"column":4},"end":{"line":31,"column":5}},"type":"if","locations":[{"start":{"line":28,"column":4},"end":{"line":31,"column":5}},{"start":{},"end":{}}],"line":28},"10":{"loc":{"start":{"line":28,"column":8},"end":{"line":28,"column":44}},"type":"binary-expr","locations":[{"start":{"line":28,"column":8},"end":{"line":28,"column":31}},{"start":{"line":28,"column":35},"end":{"line":28,"column":44}}],"line":28},"11":{"loc":{"start":{"line":33,"column":4},"end":{"line":35,"column":5}},"type":"if","locations":[{"start":{"line":33,"column":4},"end":{"line":35,"column":5}},{"start":{},"end":{}}],"line":33},"12":{"loc":{"start":{"line":39,"column":4},"end":{"line":62,"column":5}},"type":"switch","locations":[{"start":{"line":40,"column":6},"end":{"line":45,"column":10}},{"start":{"line":46,"column":6},"end":{"line":52,"column":10}},{"start":{"line":53,"column":6},"end":{"line":59,"column":10}},{"start":{"line":60,"column":6},"end":{"line":61,"column":18}}],"line":39},"13":{"loc":{"start":{"line":94,"column":10},"end":{"line":94,"column":60}},"type":"cond-expr","locations":[{"start":{"line":94,"column":34},"end":{"line":94,"column":55}},{"start":{"line":94,"column":58},"end":{"line":94,"column":60}}],"line":94}},"s":{"0":16,"1":1,"2":1,"3":1,"4":1,"5":0,"6":16,"7":1,"8":1,"9":1,"10":1,"11":0,"12":16,"13":16,"14":12,"15":3,"16":1,"17":0,"18":16,"19":16,"20":16,"21":16,"22":16},"f":{"0":16,"1":1,"2":1,"3":16,"4":16},"b":{"0":[13],"1":[11],"2":[13],"3":[15],"4":[15],"5":[15],"6":[1,0],"7":[1,1],"8":[0,1],"9":[1,0],"10":[1,1],"11":[0,1],"12":[12,3,1,0],"13":[12,4]},"_coverageSchema":"1a1c01bbd47fc00a2c39e90264f33305004495a9","hash":"a2d72854acda1306dcfcc173a8443ce77b686758"}
,"/Users/kimjiho/Desktop/프로젝트/CoDiYoung/src/ui/FormInput.jsx": {"path":"/Users/kimjiho/Desktop/프로젝트/CoDiYoung/src/ui/FormInput.jsx","statementMap":{"0":{"start":{"line":18,"column":21},"end":{"line":18,"column":39}},"1":{"start":{"line":21,"column":21},"end":{"line":21,"column":66}},"2":{"start":{"line":23,"column":27},"end":{"line":44,"column":3}},"3":{"start":{"line":24,"column":4},"end":{"line":34,"column":5}},"4":{"start":{"line":25,"column":6},"end":{"line":33,"column":8}},"5":{"start":{"line":36,"column":4},"end":{"line":43,"column":6}},"6":{"start":{"line":46,"column":24},"end":{"line":46,"column":42}},"7":{"start":{"line":48,"column":21},"end":{"line":50,"column":3}},"8":{"start":{"line":52,"column":2},"end":{"line":89,"column":4}},"9":{"start":{"line":73,"column":10},"end":{"line":77,"column":11}},"10":{"start":{"line":74,"column":12},"end":{"line":74,"column":56}},"11":{"start":{"line":76,"column":12},"end":{"line":76,"column":62}},"12":{"start":{"line":80,"column":10},"end":{"line":84,"column":11}},"13":{"start":{"line":81,"column":12},"end":{"line":81,"column":79}},"14":{"start":{"line":83,"column":12},"end":{"line":83,"column":86}}},"fnMap":{"0":{"name":"FormInput","decl":{"start":{"line":5,"column":24},"end":{"line":5,"column":33}},"loc":{"start":{"line":16,"column":3},"end":{"line":90,"column":1}},"line":16},"1":{"name":"(anonymous_1)","decl":{"start":{"line":23,"column":27},"end":{"line":23,"column":28}},"loc":{"start":{"line":23,"column":33},"end":{"line":44,"column":3}},"line":23},"2":{"name":"(anonymous_2)","decl":{"start":{"line":72,"column":17},"end":{"line":72,"column":18}},"loc":{"start":{"line":72,"column":24},"end":{"line":78,"column":9}},"line":72},"3":{"name":"(anonymous_3)","decl":{"start":{"line":79,"column":16},"end":{"line":79,"column":17}},"loc":{"start":{"line":79,"column":23},"end":{"line":85,"column":9}},"line":79}},"branchMap":{"0":{"loc":{"start":{"line":6,"column":2},"end":{"line":6,"column":15}},"type":"default-arg","locations":[{"start":{"line":6,"column":9},"end":{"line":6,"column":15}}],"line":6},"1":{"loc":{"start":{"line":11,"column":2},"end":{"line":11,"column":18}},"type":"default-arg","locations":[{"start":{"line":11,"column":13},"end":{"line":11,"column":18}}],"line":11},"2":{"loc":{"start":{"line":12,"column":2},"end":{"line":12,"column":18}},"type":"default-arg","locations":[{"start":{"line":12,"column":13},"end":{"line":12,"column":18}}],"line":12},"3":{"loc":{"start":{"line":13,"column":2},"end":{"line":13,"column":16}},"type":"default-arg","locations":[{"start":{"line":13,"column":14},"end":{"line":13,"column":16}}],"line":13},"4":{"loc":{"start":{"line":14,"column":2},"end":{"line":14,"column":21}},"type":"default-arg","locations":[{"start":{"line":14,"column":12},"end":{"line":14,"column":21}}],"line":14},"5":{"loc":{"start":{"line":15,"column":2},"end":{"line":15,"column":13}},"type":"default-arg","locations":[{"start":{"line":15,"column":9},"end":{"line":15,"column":13}}],"line":15},"6":{"loc":{"start":{"line":24,"column":4},"end":{"line":34,"column":5}},"type":"if","locations":[{"start":{"line":24,"column":4},"end":{"line":34,"column":5}},{"start":{},"end":{}}],"line":24},"7":{"loc":{"start":{"line":30,"column":23},"end":{"line":30,"column":60}},"type":"cond-expr","locations":[{"start":{"line":30,"column":31},"end":{"line":30,"column":43}},{"start":{"line":30,"column":46},"end":{"line":30,"column":60}}],"line":30},"8":{"loc":{"start":{"line":40,"column":27},"end":{"line":40,"column":65}},"type":"cond-expr","locations":[{"start":{"line":40,"column":35},"end":{"line":40,"column":47}},{"start":{"line":40,"column":50},"end":{"line":40,"column":65}}],"line":40},"9":{"loc":{"start":{"line":63,"column":10},"end":{"line":63,"column":51}},"type":"binary-expr","locations":[{"start":{"line":63,"column":10},"end":{"line":63,"column":26}},{"start":{"line":63,"column":30},"end":{"line":63,"column":51}}],"line":63},"10":{"loc":{"start":{"line":65,"column":10},"end":{"line":65,"column":28}},"type":"cond-expr","locations":[{"start":{"line":65,"column":21},"end":{"line":65,"column":23}},{"start":{"line":65,"column":26},"end":{"line":65,"column":28}}],"line":65},"11":{"loc":{"start":{"line":70,"column":17},"end":{"line":70,"column":55}},"type":"cond-expr","locations":[{"start":{"line":70,"column":28},"end":{"line":70,"column":43}},{"start":{"line":70,"column":46},"end":{"line":70,"column":55}}],"line":70},"12":{"loc":{"start":{"line":73,"column":10},"end":{"line":77,"column":11}},"type":"if","locations":[{"start":{"line":73,"column":10},"end":{"line":77,"column":11}},{"start":{"line":75,"column":17},"end":{"line":77,"column":11}}],"line":73},"13":{"loc":{"start":{"line":80,"column":10},"end":{"line":84,"column":11}},"type":"if","locations":[{"start":{"line":80,"column":10},"end":{"line":84,"column":11}},{"start":{"line":82,"column":17},"end":{"line":84,"column":11}}],"line":80},"14":{"loc":{"start":{"line":81,"column":41},"end":{"line":81,"column":78}},"type":"cond-expr","locations":[{"start":{"line":81,"column":49},"end":{"line":81,"column":61}},{"start":{"line":81,"column":64},"end":{"line":81,"column":78}}],"line":81},"15":{"loc":{"start":{"line":83,"column":47},"end":{"line":83,"column":85}},"type":"cond-expr","locations":[{"start":{"line":83,"column":55},"end":{"line":83,"column":67}},{"start":{"line":83,"column":70},"end":{"line":83,"column":85}}],"line":83},"16":{"loc":{"start":{"line":87,"column":7},"end":{"line":87,"column":82}},"type":"binary-expr","locations":[{"start":{"line":87,"column":7},"end":{"line":87,"column":12}},{"start":{"line":87,"column":16},"end":{"line":87,"column":82}}],"line":87}},"s":{"0":21,"1":21,"2":21,"3":21,"4":3,"5":18,"6":21,"7":21,"8":21,"9":4,"10":2,"11":2,"12":4,"13":2,"14":2},"f":{"0":21,"1":21,"2":4,"3":4},"b":{"0":[18],"1":[20],"2":[20],"3":[20],"4":[18],"5":[17],"6":[3,18],"7":[1,2],"8":[3,15],"9":[21,0],"10":[1,20],"11":[1,20],"12":[2,2],"13":[2,2],"14":[1,1],"15":[1,1],"16":[21,4]},"_coverageSchema":"1a1c01bbd47fc00a2c39e90264f33305004495a9","hash":"402b4538892ef9476aa03b7ae988dfbbcd4246ce"}
,"/Users/kimjiho/Desktop/프로젝트/CoDiYoung/src/utils/colors.js": {"path":"/Users/kimjiho/Desktop/프로젝트/CoDiYoung/src/utils/colors.js","statementMap":{"0":{"start":{"line":2,"column":25},"end":{"line":2,"column":63}},"1":{"start":{"line":2,"column":38},"end":{"line":2,"column":63}},"2":{"start":{"line":5,"column":22},"end":{"line":46,"column":1}},"3":{"start":{"line":49,"column":30},"end":{"line":74,"column":1}}},"fnMap":{"0":{"name":"(anonymous_0)","decl":{"start":{"line":2,"column":25},"end":{"line":2,"column":26}},"loc":{"start":{"line":2,"column":38},"end":{"line":2,"column":63}},"line":2}},"branchMap":{},"s":{"0":1,"1":27,"2":1,"3":1},"f":{"0":27},"b":{},"_coverageSchema":"1a1c01bbd47fc00a2c39e90264f33305004495a9","hash":"31e665c4ba536f5361618dd1cb32ca91c857b42c"}
,"/Users/kimjiho/Desktop/프로젝트/CoDiYoung/src/utils/queryKeys.js": {"path":"/Users/kimjiho/Desktop/프로젝트/CoDiYoung/src/utils/queryKeys.js","statementMap":{"0":{"start":{"line":2,"column":26},"end":{"line":33,"column":1}},"1":{"start":{"line":6,"column":17},"end":{"line":6,"column":52}},"2":{"start":{"line":7,"column":28},"end":{"line":7,"column":68}},"3":{"start":{"line":8,"column":19},"end":{"line":8,"column":56}},"4":{"start":{"line":9,"column":20},"end":{"line":9,"column":57}},"5":{"start":{"line":10,"column":20},"end":{"line":10,"column":61}},"6":{"start":{"line":11,"column":28},"end":{"line":11,"column":77}},"7":{"start":{"line":17,"column":17},"end":{"line":17,"column":53}},"8":{"start":{"line":18,"column":28},"end":{"line":18,"column":69}},"9":{"start":{"line":19,"column":19},"end":{"line":19,"column":57}},"10":{"start":{"line":20,"column":20},"end":{"line":20,"column":58}},"11":{"start":{"line":21,"column":20},"end":{"line":21,"column":62}},"12":{"start":{"line":22,"column":25},"end":{"line":22,"column":72}},"13":{"start":{"line":23,"column":29},"end":{"line":23,"column":80}},"14":{"start":{"line":24,"column":31},"end":{"line":24,"column":84}},"15":{"start":{"line":30,"column":25},"end":{"line":30,"column":74}},"16":{"start":{"line":31,"column":17},"end":{"line":31,"column":56}}},"fnMap":{"0":{"name":"(anonymous_0)","decl":{"start":{"line":6,"column":11},"end":{"line":6,"column":12}},"loc":{"start":{"line":6,"column":17},"end":{"line":6,"column":52}},"line":6},"1":{"name":"(anonymous_1)","decl":{"start":{"line":7,"column":10},"end":{"line":7,"column":11}},"loc":{"start":{"line":7,"column":28},"end":{"line":7,"column":68}},"line":7},"2":{"name":"(anonymous_2)","decl":{"start":{"line":8,"column":13},"end":{"line":8,"column":14}},"loc":{"start":{"line":8,"column":19},"end":{"line":8,"column":56}},"line":8},"3":{"name":"(anonymous_3)","decl":{"start":{"line":9,"column":12},"end":{"line":9,"column":13}},"loc":{"start":{"line":9,"column":20},"end":{"line":9,"column":57}},"line":9},"4":{"name":"(anonymous_4)","decl":{"start":{"line":10,"column":8},"end":{"line":10,"column":9}},"loc":{"start":{"line":10,"column":20},"end":{"line":10,"column":61}},"line":10},"5":{"name":"(anonymous_5)","decl":{"start":{"line":11,"column":14},"end":{"line":11,"column":15}},"loc":{"start":{"line":11,"column":28},"end":{"line":11,"column":77}},"line":11},"6":{"name":"(anonymous_6)","decl":{"start":{"line":17,"column":11},"end":{"line":17,"column":12}},"loc":{"start":{"line":17,"column":17},"end":{"line":17,"column":53}},"line":17},"7":{"name":"(anonymous_7)","decl":{"start":{"line":18,"column":10},"end":{"line":18,"column":11}},"loc":{"start":{"line":18,"column":28},"end":{"line":18,"column":69}},"line":18},"8":{"name":"(anonymous_8)","decl":{"start":{"line":19,"column":13},"end":{"line":19,"column":14}},"loc":{"start":{"line":19,"column":19},"end":{"line":19,"column":57}},"line":19},"9":{"name":"(anonymous_9)","decl":{"start":{"line":20,"column":12},"end":{"line":20,"column":13}},"loc":{"start":{"line":20,"column":20},"end":{"line":20,"column":58}},"line":20},"10":{"name":"(anonymous_10)","decl":{"start":{"line":21,"column":8},"end":{"line":21,"column":9}},"loc":{"start":{"line":21,"column":20},"end":{"line":21,"column":62}},"line":21},"11":{"name":"(anonymous_11)","decl":{"start":{"line":22,"column":13},"end":{"line":22,"column":14}},"loc":{"start":{"line":22,"column":25},"end":{"line":22,"column":72}},"line":22},"12":{"name":"(anonymous_12)","decl":{"start":{"line":23,"column":17},"end":{"line":23,"column":18}},"loc":{"start":{"line":23,"column":29},"end":{"line":23,"column":80}},"line":23},"13":{"name":"(anonymous_13)","decl":{"start":{"line":24,"column":16},"end":{"line":24,"column":17}},"loc":{"start":{"line":24,"column":31},"end":{"line":24,"column":84}},"line":24},"14":{"name":"(anonymous_14)","decl":{"start":{"line":30,"column":14},"end":{"line":30,"column":15}},"loc":{"start":{"line":30,"column":25},"end":{"line":30,"column":74}},"line":30},"15":{"name":"(anonymous_15)","decl":{"start":{"line":31,"column":11},"end":{"line":31,"column":12}},"loc":{"start":{"line":31,"column":17},"end":{"line":31,"column":56}},"line":31}},"branchMap":{"0":{"loc":{"start":{"line":7,"column":11},"end":{"line":7,"column":23}},"type":"default-arg","locations":[{"start":{"line":7,"column":21},"end":{"line":7,"column":23}}],"line":7},"1":{"loc":{"start":{"line":18,"column":11},"end":{"line":18,"column":23}},"type":"default-arg","locations":[{"start":{"line":18,"column":21},"end":{"line":18,"column":23}}],"line":18}},"s":{"0":0,"1":0,"2":0,"3":0,"4":0,"5":0,"6":0,"7":0,"8":0,"9":0,"10":0,"11":0,"12":0,"13":0,"14":0,"15":0,"16":0},"f":{"0":0,"1":0,"2":0,"3":0,"4":0,"5":0,"6":0,"7":0,"8":0,"9":0,"10":0,"11":0,"12":0,"13":0,"14":0,"15":0},"b":{"0":[0],"1":[0]}}
,"/Users/kimjiho/Desktop/프로젝트/CoDiYoung/src/utils/validation.js": {"path":"/Users/kimjiho/Desktop/프로젝트/CoDiYoung/src/utils/validation.js","statementMap":{"0":{"start":{"line":4,"column":29},"end":{"line":15,"column":1}},"1":{"start":{"line":5,"column":2},"end":{"line":7,"column":3}},"2":{"start":{"line":6,"column":4},"end":{"line":6,"column":46}},"3":{"start":{"line":9,"column":21},"end":{"line":9,"column":50}},"4":{"start":{"line":10,"column":2},"end":{"line":12,"column":3}},"5":{"start":{"line":11,"column":4},"end":{"line":11,"column":45}},"6":{"start":{"line":14,"column":2},"end":{"line":14,"column":12}},"7":{"start":{"line":17,"column":32},"end":{"line":43,"column":1}},"8":{"start":{"line":18,"column":2},"end":{"line":20,"column":3}},"9":{"start":{"line":19,"column":4},"end":{"line":19,"column":49}},"10":{"start":{"line":22,"column":2},"end":{"line":24,"column":3}},"11":{"start":{"line":23,"column":4},"end":{"line":23,"column":51}},"12":{"start":{"line":26,"column":2},"end":{"line":28,"column":3}},"13":{"start":{"line":27,"column":4},"end":{"line":27,"column":55}},"14":{"start":{"line":30,"column":2},"end":{"line":32,"column":3}},"15":{"start":{"line":31,"column":4},"end":{"line":31,"column":55}},"16":{"start":{"line":34,"column":2},"end":{"line":36,"column":3}},"17":{"start":{"line":35,"column":4},"end":{"line":35,"column":52}},"18":{"start":{"line":38,"column":2},"end":{"line":40,"column":3}},"19":{"start":{"line":39,"column":4},"end":{"line":39,"column":53}},"20":{"start":{"line":42,"column":2},"end":{"line":42,"column":12}},"21":{"start":{"line":45,"column":44},"end":{"line":55,"column":1}},"22":{"start":{"line":46,"column":2},"end":{"line":48,"column":3}},"23":{"start":{"line":47,"column":4},"end":{"line":47,"column":57}},"24":{"start":{"line":50,"column":2},"end":{"line":52,"column":3}},"25":{"start":{"line":51,"column":4},"end":{"line":51,"column":50}},"26":{"start":{"line":54,"column":2},"end":{"line":54,"column":12}},"27":{"start":{"line":57,"column":40},"end":{"line":68,"column":1}},"28":{"start":{"line":58,"column":2},"end":{"line":60,"column":3}},"29":{"start":{"line":59,"column":4},"end":{"line":59,"column":58}},"30":{"start":{"line":63,"column":2},"end":{"line":65,"column":3}},"31":{"start":{"line":64,"column":4},"end":{"line":64,"column":58}},"32":{"start":{"line":67,"column":2},"end":{"line":67,"column":12}}},"fnMap":{"0":{"name":"(anonymous_0)","decl":{"start":{"line":4,"column":29},"end":{"line":4,"column":30}},"loc":{"start":{"line":4,"column":40},"end":{"line":15,"column":1}},"line":4},"1":{"name":"(anonymous_1)","decl":{"start":{"line":17,"column":32},"end":{"line":17,"column":33}},"loc":{"start":{"line":17,"column":46},"end":{"line":43,"column":1}},"line":17},"2":{"name":"(anonymous_2)","decl":{"start":{"line":45,"column":44},"end":{"line":45,"column":45}},"loc":{"start":{"line":45,"column":75},"end":{"line":55,"column":1}},"line":45},"3":{"name":"(anonymous_3)","decl":{"start":{"line":57,"column":40},"end":{"line":57,"column":41}},"loc":{"start":{"line":57,"column":50},"end":{"line":68,"column":1}},"line":57}},"branchMap":{"0":{"loc":{"start":{"line":5,"column":2},"end":{"line":7,"column":3}},"type":"if","locations":[{"start":{"line":5,"column":2},"end":{"line":7,"column":3}},{"start":{},"end":{}}],"line":5},"1":{"loc":{"start":{"line":10,"column":2},"end":{"line":12,"column":3}},"type":"if","locations":[{"start":{"line":10,"column":2},"end":{"line":12,"column":3}},{"start":{},"end":{}}],"line":10},"2":{"loc":{"start":{"line":18,"column":2},"end":{"line":20,"column":3}},"type":"if","locations":[{"start":{"line":18,"column":2},"end":{"line":20,"column":3}},{"start":{},"end":{}}],"line":18},"3":{"loc":{"start":{"line":22,"column":2},"end":{"line":24,"column":3}},"type":"if","locations":[{"start":{"line":22,"column":2},"end":{"line":24,"column":3}},{"start":{},"end":{}}],"line":22},"4":{"loc":{"start":{"line":26,"column":2},"end":{"line":28,"column":3}},"type":"if","locations":[{"start":{"line":26,"column":2},"end":{"line":28,"column":3}},{"start":{},"end":{}}],"line":26},"5":{"loc":{"start":{"line":30,"column":2},"end":{"line":32,"column":3}},"type":"if","locations":[{"start":{"line":30,"column":2},"end":{"line":32,"column":3}},{"start":{},"end":{}}],"line":30},"6":{"loc":{"start":{"line":34,"column":2},"end":{"line":36,"column":3}},"type":"if","locations":[{"start":{"line":34,"column":2},"end":{"line":36,"column":3}},{"start":{},"end":{}}],"line":34},"7":{"loc":{"start":{"line":38,"column":2},"end":{"line":40,"column":3}},"type":"if","locations":[{"start":{"line":38,"column":2},"end":{"line":40,"column":3}},{"start":{},"end":{}}],"line":38},"8":{"loc":{"start":{"line":46,"column":2},"end":{"line":48,"column":3}},"type":"if","locations":[{"start":{"line":46,"column":2},"end":{"line":48,"column":3}},{"start":{},"end":{}}],"line":46},"9":{"loc":{"start":{"line":50,"column":2},"end":{"line":52,"column":3}},"type":"if","locations":[{"start":{"line":50,"column":2},"end":{"line":52,"column":3}},{"start":{},"end":{}}],"line":50},"10":{"loc":{"start":{"line":58,"column":2},"end":{"line":60,"column":3}},"type":"if","locations":[{"start":{"line":58,"column":2},"end":{"line":60,"column":3}},{"start":{},"end":{}}],"line":58},"11":{"loc":{"start":{"line":63,"column":2},"end":{"line":65,"column":3}},"type":"if","locations":[{"start":{"line":63,"column":2},"end":{"line":65,"column":3}},{"start":{},"end":{}}],"line":63}},"s":{"0":0,"1":0,"2":0,"3":0,"4":0,"5":0,"6":0,"7":0,"8":0,"9":0,"10":0,"11":0,"12":0,"13":0,"14":0,"15":0,"16":0,"17":0,"18":0,"19":0,"20":0,"21":0,"22":0,"23":0,"24":0,"25":0,"26":0,"27":0,"28":0,"29":0,"30":0,"31":0,"32":0},"f":{"0":0,"1":0,"2":0,"3":0},"b":{"0":[0,0],"1":[0,0],"2":[0,0],"3":[0,0],"4":[0,0],"5":[0,0],"6":[0,0],"7":[0,0],"8":[0,0],"9":[0,0],"10":[0,0],"11":[0,0]}}
}
