TN:
SF:src/App.jsx
FN:10,(anonymous_0)
FN:11,(anonymous_1)
FN:12,(anonymous_2)
FN:13,(anonymous_3)
FN:14,(anonymous_4)
FN:15,(anonymous_5)
FN:16,(anonymous_6)
FN:17,(anonymous_7)
FN:18,(anonymous_8)
FN:36,App
FNF:10
FNH:0
FNDA:0,(anonymous_0)
FNDA:0,(anonymous_1)
FNDA:0,(anonymous_2)
FNDA:0,(anonymous_3)
FNDA:0,(anonymous_4)
FNDA:0,(anonymous_5)
FNDA:0,(anonymous_6)
FNDA:0,(anonymous_7)
FNDA:0,(anonymous_8)
FNDA:0,App
DA:10,0
DA:11,0
DA:12,0
DA:13,0
DA:14,0
DA:15,0
DA:16,0
DA:17,0
DA:18,0
DA:20,0
DA:37,0
LF:11
LH:0
BRF:0
BRH:0
end_of_record
TN:
SF:src/main.jsx
FNF:0
FNH:0
DA:6,0
LF:1
LH:0
BRF:0
BRH:0
end_of_record
TN:
SF:src/components/AuthModal.jsx
FNF:0
FNH:0
LF:0
LH:0
BRF:0
BRH:0
end_of_record
TN:
SF:src/components/AuthModalManager.jsx
FN:7,AuthModalManager
FN:19,(anonymous_1)
FNF:2
FNH:1
FNDA:11,AuthModalManager
FNDA:0,(anonymous_1)
DA:8,11
DA:9,11
DA:17,11
DA:19,11
DA:20,0
DA:21,0
DA:24,11
LF:7
LH:5
BRDA:27,0,0,11
BRDA:27,0,1,8
BRDA:29,1,0,2
BRDA:29,1,1,6
BRF:4
BRH:4
end_of_record
TN:
SF:src/components/Footer.jsx
FN:3,Footer
FNF:1
FNH:1
FNDA:10,Footer
DA:4,10
LF:1
LH:1
BRF:0
BRH:0
end_of_record
TN:
SF:src/components/Header.jsx
FN:6,Header
FNF:1
FNH:1
FNDA:9,Header
DA:7,9
LF:1
LH:1
BRDA:6,0,0,7
BRDA:14,1,0,9
BRDA:14,1,1,8
BRF:3
BRH:3
end_of_record
TN:
SF:src/components/LoadingFallback.jsx
FN:4,LoadingFallback
FNF:1
FNH:1
FNDA:9,LoadingFallback
DA:5,9
LF:1
LH:1
BRDA:4,0,0,6
BRF:1
BRH:1
end_of_record
TN:
SF:src/components/LoginButton.jsx
FN:5,LoginButton
FN:14,(anonymous_1)
FN:15,(anonymous_2)
FNF:3
FNH:3
FNDA:9,LoginButton
FNDA:1,(anonymous_1)
FNDA:1,(anonymous_2)
DA:7,9
DA:14,1
DA:15,1
LF:3
LH:3
BRF:0
BRH:0
end_of_record
TN:
SF:src/components/UserProfile.jsx
FN:9,UserProfile
FN:16,(anonymous_1)
FN:22,(anonymous_2)
FNF:3
FNH:3
FNDA:10,UserProfile
FNDA:1,(anonymous_1)
FNDA:1,(anonymous_2)
DA:10,10
DA:11,10
DA:12,10
DA:13,10
DA:14,10
DA:16,10
DA:17,1
DA:18,1
DA:19,1
DA:22,10
DA:23,1
DA:26,10
LF:12
LH:12
BRDA:29,0,0,1
BRDA:29,0,1,9
BRF:2
BRH:2
end_of_record
TN:
SF:src/constants/config.js
FNF:0
FNH:0
DA:4,1
LF:1
LH:1
BRF:0
BRH:0
end_of_record
TN:
SF:src/constants/messages.js
FNF:0
FNH:0
DA:2,0
LF:1
LH:0
BRF:0
BRH:0
end_of_record
TN:
SF:src/constants/routes.js
FNF:0
FNH:0
DA:2,1
DA:24,1
LF:2
LH:2
BRF:0
BRH:0
end_of_record
TN:
SF:src/constants/sizes.js
FNF:0
FNH:0
DA:2,0
LF:1
LH:0
BRF:0
BRH:0
end_of_record
TN:
SF:src/constants/studyCategories.js
FNF:0
FNH:0
DA:4,0
DA:19,0
LF:2
LH:0
BRF:0
BRH:0
end_of_record
TN:
SF:src/contexts/AuthContext.jsx
FN:9,AuthProvider
FN:22,useAuth
FN:73,(anonymous_2)
FN:78,(anonymous_3)
FNF:4
FNH:0
FNDA:0,AuthProvider
FNDA:0,useAuth
FNDA:0,(anonymous_2)
FNDA:0,(anonymous_3)
DA:6,0
DA:10,0
DA:23,0
DA:24,0
DA:25,0
DA:28,0
DA:74,0
DA:75,0
DA:76,0
DA:79,0
DA:80,0
DA:81,0
LF:12
LH:0
BRF:0
BRH:0
end_of_record
TN:
SF:src/contexts/AuthFormContext.jsx
FN:12,(anonymous_0)
FN:41,AuthFormProvider
FN:45,(anonymous_2)
FN:46,(anonymous_3)
FN:47,(anonymous_4)
FN:48,(anonymous_5)
FN:49,(anonymous_6)
FN:50,(anonymous_7)
FN:61,useAuthForm
FNF:9
FNH:0
FNDA:0,(anonymous_0)
FNDA:0,AuthFormProvider
FNDA:0,(anonymous_2)
FNDA:0,(anonymous_3)
FNDA:0,(anonymous_4)
FNDA:0,(anonymous_5)
FNDA:0,(anonymous_6)
FNDA:0,(anonymous_7)
FNDA:0,useAuthForm
DA:3,0
DA:5,0
DA:12,0
DA:13,0
DA:15,0
DA:18,0
DA:21,0
DA:24,0
DA:27,0
DA:34,0
DA:37,0
DA:42,0
DA:44,0
DA:45,0
DA:46,0
DA:47,0
DA:48,0
DA:49,0
DA:50,0
DA:53,0
DA:58,0
DA:62,0
DA:63,0
DA:64,0
DA:66,0
LF:25
LH:0
BRDA:13,0,0,0
BRDA:13,0,1,0
BRDA:13,0,2,0
BRDA:13,0,3,0
BRDA:13,0,4,0
BRDA:13,0,5,0
BRDA:13,0,6,0
BRDA:63,1,0,0
BRDA:63,1,1,0
BRF:9
BRH:0
end_of_record
TN:
SF:src/contexts/PasswordResetContext.jsx
FN:17,(anonymous_0)
FN:63,PasswordResetProvider
FN:67,(anonymous_2)
FN:68,(anonymous_3)
FN:69,(anonymous_4)
FN:70,(anonymous_5)
FN:71,(anonymous_6)
FN:72,(anonymous_7)
FN:73,(anonymous_8)
FN:74,(anonymous_9)
FN:75,(anonymous_10)
FN:76,(anonymous_11)
FN:77,(anonymous_12)
FN:88,usePasswordReset
FNF:14
FNH:0
FNDA:0,(anonymous_0)
FNDA:0,PasswordResetProvider
FNDA:0,(anonymous_2)
FNDA:0,(anonymous_3)
FNDA:0,(anonymous_4)
FNDA:0,(anonymous_5)
FNDA:0,(anonymous_6)
FNDA:0,(anonymous_7)
FNDA:0,(anonymous_8)
FNDA:0,(anonymous_9)
FNDA:0,(anonymous_10)
FNDA:0,(anonymous_11)
FNDA:0,(anonymous_12)
FNDA:0,usePasswordReset
DA:3,0
DA:5,0
DA:17,0
DA:18,0
DA:20,0
DA:23,0
DA:26,0
DA:29,0
DA:32,0
DA:35,0
DA:38,0
DA:41,0
DA:44,0
DA:47,0
DA:56,0
DA:59,0
DA:64,0
DA:66,0
DA:67,0
DA:68,0
DA:69,0
DA:70,0
DA:71,0
DA:72,0
DA:73,0
DA:74,0
DA:75,0
DA:76,0
DA:77,0
DA:80,0
DA:85,0
DA:89,0
DA:90,0
DA:91,0
DA:93,0
LF:35
LH:0
BRDA:18,0,0,0
BRDA:18,0,1,0
BRDA:18,0,2,0
BRDA:18,0,3,0
BRDA:18,0,4,0
BRDA:18,0,5,0
BRDA:18,0,6,0
BRDA:18,0,7,0
BRDA:18,0,8,0
BRDA:18,0,9,0
BRDA:18,0,10,0
BRDA:18,0,11,0
BRDA:90,1,0,0
BRDA:90,1,1,0
BRF:14
BRH:0
end_of_record
TN:
SF:src/contexts/UIContext.jsx
FN:13,(anonymous_0)
FN:67,UIProvider
FN:71,(anonymous_2)
FN:79,(anonymous_3)
FN:80,(anonymous_4)
FN:81,(anonymous_5)
FN:82,(anonymous_6)
FN:85,(anonymous_7)
FN:106,(anonymous_8)
FN:120,(anonymous_9)
FN:123,(anonymous_10)
FN:148,useUI
FNF:12
FNH:0
FNDA:0,(anonymous_0)
FNDA:0,UIProvider
FNDA:0,(anonymous_2)
FNDA:0,(anonymous_3)
FNDA:0,(anonymous_4)
FNDA:0,(anonymous_5)
FNDA:0,(anonymous_6)
FNDA:0,(anonymous_7)
FNDA:0,(anonymous_8)
FNDA:0,(anonymous_9)
FNDA:0,(anonymous_10)
FNDA:0,useUI
DA:4,0
DA:6,0
DA:13,0
DA:14,0
DA:16,0
DA:19,0
DA:22,0
DA:26,0
DA:35,0
DA:44,0
DA:51,0
DA:60,0
DA:63,0
DA:68,0
DA:71,0
DA:72,0
DA:73,0
DA:74,0
DA:78,0
DA:79,0
DA:80,0
DA:81,0
DA:82,0
DA:86,0
DA:87,0
DA:91,0
DA:92,0
DA:94,0
DA:95,0
DA:100,0
DA:101,0
DA:107,0
DA:109,0
DA:110,0
DA:111,0
DA:112,0
DA:114,0
DA:115,0
DA:116,0
DA:120,0
DA:124,0
DA:125,0
DA:127,0
DA:128,0
DA:129,0
DA:130,0
DA:132,0
DA:133,0
DA:135,0
DA:140,0
DA:145,0
DA:149,0
DA:150,0
DA:151,0
DA:153,0
LF:55
LH:0
BRDA:14,0,0,0
BRDA:14,0,1,0
BRDA:14,0,2,0
BRDA:14,0,3,0
BRDA:14,0,4,0
BRDA:14,0,5,0
BRDA:14,0,6,0
BRDA:14,0,7,0
BRDA:14,0,8,0
BRDA:73,1,0,0
BRDA:73,1,1,0
BRDA:150,2,0,0
BRDA:150,2,1,0
BRF:13
BRH:0
end_of_record
TN:
SF:src/feature/MainHome/HomePage.jsx
FN:7,HomePage
FN:38,(anonymous_1)
FNF:2
FNH:0
FNDA:0,HomePage
FNDA:0,(anonymous_1)
DA:8,0
DA:38,0
LF:2
LH:0
BRF:0
BRH:0
end_of_record
TN:
SF:src/feature/MainHome/Partners.jsx
FN:4,Partners
FN:10,(anonymous_1)
FNF:2
FNH:0
FNDA:0,Partners
FNDA:0,(anonymous_1)
DA:5,0
DA:11,0
LF:2
LH:0
BRDA:4,0,0,0
BRF:1
BRH:0
end_of_record
TN:
SF:src/feature/MainHome/ProjectSection.jsx
FN:14,ProjectSection
FN:81,(anonymous_1)
FNF:2
FNH:0
FNDA:0,ProjectSection
FNDA:0,(anonymous_1)
DA:19,0
DA:22,0
DA:32,0
DA:35,0
DA:37,0
DA:39,0
DA:83,0
DA:85,0
LF:8
LH:0
BRDA:15,0,0,0
BRDA:16,1,0,0
BRDA:83,2,0,0
BRDA:83,2,1,0
BRDA:83,3,0,0
BRDA:83,3,1,0
BRF:6
BRH:0
end_of_record
TN:
SF:src/feature/MainHome/StudyCategory.jsx
FN:8,StudyCategory
FN:33,(anonymous_1)
FN:36,(anonymous_2)
FN:42,(anonymous_3)
FN:68,(anonymous_4)
FNF:5
FNH:0
FNDA:0,StudyCategory
FNDA:0,(anonymous_1)
FNDA:0,(anonymous_2)
FNDA:0,(anonymous_3)
FNDA:0,(anonymous_4)
DA:9,0
DA:10,0
DA:17,0
DA:20,0
DA:23,0
DA:25,0
DA:34,0
DA:36,0
DA:43,0
DA:45,0
DA:69,0
DA:71,0
LF:12
LH:0
BRF:0
BRH:0
end_of_record
TN:
SF:src/feature/MainHome/components/CategoryCard.jsx
FN:3,CategoryCard
FN:13,(anonymous_1)
FN:19,(anonymous_2)
FN:22,(anonymous_3)
FNF:4
FNH:4
FNDA:11,CategoryCard
FNDA:1,(anonymous_1)
FNDA:1,(anonymous_2)
FNDA:1,(anonymous_3)
DA:10,11
DA:13,1
DA:20,1
DA:22,1
LF:4
LH:4
BRDA:25,0,0,7
BRDA:25,0,1,4
BRDA:33,1,0,1
BRDA:33,1,1,3
BRF:4
BRH:4
end_of_record
TN:
SF:src/feature/MainHome/components/ProjectCard.jsx
FN:6,ProjectCard
FN:20,(anonymous_1)
FN:28,(anonymous_2)
FNF:3
FNH:3
FNDA:14,ProjectCard
FNDA:1,(anonymous_1)
FNDA:1,(anonymous_2)
DA:12,14
DA:13,14
DA:15,14
DA:20,1
DA:28,1
LF:5
LH:5
BRDA:30,0,0,12
BRDA:30,0,1,2
BRDA:40,1,0,14
BRDA:40,1,1,12
BRDA:46,2,0,12
BRDA:46,2,1,1
BRF:6
BRH:6
end_of_record
TN:
SF:src/feature/MainHome/components/ProjectDetailModal.jsx
FN:9,ProjectDetailModal
FN:15,(anonymous_1)
FNF:2
FNH:2
FNDA:14,ProjectDetailModal
FNDA:3,(anonymous_1)
DA:10,14
DA:13,14
DA:15,14
DA:16,3
DA:17,3
DA:21,14
DA:22,14
DA:27,14
LF:8
LH:8
BRDA:23,0,0,14
BRDA:23,0,1,0
BRDA:24,1,0,14
BRDA:24,1,1,0
BRF:4
BRH:2
end_of_record
TN:
SF:src/feature/MainHome/components/ScrollArrowButton.jsx
FN:5,ScrollArrowButton
FN:19,(anonymous_1)
FNF:2
FNH:2
FNDA:16,ScrollArrowButton
FNDA:3,(anonymous_1)
DA:11,16
DA:12,16
DA:14,16
DA:16,16
DA:19,3
LF:5
LH:5
BRDA:12,0,0,16
BRDA:12,0,1,14
BRDA:19,1,0,3
BRDA:19,1,1,3
BRDA:19,2,0,1
BRDA:19,2,1,2
BRDA:20,3,0,11
BRDA:20,3,1,5
BRDA:25,4,0,4
BRDA:25,4,1,12
BRDA:27,5,0,16
BRDA:27,5,1,12
BRDA:28,6,0,11
BRDA:28,6,1,5
BRDA:31,7,0,11
BRDA:31,7,1,5
BRF:16
BRH:16
end_of_record
TN:
SF:src/feature/MainHome/hooks/useCategoryConfig.js
FN:3,useCategoryConfig
FN:4,(anonymous_1)
FNF:2
FNH:0
FNDA:0,useCategoryConfig
FNDA:0,(anonymous_1)
DA:4,0
DA:5,0
DA:8,0
LF:3
LH:0
BRDA:5,0,0,0
BRDA:5,0,1,0
BRF:2
BRH:0
end_of_record
TN:
SF:src/feature/MainHome/hooks/useProjectData.js
FN:4,useProjectData
FN:9,(anonymous_1)
FN:10,(anonymous_2)
FNF:3
FNH:3
FNDA:17,useProjectData
FNDA:6,(anonymous_1)
FNDA:6,(anonymous_2)
DA:5,17
DA:6,17
DA:7,17
DA:9,17
DA:10,6
DA:11,6
DA:13,6
DA:14,6
DA:15,6
DA:16,6
DA:17,6
DA:18,6
DA:20,0
DA:21,0
DA:22,0
DA:24,6
DA:28,6
DA:31,17
LF:18
LH:15
BRDA:11,0,0,0
BRDA:11,0,1,6
BRDA:18,1,0,6
BRDA:18,1,1,0
BRF:4
BRH:2
end_of_record
TN:
SF:src/feature/MainHome/hooks/useProjectModal.js
FN:5,useProjectModal
FN:10,(anonymous_1)
FN:15,(anonymous_2)
FN:19,(anonymous_3)
FN:23,(anonymous_4)
FNF:5
FNH:1
FNDA:24,useProjectModal
FNDA:0,(anonymous_1)
FNDA:0,(anonymous_2)
FNDA:0,(anonymous_3)
FNDA:0,(anonymous_4)
DA:6,24
DA:7,0
DA:8,0
DA:10,0
DA:11,0
DA:12,0
DA:15,0
DA:16,0
DA:19,0
DA:20,0
DA:23,0
DA:24,0
DA:25,0
DA:26,0
DA:30,0
LF:15
LH:1
BRDA:24,0,0,0
BRDA:24,0,1,0
BRDA:24,1,0,0
BRDA:24,1,1,0
BRF:4
BRH:0
end_of_record
TN:
SF:src/feature/MainHome/hooks/useScrollNavigation.js
FN:4,useScrollNavigation
FN:15,(anonymous_1)
FN:27,(anonymous_2)
FN:35,(anonymous_3)
FN:41,(anonymous_4)
FNF:5
FNH:3
FNDA:7,useScrollNavigation
FNDA:5,(anonymous_1)
FNDA:0,(anonymous_2)
FNDA:0,(anonymous_3)
FNDA:1,(anonymous_4)
DA:5,7
DA:6,7
DA:8,7
DA:9,7
DA:11,7
DA:12,7
DA:13,7
DA:15,7
DA:16,5
DA:17,5
DA:19,4
DA:21,4
DA:22,0
DA:23,0
DA:24,0
DA:26,0
DA:27,0
DA:30,4
DA:31,0
DA:32,0
DA:34,4
DA:35,0
DA:41,7
DA:42,1
DA:43,1
DA:44,0
DA:45,0
DA:48,7
LF:28
LH:18
BRDA:17,0,0,1
BRDA:17,0,1,4
BRDA:21,1,0,0
BRDA:21,1,1,4
BRDA:22,2,0,0
BRDA:22,2,1,0
BRDA:30,3,0,0
BRDA:30,3,1,4
BRDA:43,4,0,1
BRDA:43,4,1,0
BRF:10
BRH:5
end_of_record
TN:
SF:src/feature/MainHome/hooks/useStudyNavigation.js
FN:4,useStudyNavigation
FN:7,(anonymous_1)
FN:11,(anonymous_2)
FNF:3
FNH:0
FNDA:0,useStudyNavigation
FNDA:0,(anonymous_1)
FNDA:0,(anonymous_2)
DA:5,0
DA:7,0
DA:8,0
DA:11,0
DA:12,0
DA:15,0
LF:6
LH:0
BRF:0
BRH:0
end_of_record
TN:
SF:src/feature/MyProfile/AttendanceContent.jsx
FN:8,AttendanceContent
FN:14,(anonymous_1)
FN:18,(anonymous_2)
FNF:3
FNH:0
FNDA:0,AttendanceContent
FNDA:0,(anonymous_1)
FNDA:0,(anonymous_2)
DA:9,0
DA:12,0
DA:14,0
DA:15,0
DA:18,0
DA:19,0
DA:22,0
LF:7
LH:0
BRF:0
BRH:0
end_of_record
TN:
SF:src/feature/MyProfile/AttendanceStars.jsx
FN:4,AttendanceStars
FN:14,(anonymous_1)
FN:18,(anonymous_2)
FN:31,(anonymous_3)
FN:49,(anonymous_4)
FN:51,(anonymous_5)
FNF:6
FNH:0
FNDA:0,AttendanceStars
FNDA:0,(anonymous_1)
FNDA:0,(anonymous_2)
FNDA:0,(anonymous_3)
FNDA:0,(anonymous_4)
FNDA:0,(anonymous_5)
DA:5,0
DA:6,0
DA:7,0
DA:9,0
DA:10,0
DA:11,0
DA:14,0
DA:15,0
DA:18,0
DA:19,0
DA:20,0
DA:21,0
DA:22,0
DA:24,0
DA:26,0
DA:31,0
DA:32,0
DA:35,0
DA:36,0
DA:39,0
DA:40,0
DA:47,0
DA:50,0
DA:52,0
DA:53,0
DA:54,0
DA:57,0
DA:59,0
LF:28
LH:0
BRDA:22,0,0,0
BRDA:22,0,1,0
BRDA:32,1,0,0
BRDA:32,1,1,0
BRDA:36,2,0,0
BRDA:36,2,1,0
BRDA:39,3,0,0
BRDA:39,3,1,0
BRDA:63,4,0,0
BRDA:63,4,1,0
BRDA:65,5,0,0
BRDA:65,5,1,0
BRDA:70,6,0,0
BRDA:70,6,1,0
BRDA:72,7,0,0
BRDA:72,7,1,0
BRF:16
BRH:0
end_of_record
TN:
SF:src/feature/MyProfile/MyProfileLayout.jsx
FN:10,MyProfileLayout
FN:13,(anonymous_1)
FN:15,(anonymous_2)
FNF:3
FNH:0
FNDA:0,MyProfileLayout
FNDA:0,(anonymous_1)
FNDA:0,(anonymous_2)
DA:11,0
DA:13,0
DA:15,0
DA:16,0
DA:18,0
DA:20,0
DA:22,0
DA:24,0
DA:26,0
DA:30,0
LF:10
LH:0
BRDA:16,0,0,0
BRDA:16,0,1,0
BRDA:16,0,2,0
BRDA:16,0,3,0
BRDA:16,0,4,0
BRF:5
BRH:0
end_of_record
TN:
SF:src/feature/MyProfile/ProfileSidebar.jsx
FN:5,ProfileSidebar
FN:31,(anonymous_1)
FN:34,(anonymous_2)
FNF:3
FNH:0
FNDA:0,ProfileSidebar
FNDA:0,(anonymous_1)
FNDA:0,(anonymous_2)
DA:6,0
DA:14,0
DA:16,0
DA:32,0
DA:34,0
LF:5
LH:0
BRDA:36,0,0,0
BRDA:36,0,1,0
BRDA:37,1,0,0
BRDA:37,1,1,0
BRDA:43,2,0,0
BRDA:43,2,1,0
BRF:6
BRH:0
end_of_record
TN:
SF:src/feature/MyProfile/Profile/ProfileContent.jsx
FN:8,ProfileContent
FN:11,(anonymous_1)
FNF:2
FNH:0
FNDA:0,ProfileContent
FNDA:0,(anonymous_1)
DA:9,0
DA:11,0
DA:13,0
DA:16,0
DA:17,0
DA:26,0
DA:27,0
DA:36,0
DA:37,0
DA:46,0
LF:10
LH:0
BRDA:16,0,0,0
BRDA:16,0,1,0
BRDA:26,1,0,0
BRDA:26,1,1,0
BRDA:36,2,0,0
BRDA:36,2,1,0
BRDA:55,3,0,0
BRDA:55,3,1,0
BRDA:55,3,2,0
BRDA:56,4,0,0
BRDA:56,4,1,0
BRF:11
BRH:0
end_of_record
TN:
SF:src/feature/MyProfile/Profile/ProfileField.jsx
FN:7,ProfileField
FN:11,(anonymous_1)
FN:12,(anonymous_2)
FN:33,(anonymous_3)
FNF:4
FNH:0
FNDA:0,ProfileField
FNDA:0,(anonymous_1)
FNDA:0,(anonymous_2)
FNDA:0,(anonymous_3)
DA:8,0
DA:9,0
DA:11,0
DA:12,0
DA:15,0
DA:33,0
LF:6
LH:0
BRDA:18,0,0,0
BRDA:18,0,1,0
BRDA:25,1,0,0
BRDA:25,1,1,0
BRDA:31,2,0,0
BRDA:31,2,1,0
BRF:6
BRH:0
end_of_record
TN:
SF:src/feature/MyProfile/Profile/ProfileImageSection.jsx
FN:6,ProfileImageSection
FN:10,(anonymous_1)
FN:11,(anonymous_2)
FN:27,(anonymous_3)
FN:33,(anonymous_4)
FN:34,(anonymous_5)
FN:36,(anonymous_6)
FNF:7
FNH:0
FNDA:0,ProfileImageSection
FNDA:0,(anonymous_1)
FNDA:0,(anonymous_2)
FNDA:0,(anonymous_3)
FNDA:0,(anonymous_4)
FNDA:0,(anonymous_5)
FNDA:0,(anonymous_6)
DA:7,0
DA:8,0
DA:10,0
DA:11,0
DA:14,0
DA:27,0
DA:33,0
DA:34,0
LF:8
LH:0
BRDA:17,0,0,0
BRDA:17,0,1,0
BRDA:21,1,0,0
BRDA:21,1,1,0
BRF:4
BRH:0
end_of_record
TN:
SF:src/feature/MyProfile/Project/ProjectContent.jsx
FN:11,ProjectContent
FN:33,(anonymous_1)
FN:49,(anonymous_2)
FN:91,(anonymous_3)
FN:114,(anonymous_4)
FN:154,(anonymous_5)
FNF:6
FNH:0
FNDA:0,ProjectContent
FNDA:0,(anonymous_1)
FNDA:0,(anonymous_2)
FNDA:0,(anonymous_3)
FNDA:0,(anonymous_4)
FNDA:0,(anonymous_5)
DA:13,0
DA:16,0
DA:27,0
DA:30,0
DA:33,0
DA:34,0
DA:35,0
DA:39,0
DA:40,0
DA:47,0
DA:48,0
DA:49,0
DA:51,0
DA:55,0
DA:64,0
DA:92,0
DA:115,0
DA:155,0
LF:18
LH:0
BRDA:34,0,0,0
BRDA:34,0,1,0
BRDA:39,1,0,0
BRDA:39,1,1,0
BRDA:47,2,0,0
BRDA:47,2,1,0
BRDA:51,3,0,0
BRDA:51,3,1,0
BRDA:52,4,0,0
BRDA:52,4,1,0
BRDA:58,5,0,0
BRDA:58,5,1,0
BRDA:85,6,0,0
BRDA:85,6,1,0
BRDA:89,7,0,0
BRDA:89,7,1,0
BRDA:89,8,0,0
BRDA:89,8,1,0
BRDA:111,9,0,0
BRDA:111,9,1,0
BRDA:111,10,0,0
BRDA:111,10,1,0
BRDA:112,11,0,0
BRDA:112,11,1,0
BRDA:120,12,0,0
BRDA:120,12,1,0
BRDA:148,13,0,0
BRDA:148,13,1,0
BRDA:152,14,0,0
BRDA:152,14,1,0
BRDA:152,15,0,0
BRDA:152,15,1,0
BRF:32
BRH:0
end_of_record
TN:
SF:src/feature/MyProfile/Project/ProjectCreateForm.jsx
FN:52,Dropdown
FN:55,(anonymous_1)
FN:61,(anonymous_2)
FN:78,(anonymous_3)
FN:82,(anonymous_4)
FN:102,ProjectDatePickerModal
FN:106,(anonymous_6)
FN:111,(anonymous_7)
FN:116,(anonymous_8)
FN:148,(anonymous_9)
FN:151,(anonymous_10)
FN:156,(anonymous_11)
FN:157,(anonymous_12)
FN:158,(anonymous_13)
FN:188,(anonymous_14)
FN:336,MultiSelectDropdown
FN:339,(anonymous_16)
FN:340,(anonymous_17)
FN:343,(anonymous_18)
FN:345,(anonymous_19)
FN:354,(anonymous_20)
FN:361,(anonymous_21)
FN:362,(anonymous_22)
FN:368,(anonymous_23)
FN:395,(anonymous_24)
FN:399,(anonymous_25)
FN:418,ProjectCreateForm
FN:434,(anonymous_27)
FN:435,(anonymous_28)
FN:439,(anonymous_29)
FN:443,(anonymous_30)
FN:447,(anonymous_31)
FN:452,(anonymous_32)
FN:461,(anonymous_33)
FN:504,(anonymous_34)
FN:547,(anonymous_35)
FN:555,(anonymous_36)
FN:580,(anonymous_37)
FN:589,(anonymous_38)
FN:598,(anonymous_39)
FN:604,(anonymous_40)
FN:612,(anonymous_41)
FNF:42
FNH:0
FNDA:0,Dropdown
FNDA:0,(anonymous_1)
FNDA:0,(anonymous_2)
FNDA:0,(anonymous_3)
FNDA:0,(anonymous_4)
FNDA:0,ProjectDatePickerModal
FNDA:0,(anonymous_6)
FNDA:0,(anonymous_7)
FNDA:0,(anonymous_8)
FNDA:0,(anonymous_9)
FNDA:0,(anonymous_10)
FNDA:0,(anonymous_11)
FNDA:0,(anonymous_12)
FNDA:0,(anonymous_13)
FNDA:0,(anonymous_14)
FNDA:0,MultiSelectDropdown
FNDA:0,(anonymous_16)
FNDA:0,(anonymous_17)
FNDA:0,(anonymous_18)
FNDA:0,(anonymous_19)
FNDA:0,(anonymous_20)
FNDA:0,(anonymous_21)
FNDA:0,(anonymous_22)
FNDA:0,(anonymous_23)
FNDA:0,(anonymous_24)
FNDA:0,(anonymous_25)
FNDA:0,ProjectCreateForm
FNDA:0,(anonymous_27)
FNDA:0,(anonymous_28)
FNDA:0,(anonymous_29)
FNDA:0,(anonymous_30)
FNDA:0,(anonymous_31)
FNDA:0,(anonymous_32)
FNDA:0,(anonymous_33)
FNDA:0,(anonymous_34)
FNDA:0,(anonymous_35)
FNDA:0,(anonymous_36)
FNDA:0,(anonymous_37)
FNDA:0,(anonymous_38)
FNDA:0,(anonymous_39)
FNDA:0,(anonymous_40)
FNDA:0,(anonymous_41)
DA:14,0
DA:27,0
DA:36,0
DA:53,0
DA:55,0
DA:57,0
DA:61,0
DA:79,0
DA:83,0
DA:84,0
DA:103,0
DA:104,0
DA:106,0
DA:107,0
DA:108,0
DA:111,0
DA:112,0
DA:113,0
DA:116,0
DA:117,0
DA:118,0
DA:121,0
DA:148,0
DA:152,0
DA:153,0
DA:154,0
DA:156,0
DA:157,0
DA:165,0
DA:190,0
DA:192,0
DA:337,0
DA:339,0
DA:340,0
DA:343,0
DA:344,0
DA:345,0
DA:347,0
DA:350,0
DA:354,0
DA:362,0
DA:363,0
DA:369,0
DA:370,0
DA:396,0
DA:399,0
DA:419,0
DA:430,0
DA:431,0
DA:432,0
DA:434,0
DA:435,0
DA:439,0
DA:440,0
DA:443,0
DA:444,0
DA:447,0
DA:448,0
DA:452,0
DA:453,0
DA:454,0
DA:461,0
DA:462,0
DA:463,0
DA:464,0
DA:467,0
DA:469,0
DA:470,0
DA:471,0
DA:474,0
DA:476,0
DA:477,0
DA:489,0
DA:490,0
DA:491,0
DA:492,0
DA:495,0
DA:499,0
DA:501,0
DA:504,0
DA:505,0
DA:507,0
DA:517,0
DA:518,0
DA:520,0
DA:525,0
DA:527,0
DA:532,0
DA:547,0
DA:555,0
DA:580,0
DA:589,0
DA:598,0
DA:604,0
DA:612,0
LF:95
LH:0
BRDA:52,0,0,0
BRDA:63,1,0,0
BRDA:63,1,1,0
BRDA:66,2,0,0
BRDA:66,2,1,0
BRDA:69,3,0,0
BRDA:69,3,1,0
BRDA:73,4,0,0
BRDA:73,4,1,0
BRDA:88,5,0,0
BRDA:88,5,1,0
BRDA:89,6,0,0
BRDA:89,6,1,0
BRDA:103,7,0,0
BRDA:103,7,1,0
BRDA:104,8,0,0
BRDA:104,8,1,0
BRDA:117,9,0,0
BRDA:117,9,1,0
BRDA:190,10,0,0
BRDA:190,10,1,0
BRDA:192,11,0,0
BRDA:192,11,1,0
BRDA:336,12,0,0
BRDA:336,13,0,0
BRDA:344,14,0,0
BRDA:344,14,1,0
BRDA:356,15,0,0
BRDA:356,15,1,0
BRDA:359,16,0,0
BRDA:359,16,1,0
BRDA:386,17,0,0
BRDA:386,17,1,0
BRDA:390,18,0,0
BRDA:390,18,1,0
BRDA:402,19,0,0
BRDA:402,19,1,0
BRDA:407,20,0,0
BRDA:407,20,1,0
BRDA:453,21,0,0
BRDA:453,21,1,0
BRDA:462,22,0,0
BRDA:462,22,1,0
BRDA:469,23,0,0
BRDA:469,23,1,0
BRDA:478,24,0,0
BRDA:478,24,1,0
BRDA:479,25,0,0
BRDA:479,25,1,0
BRDA:481,26,0,0
BRDA:481,26,1,0
BRDA:482,27,0,0
BRDA:482,27,1,0
BRDA:483,28,0,0
BRDA:483,28,1,0
BRDA:484,29,0,0
BRDA:484,29,1,0
BRDA:485,30,0,0
BRDA:485,30,1,0
BRDA:486,31,0,0
BRDA:486,31,1,0
BRDA:495,32,0,0
BRDA:495,32,1,0
BRDA:505,33,0,0
BRDA:505,33,1,0
BRDA:567,34,0,0
BRDA:567,34,1,0
BRDA:571,35,0,0
BRDA:571,35,1,0
BRDA:617,36,0,0
BRDA:617,36,1,0
BRDA:629,37,0,0
BRDA:629,37,1,0
BRDA:632,38,0,0
BRDA:632,38,1,0
BRF:75
BRH:0
end_of_record
TN:
SF:src/feature/MyProfile/Project/components/ApplicantCard.jsx
FN:5,ApplicantCard
FN:37,(anonymous_1)
FN:40,(anonymous_2)
FNF:3
FNH:0
FNDA:0,ApplicantCard
FNDA:0,(anonymous_1)
FNDA:0,(anonymous_2)
DA:6,0
DA:8,0
DA:9,0
DA:19,0
DA:20,0
DA:21,0
DA:22,0
DA:25,0
DA:26,0
DA:28,0
DA:38,0
DA:40,0
LF:12
LH:0
BRDA:8,0,0,0
BRDA:8,0,1,0
BRDA:8,1,0,0
BRDA:8,1,1,0
BRDA:20,2,0,0
BRDA:20,2,1,0
BRDA:21,3,0,0
BRDA:21,3,1,0
BRDA:22,4,0,0
BRDA:22,4,1,0
BRDA:42,5,0,0
BRDA:42,5,1,0
BRDA:55,6,0,0
BRDA:55,6,1,0
BRF:14
BRH:0
end_of_record
TN:
SF:src/feature/MyProfile/Project/components/ApplicantListView.jsx
FN:5,ApplicantListView
FN:6,(anonymous_1)
FN:11,(anonymous_2)
FNF:3
FNH:0
FNDA:0,ApplicantListView
FNDA:0,(anonymous_1)
FNDA:0,(anonymous_2)
DA:6,0
DA:7,0
DA:11,0
DA:12,0
DA:16,0
LF:5
LH:0
BRDA:5,0,0,0
BRF:1
BRH:0
end_of_record
TN:
SF:src/feature/MyProfile/Study/DatePickerModal.jsx
FN:9,DatePickerModal
FN:14,(anonymous_1)
FN:20,(anonymous_2)
FN:47,(anonymous_3)
FN:51,(anonymous_4)
FN:52,(anonymous_5)
FN:54,(anonymous_6)
FN:86,(anonymous_7)
FNF:8
FNH:0
FNDA:0,DatePickerModal
FNDA:0,(anonymous_1)
FNDA:0,(anonymous_2)
FNDA:0,(anonymous_3)
FNDA:0,(anonymous_4)
FNDA:0,(anonymous_5)
FNDA:0,(anonymous_6)
FNDA:0,(anonymous_7)
DA:10,0
DA:12,0
DA:14,0
DA:15,0
DA:17,0
DA:20,0
DA:21,0
DA:24,0
DA:47,0
DA:51,0
DA:52,0
DA:61,0
DA:88,0
DA:90,0
LF:14
LH:0
BRDA:88,0,0,0
BRDA:88,0,1,0
BRDA:90,1,0,0
BRDA:90,1,1,0
BRF:4
BRH:0
end_of_record
TN:
SF:src/feature/MyProfile/Study/StudyContent.jsx
FN:16,StudyContent
FN:35,(anonymous_1)
FN:43,(anonymous_2)
FN:48,(anonymous_3)
FN:53,(anonymous_4)
FN:61,(anonymous_5)
FN:79,(anonymous_6)
FN:87,(anonymous_7)
FN:95,(anonymous_8)
FN:101,(anonymous_9)
FNF:10
FNH:0
FNDA:0,StudyContent
FNDA:0,(anonymous_1)
FNDA:0,(anonymous_2)
FNDA:0,(anonymous_3)
FNDA:0,(anonymous_4)
FNDA:0,(anonymous_5)
FNDA:0,(anonymous_6)
FNDA:0,(anonymous_7)
FNDA:0,(anonymous_8)
FNDA:0,(anonymous_9)
DA:17,0
DA:18,0
DA:21,0
DA:32,0
DA:35,0
DA:36,0
DA:37,0
DA:38,0
DA:43,0
DA:44,0
DA:48,0
DA:49,0
DA:53,0
DA:54,0
DA:55,0
DA:56,0
DA:61,0
DA:62,0
DA:63,0
DA:65,0
DA:66,0
DA:70,0
DA:71,0
DA:73,0
DA:76,0
DA:79,0
DA:80,0
DA:81,0
DA:82,0
DA:83,0
DA:87,0
DA:88,0
DA:89,0
DA:90,0
DA:91,0
DA:95,0
DA:96,0
DA:97,0
DA:98,0
DA:101,0
DA:102,0
DA:103,0
DA:104,0
DA:108,0
LF:44
LH:0
BRDA:21,0,0,0
BRDA:37,1,0,0
BRDA:37,1,1,0
BRDA:55,2,0,0
BRDA:55,2,1,0
BRDA:66,3,0,0
BRDA:66,3,1,0
BRDA:70,4,0,0
BRDA:70,4,1,0
BRDA:81,5,0,0
BRDA:81,5,1,0
BRDA:89,6,0,0
BRDA:89,6,1,0
BRF:13
BRH:0
end_of_record
TN:
SF:src/feature/MyProfile/Study/components/NavigationButtons.jsx
FN:5,NavigationButtons
FN:19,(anonymous_1)
FN:22,(anonymous_2)
FN:42,(anonymous_3)
FNF:4
FNH:0
FNDA:0,NavigationButtons
FNDA:0,(anonymous_1)
FNDA:0,(anonymous_2)
FNDA:0,(anonymous_3)
DA:13,0
DA:19,0
DA:20,0
DA:22,0
DA:23,0
DA:24,0
DA:26,0
DA:27,0
DA:29,0
DA:30,0
DA:32,0
DA:36,0
DA:38,0
DA:40,0
DA:41,0
DA:42,0
DA:43,0
DA:44,0
DA:45,0
DA:49,0
DA:51,0
DA:53,0
LF:22
LH:0
BRDA:10,0,0,0
BRDA:11,1,0,0
BRDA:20,2,0,0
BRDA:20,2,1,0
BRDA:24,3,0,0
BRDA:24,3,1,0
BRDA:49,4,0,0
BRDA:49,4,1,0
BRF:8
BRH:0
end_of_record
TN:
SF:src/feature/MyProfile/Study/components/StudyGrid.jsx
FN:4,StudyGrid
FN:12,(anonymous_1)
FN:32,(anonymous_2)
FN:45,(anonymous_3)
FN:46,(anonymous_4)
FNF:5
FNH:0
FNDA:0,StudyGrid
FNDA:0,(anonymous_1)
FNDA:0,(anonymous_2)
FNDA:0,(anonymous_3)
FNDA:0,(anonymous_4)
DA:9,0
DA:10,0
DA:12,0
DA:13,0
DA:14,0
DA:15,0
DA:19,0
DA:20,0
DA:27,0
DA:33,0
DA:34,0
DA:35,0
DA:36,0
DA:37,0
DA:39,0
DA:45,0
DA:46,0
LF:17
LH:0
BRDA:13,0,0,0
BRDA:13,0,1,0
BRDA:13,1,0,0
BRDA:13,1,1,0
BRDA:19,2,0,0
BRDA:19,2,1,0
BRDA:36,3,0,0
BRDA:36,3,1,0
BRDA:37,4,0,0
BRDA:37,4,1,0
BRDA:42,5,0,0
BRDA:42,5,1,0
BRDA:43,6,0,0
BRDA:43,6,1,0
BRDA:44,7,0,0
BRDA:44,7,1,0
BRDA:45,8,0,0
BRDA:45,8,1,0
BRDA:46,9,0,0
BRDA:46,9,1,0
BRDA:48,10,0,0
BRDA:48,10,1,0
BRDA:57,11,0,0
BRDA:57,11,1,0
BRDA:57,12,0,0
BRDA:57,12,1,0
BRDA:63,13,0,0
BRDA:63,13,1,0
BRDA:63,14,0,0
BRDA:63,14,1,0
BRF:30
BRH:0
end_of_record
TN:
SF:src/feature/MyProfile/Study/components/StudyModal.jsx
FN:7,StudyModal
FN:26,(anonymous_1)
FN:89,(anonymous_2)
FNF:3
FNH:0
FNDA:0,StudyModal
FNDA:0,(anonymous_1)
FNDA:0,(anonymous_2)
DA:17,0
DA:19,0
DA:21,0
DA:22,0
DA:23,0
DA:26,0
DA:89,0
LF:7
LH:0
BRDA:19,0,0,0
BRDA:21,1,0,0
BRDA:21,1,1,0
BRDA:40,2,0,0
BRDA:40,2,1,0
BRDA:43,3,0,0
BRDA:43,3,1,0
BRDA:46,4,0,0
BRDA:46,4,1,0
BRDA:62,5,0,0
BRDA:62,5,1,0
BRF:11
BRH:0
end_of_record
TN:
SF:src/feature/MyProfile/components/MemberDisplay.jsx
FN:1,MemberDisplay
FN:20,(anonymous_1)
FNF:2
FNH:2
FNDA:19,MemberDisplay
FNDA:33,(anonymous_1)
DA:2,19
DA:4,19
DA:21,33
LF:3
LH:3
BRDA:1,0,0,10
BRDA:2,1,0,18
BRDA:2,1,1,1
BRDA:19,2,0,17
BRDA:19,2,1,2
BRDA:19,3,0,19
BRDA:19,3,1,18
BRDA:25,4,0,33
BRDA:25,4,1,2
BRDA:50,5,0,16
BRDA:50,5,1,3
BRDA:50,6,0,19
BRDA:50,6,1,18
BRDA:50,6,2,17
BRF:14
BRH:14
end_of_record
TN:
SF:src/feature/MyProfile/components/ProjectCard.jsx
FN:4,ProjectCard
FNF:1
FNH:1
FNDA:10,ProjectCard
DA:5,10
LF:1
LH:1
BRF:0
BRH:0
end_of_record
TN:
SF:src/feature/MyProfile/components/ProjectInfo.jsx
FN:3,ProjectInfo
FNF:1
FNH:1
FNDA:14,ProjectInfo
DA:4,14
DA:6,14
LF:2
LH:2
BRDA:3,0,0,9
BRDA:4,1,0,13
BRDA:4,1,1,1
BRDA:9,2,0,14
BRDA:9,2,1,1
BRDA:12,3,0,14
BRDA:12,3,1,1
BRDA:16,4,0,12
BRDA:16,4,1,2
BRDA:16,5,0,14
BRDA:16,5,1,13
BRDA:22,6,0,13
BRDA:22,6,1,1
BRF:13
BRH:13
end_of_record
TN:
SF:src/feature/MyProfile/hooks/useApplicantData.js
FN:5,useApplicantData
FN:11,(anonymous_1)
FN:24,(anonymous_2)
FN:30,(anonymous_3)
FN:45,(anonymous_4)
FN:60,(anonymous_5)
FN:65,(anonymous_6)
FN:70,(anonymous_7)
FN:87,(anonymous_8)
FN:92,(anonymous_9)
FNF:10
FNH:0
FNDA:0,useApplicantData
FNDA:0,(anonymous_1)
FNDA:0,(anonymous_2)
FNDA:0,(anonymous_3)
FNDA:0,(anonymous_4)
FNDA:0,(anonymous_5)
FNDA:0,(anonymous_6)
FNDA:0,(anonymous_7)
FNDA:0,(anonymous_8)
FNDA:0,(anonymous_9)
DA:6,0
DA:7,0
DA:8,0
DA:11,0
DA:12,0
DA:14,0
DA:15,0
DA:16,0
DA:20,0
DA:22,0
DA:23,0
DA:24,0
DA:28,0
DA:30,0
DA:34,0
DA:37,0
DA:40,0
DA:44,0
DA:45,0
DA:49,0
DA:52,0
DA:53,0
DA:55,0
DA:60,0
DA:61,0
DA:62,0
DA:64,0
DA:65,0
DA:66,0
DA:67,0
DA:69,0
DA:70,0
DA:74,0
DA:78,0
DA:80,0
DA:82,0
DA:87,0
DA:88,0
DA:92,0
DA:93,0
DA:96,0
LF:41
LH:0
BRDA:12,0,0,0
BRDA:12,0,1,0
BRDA:16,1,0,0
BRDA:16,1,1,0
BRDA:22,2,0,0
BRDA:22,2,1,0
BRDA:23,3,0,0
BRDA:23,3,1,0
BRDA:40,4,0,0
BRDA:40,4,1,0
BRDA:41,5,0,0
BRDA:41,5,1,0
BRDA:66,6,0,0
BRDA:66,6,1,0
BRDA:88,7,0,0
BRDA:88,7,1,0
BRDA:93,8,0,0
BRDA:93,8,1,0
BRF:18
BRH:0
end_of_record
TN:
SF:src/feature/MyProfile/hooks/useProjectData.js
FN:5,useProjectData
FN:12,(anonymous_1)
FN:36,(anonymous_2)
FN:60,(anonymous_3)
FN:73,(anonymous_4)
FNF:5
FNH:0
FNDA:0,useProjectData
FNDA:0,(anonymous_1)
FNDA:0,(anonymous_2)
FNDA:0,(anonymous_3)
FNDA:0,(anonymous_4)
DA:6,0
DA:7,0
DA:8,0
DA:9,0
DA:12,0
DA:13,0
DA:14,0
DA:17,0
DA:19,0
DA:20,0
DA:21,0
DA:22,0
DA:24,0
DA:25,0
DA:28,0
DA:29,0
DA:30,0
DA:31,0
DA:36,0
DA:37,0
DA:38,0
DA:41,0
DA:43,0
DA:44,0
DA:45,0
DA:46,0
DA:48,0
DA:49,0
DA:52,0
DA:53,0
DA:54,0
DA:55,0
DA:60,0
DA:61,0
DA:62,0
DA:63,0
DA:64,0
DA:66,0
DA:68,0
DA:73,0
DA:74,0
DA:75,0
DA:78,0
LF:43
LH:0
BRDA:14,0,0,0
BRDA:14,0,1,0
BRDA:19,1,0,0
BRDA:19,1,1,0
BRDA:20,2,0,0
BRDA:20,2,1,0
BRDA:38,3,0,0
BRDA:38,3,1,0
BRDA:43,4,0,0
BRDA:43,4,1,0
BRDA:44,5,0,0
BRDA:44,5,1,0
BRF:12
BRH:0
end_of_record
TN:
SF:src/feature/MyProfile/hooks/useProjectModal.js
FN:3,useProjectModal
FN:15,(anonymous_1)
FN:18,(anonymous_2)
FN:22,(anonymous_3)
FN:23,(anonymous_4)
FN:31,(anonymous_5)
FN:44,(anonymous_6)
FN:49,(anonymous_7)
FN:54,(anonymous_8)
FN:59,(anonymous_9)
FN:64,(anonymous_10)
FN:65,(anonymous_11)
FNF:12
FNH:0
FNDA:0,useProjectModal
FNDA:0,(anonymous_1)
FNDA:0,(anonymous_2)
FNDA:0,(anonymous_3)
FNDA:0,(anonymous_4)
FNDA:0,(anonymous_5)
FNDA:0,(anonymous_6)
FNDA:0,(anonymous_7)
FNDA:0,(anonymous_8)
FNDA:0,(anonymous_9)
FNDA:0,(anonymous_10)
FNDA:0,(anonymous_11)
DA:4,0
DA:11,0
DA:12,0
DA:15,0
DA:16,0
DA:17,0
DA:18,0
DA:22,0
DA:23,0
DA:24,0
DA:25,0
DA:26,0
DA:31,0
DA:32,0
DA:39,0
DA:40,0
DA:44,0
DA:45,0
DA:49,0
DA:50,0
DA:54,0
DA:55,0
DA:59,0
DA:60,0
DA:64,0
DA:65,0
DA:68,0
LF:27
LH:0
BRDA:15,0,0,0
BRDA:15,1,0,0
BRDA:24,2,0,0
BRDA:24,2,1,0
BRDA:24,3,0,0
BRDA:24,3,1,0
BRDA:44,4,0,0
BRDA:49,5,0,0
BRDA:60,6,0,0
BRDA:60,6,1,0
BRF:10
BRH:0
end_of_record
TN:
SF:src/feature/MyProfile/hooks/useProjectNavigation.js
FN:3,useProjectNavigation
FN:9,(anonymous_1)
FN:14,(anonymous_2)
FN:19,(anonymous_3)
FN:25,(anonymous_4)
FN:31,(anonymous_5)
FN:38,(anonymous_6)
FNF:7
FNH:0
FNDA:0,useProjectNavigation
FNDA:0,(anonymous_1)
FNDA:0,(anonymous_2)
FNDA:0,(anonymous_3)
FNDA:0,(anonymous_4)
FNDA:0,(anonymous_5)
FNDA:0,(anonymous_6)
DA:4,0
DA:5,0
DA:6,0
DA:9,0
DA:10,0
DA:14,0
DA:15,0
DA:19,0
DA:20,0
DA:21,0
DA:25,0
DA:26,0
DA:27,0
DA:31,0
DA:32,0
DA:33,0
DA:34,0
DA:38,0
DA:39,0
DA:40,0
DA:41,0
DA:44,0
LF:22
LH:0
BRDA:32,0,0,0
BRDA:32,0,1,0
BRDA:33,1,0,0
BRDA:33,1,1,0
BRF:4
BRH:0
end_of_record
TN:
SF:src/feature/ProjectPage/Avatar.jsx
FN:4,Avatar
FNF:1
FNH:0
FNDA:0,Avatar
DA:5,0
DA:7,0
LF:2
LH:0
BRDA:4,0,0,0
BRDA:5,1,0,0
BRDA:5,1,1,0
BRDA:12,2,0,0
BRDA:12,2,1,0
BRDA:12,3,0,0
BRDA:12,3,1,0
BRF:7
BRH:0
end_of_record
TN:
SF:src/feature/ProjectPage/ProjectCard.jsx
FN:10,ProjectCard
FN:14,(anonymous_1)
FN:18,(anonymous_2)
FNF:3
FNH:0
FNDA:0,ProjectCard
FNDA:0,(anonymous_1)
FNDA:0,(anonymous_2)
DA:11,0
DA:12,0
DA:14,0
DA:15,0
DA:18,0
DA:19,0
DA:22,0
LF:7
LH:0
BRDA:56,0,0,0
BRDA:56,0,1,0
BRF:2
BRH:0
end_of_record
TN:
SF:src/feature/ProjectPage/ProjectPageLayout.jsx
FN:5,ProjectPageLayout
FNF:1
FNH:0
FNDA:0,ProjectPageLayout
DA:6,0
DA:7,0
DA:9,0
DA:10,0
DA:17,0
DA:18,0
DA:25,0
DA:26,0
DA:33,0
LF:9
LH:0
BRDA:9,0,0,0
BRDA:9,0,1,0
BRDA:17,1,0,0
BRDA:17,1,1,0
BRDA:25,2,0,0
BRDA:25,2,1,0
BRF:6
BRH:0
end_of_record
TN:
SF:src/feature/ProjectPage/components/ApplicationModal.jsx
FN:11,ApplicationModal
FN:16,(anonymous_1)
FN:29,(anonymous_2)
FN:73,(anonymous_3)
FN:73,(anonymous_4)
FN:90,(anonymous_5)
FN:104,(anonymous_6)
FNF:7
FNH:0
FNDA:0,ApplicationModal
FNDA:0,(anonymous_1)
FNDA:0,(anonymous_2)
FNDA:0,(anonymous_3)
FNDA:0,(anonymous_4)
FNDA:0,(anonymous_5)
FNDA:0,(anonymous_6)
DA:12,0
DA:13,0
DA:14,0
DA:16,0
DA:17,0
DA:19,0
DA:20,0
DA:23,0
DA:24,0
DA:25,0
DA:29,0
DA:30,0
DA:31,0
DA:34,0
DA:73,0
DA:90,0
DA:104,0
LF:17
LH:0
BRDA:11,0,0,0
BRDA:19,1,0,0
BRDA:19,1,1,0
BRDA:24,2,0,0
BRDA:24,2,1,0
BRDA:118,3,0,0
BRDA:118,3,1,0
BRF:7
BRH:0
end_of_record
TN:
SF:src/feature/ProjectPage/components/Dropdown.jsx
FN:4,Dropdown
FN:7,(anonymous_1)
FN:13,(anonymous_2)
FN:30,(anonymous_3)
FN:34,(anonymous_4)
FNF:5
FNH:0
FNDA:0,Dropdown
FNDA:0,(anonymous_1)
FNDA:0,(anonymous_2)
FNDA:0,(anonymous_3)
FNDA:0,(anonymous_4)
DA:5,0
DA:7,0
DA:9,0
DA:13,0
DA:31,0
DA:35,0
DA:36,0
LF:7
LH:0
BRDA:4,0,0,0
BRDA:15,1,0,0
BRDA:15,1,1,0
BRDA:18,2,0,0
BRDA:18,2,1,0
BRDA:21,3,0,0
BRDA:21,3,1,0
BRDA:25,4,0,0
BRDA:25,4,1,0
BRDA:40,5,0,0
BRDA:40,5,1,0
BRDA:41,6,0,0
BRDA:41,6,1,0
BRF:13
BRH:0
end_of_record
TN:
SF:src/feature/ProjectPage/components/LoginModal.jsx
FN:5,LoginModal
FN:8,(anonymous_1)
FN:13,(anonymous_2)
FNF:3
FNH:0
FNDA:0,LoginModal
FNDA:0,(anonymous_1)
FNDA:0,(anonymous_2)
DA:6,0
DA:8,0
DA:9,0
DA:10,0
DA:13,0
DA:15,0
DA:19,0
LF:7
LH:0
BRF:0
BRH:0
end_of_record
TN:
SF:src/feature/ProjectPage/components/MemberList.jsx
FN:3,MemberList
FN:9,(anonymous_1)
FNF:2
FNH:0
FNDA:0,MemberList
FNDA:0,(anonymous_1)
DA:4,0
DA:10,0
LF:2
LH:0
BRDA:8,0,0,0
BRDA:8,0,1,0
BRDA:8,1,0,0
BRDA:8,1,1,0
BRDA:11,2,0,0
BRDA:11,2,1,0
BRDA:16,3,0,0
BRDA:16,3,1,0
BRF:8
BRH:0
end_of_record
TN:
SF:src/feature/ProjectPage/components/MultiSelectDropdown.jsx
FN:4,MultiSelectDropdown
FN:7,(anonymous_1)
FN:8,(anonymous_2)
FN:11,(anonymous_3)
FN:13,(anonymous_4)
FN:22,(anonymous_5)
FN:29,(anonymous_6)
FN:30,(anonymous_7)
FN:36,(anonymous_8)
FN:63,(anonymous_9)
FN:67,(anonymous_10)
FNF:11
FNH:0
FNDA:0,MultiSelectDropdown
FNDA:0,(anonymous_1)
FNDA:0,(anonymous_2)
FNDA:0,(anonymous_3)
FNDA:0,(anonymous_4)
FNDA:0,(anonymous_5)
FNDA:0,(anonymous_6)
FNDA:0,(anonymous_7)
FNDA:0,(anonymous_8)
FNDA:0,(anonymous_9)
FNDA:0,(anonymous_10)
DA:5,0
DA:7,0
DA:8,0
DA:11,0
DA:12,0
DA:13,0
DA:15,0
DA:18,0
DA:22,0
DA:30,0
DA:31,0
DA:37,0
DA:38,0
DA:64,0
DA:67,0
LF:15
LH:0
BRDA:4,0,0,0
BRDA:4,1,0,0
BRDA:12,2,0,0
BRDA:12,2,1,0
BRDA:24,3,0,0
BRDA:24,3,1,0
BRDA:27,4,0,0
BRDA:27,4,1,0
BRDA:54,5,0,0
BRDA:54,5,1,0
BRDA:58,6,0,0
BRDA:58,6,1,0
BRDA:70,7,0,0
BRDA:70,7,1,0
BRDA:75,8,0,0
BRDA:75,8,1,0
BRF:16
BRH:0
end_of_record
TN:
SF:src/feature/ProjectPage/components/TechList.jsx
FN:3,TechList
FN:9,(anonymous_1)
FNF:2
FNH:0
FNDA:0,TechList
FNDA:0,(anonymous_1)
DA:4,0
DA:10,0
LF:2
LH:0
BRDA:8,0,0,0
BRDA:8,0,1,0
BRDA:8,1,0,0
BRDA:8,1,1,0
BRDA:16,2,0,0
BRDA:16,2,1,0
BRF:6
BRH:0
end_of_record
TN:
SF:src/feature/ProjectPage/constants/applicationOptions.js
FNF:0
FNH:0
DA:1,0
DA:10,0
LF:2
LH:0
BRF:0
BRH:0
end_of_record
TN:
SF:src/feature/ProjectPage/hooks/useApplicationForm.js
FN:3,useApplicationForm
FN:10,(anonymous_1)
FN:11,(anonymous_2)
FN:14,(anonymous_3)
FN:27,(anonymous_4)
FNF:5
FNH:0
FNDA:0,useApplicationForm
FNDA:0,(anonymous_1)
FNDA:0,(anonymous_2)
FNDA:0,(anonymous_3)
FNDA:0,(anonymous_4)
DA:4,0
DA:10,0
DA:11,0
DA:14,0
DA:15,0
DA:16,0
DA:17,0
DA:18,0
DA:20,0
DA:21,0
DA:22,0
DA:24,0
DA:27,0
DA:28,0
DA:35,0
LF:15
LH:0
BRDA:16,0,0,0
BRDA:16,0,1,0
BRDA:17,1,0,0
BRDA:17,1,1,0
BRDA:18,2,0,0
BRDA:18,2,1,0
BRDA:20,3,0,0
BRDA:20,3,1,0
BRF:8
BRH:0
end_of_record
TN:
SF:src/feature/ProjectPage/hooks/useApplicationSubmit.js
FN:4,useApplicationSubmit
FN:8,(anonymous_1)
FN:45,(anonymous_2)
FNF:3
FNH:0
FNDA:0,useApplicationSubmit
FNDA:0,(anonymous_1)
FNDA:0,(anonymous_2)
DA:5,0
DA:6,0
DA:8,0
DA:9,0
DA:10,0
DA:11,0
DA:14,0
DA:16,0
DA:17,0
DA:23,0
DA:24,0
DA:25,0
DA:27,0
DA:31,0
DA:33,0
DA:34,0
DA:35,0
DA:38,0
DA:39,0
DA:40,0
DA:41,0
DA:45,0
DA:46,0
DA:49,0
LF:24
LH:0
BRDA:9,0,0,0
BRDA:9,0,1,0
BRDA:27,1,0,0
BRDA:27,1,1,0
BRF:4
BRH:0
end_of_record
TN:
SF:src/feature/ProjectPage/hooks/useProjectDetail.js
FN:4,useProjectDetail
FN:9,(anonymous_1)
FN:10,(anonymous_2)
FNF:3
FNH:0
FNDA:0,useProjectDetail
FNDA:0,(anonymous_1)
FNDA:0,(anonymous_2)
DA:5,0
DA:6,0
DA:7,0
DA:9,0
DA:10,0
DA:11,0
DA:13,0
DA:14,0
DA:15,0
DA:18,0
DA:19,0
DA:21,0
DA:22,0
DA:24,0
DA:28,0
DA:31,0
LF:16
LH:0
BRDA:11,0,0,0
BRDA:11,0,1,0
BRDA:15,1,0,0
BRDA:15,1,1,0
BRF:4
BRH:0
end_of_record
TN:
SF:src/feature/ProjectPage/hooks/useProjectMapping.js
FN:1,useProjectMapping
FN:6,(anonymous_1)
FN:7,(anonymous_2)
FNF:3
FNH:0
FNDA:0,useProjectMapping
FNDA:0,(anonymous_1)
FNDA:0,(anonymous_2)
DA:2,0
DA:6,0
DA:7,0
DA:11,0
DA:13,0
DA:23,0
LF:6
LH:0
BRDA:11,0,0,0
BRDA:11,0,1,0
BRDA:14,1,0,0
BRDA:14,1,1,0
BRDA:14,1,2,0
BRDA:15,2,0,0
BRDA:15,2,1,0
BRDA:15,2,2,0
BRDA:16,3,0,0
BRDA:16,3,1,0
BRDA:16,3,2,0
BRDA:17,4,0,0
BRDA:17,4,1,0
BRDA:17,4,2,0
BRDA:18,5,0,0
BRDA:18,5,1,0
BRDA:18,5,2,0
BRDA:19,6,0,0
BRDA:19,6,1,0
BRF:19
BRH:0
end_of_record
TN:
SF:src/feature/ProjectPage/hooks/useTextareaResize.js
FN:3,useTextareaResize
FN:6,(anonymous_1)
FN:13,(anonymous_2)
FN:15,(anonymous_3)
FN:22,(anonymous_4)
FN:24,(anonymous_5)
FNF:6
FNH:0
FNDA:0,useTextareaResize
FNDA:0,(anonymous_1)
FNDA:0,(anonymous_2)
FNDA:0,(anonymous_3)
FNDA:0,(anonymous_4)
FNDA:0,(anonymous_5)
DA:4,0
DA:6,0
DA:7,0
DA:8,0
DA:9,0
DA:10,0
DA:13,0
DA:14,0
DA:15,0
DA:16,0
DA:17,0
DA:18,0
DA:22,0
DA:23,0
DA:24,0
DA:25,0
DA:26,0
DA:27,0
DA:32,0
LF:19
LH:0
BRDA:26,0,0,0
BRDA:26,0,1,0
BRF:2
BRH:0
end_of_record
TN:
SF:src/feature/ProjectsPage/ProjectsPage.jsx
FN:8,ProjectsPage
FN:22,(anonymous_1)
FN:23,(anonymous_2)
FN:44,(anonymous_3)
FN:48,(anonymous_4)
FN:55,(anonymous_5)
FN:78,(anonymous_6)
FN:88,(anonymous_7)
FN:102,(anonymous_8)
FN:110,(anonymous_9)
FN:116,(anonymous_10)
FN:145,(anonymous_11)
FN:154,(anonymous_12)
FN:159,(anonymous_13)
FN:173,(anonymous_14)
FNF:15
FNH:0
FNDA:0,ProjectsPage
FNDA:0,(anonymous_1)
FNDA:0,(anonymous_2)
FNDA:0,(anonymous_3)
FNDA:0,(anonymous_4)
FNDA:0,(anonymous_5)
FNDA:0,(anonymous_6)
FNDA:0,(anonymous_7)
FNDA:0,(anonymous_8)
FNDA:0,(anonymous_9)
FNDA:0,(anonymous_10)
FNDA:0,(anonymous_11)
FNDA:0,(anonymous_12)
FNDA:0,(anonymous_13)
FNDA:0,(anonymous_14)
DA:9,0
DA:10,0
DA:11,0
DA:12,0
DA:15,0
DA:16,0
DA:18,0
DA:19,0
DA:22,0
DA:23,0
DA:24,0
DA:25,0
DA:26,0
DA:29,0
DA:30,0
DA:31,0
DA:32,0
DA:34,0
DA:35,0
DA:37,0
DA:41,0
DA:44,0
DA:45,0
DA:48,0
DA:49,0
DA:50,0
DA:51,0
DA:52,0
DA:55,0
DA:56,0
DA:57,0
DA:58,0
DA:59,0
DA:63,0
DA:64,0
DA:71,0
DA:78,0
DA:88,0
DA:103,0
DA:104,0
DA:105,0
DA:107,0
DA:110,0
DA:117,0
DA:118,0
DA:119,0
DA:145,0
DA:155,0
DA:156,0
DA:159,0
DA:173,0
LF:51
LH:0
BRDA:15,0,0,0
BRDA:15,0,1,0
BRDA:16,1,0,0
BRDA:16,1,1,0
BRDA:24,2,0,0
BRDA:24,2,1,0
BRDA:32,3,0,0
BRDA:32,3,1,0
BRDA:56,4,0,0
BRDA:56,4,1,0
BRDA:56,5,0,0
BRDA:56,5,1,0
BRDA:63,6,0,0
BRDA:63,6,1,0
BRDA:80,7,0,0
BRDA:80,7,1,0
BRDA:90,8,0,0
BRDA:90,8,1,0
BRDA:104,9,0,0
BRDA:104,9,1,0
BRDA:104,10,0,0
BRDA:104,10,1,0
BRDA:105,11,0,0
BRDA:105,11,1,0
BRDA:117,12,0,0
BRDA:117,12,1,0
BRDA:117,13,0,0
BRDA:117,13,1,0
BRDA:123,14,0,0
BRDA:123,14,1,0
BRDA:130,15,0,0
BRDA:130,15,1,0
BRDA:133,16,0,0
BRDA:133,16,1,0
BRDA:161,17,0,0
BRDA:161,17,1,0
BRF:36
BRH:0
end_of_record
TN:
SF:src/feature/SignIn/FindPassword.jsx
FN:9,FindPassword
FNF:1
FNH:0
FNDA:0,FindPassword
DA:35,0
DA:37,0
LF:2
LH:0
BRDA:41,0,0,0
BRDA:41,0,1,0
BRDA:72,1,0,0
BRDA:72,1,1,0
BRDA:74,2,0,0
BRDA:74,2,1,0
BRDA:75,3,0,0
BRDA:75,3,1,0
BRDA:80,4,0,0
BRDA:80,4,1,0
BRDA:108,5,0,0
BRDA:108,5,1,0
BRF:12
BRH:0
end_of_record
TN:
SF:src/feature/SignIn/ResetPassword.jsx
FN:8,ResetPassword
FNF:1
FNH:0
FNDA:0,ResetPassword
DA:25,0
DA:27,0
LF:2
LH:0
BRF:0
BRH:0
end_of_record
TN:
SF:src/feature/SignIn/SignInPage.jsx
FN:10,SignInPage
FN:19,(anonymous_1)
FN:27,(anonymous_2)
FN:139,(anonymous_3)
FNF:4
FNH:0
FNDA:0,SignInPage
FNDA:0,(anonymous_1)
FNDA:0,(anonymous_2)
FNDA:0,(anonymous_3)
DA:15,0
DA:17,0
DA:19,0
DA:20,0
DA:22,0
DA:24,0
DA:27,0
DA:28,0
DA:31,0
DA:140,0
DA:141,0
LF:11
LH:0
BRDA:22,0,0,0
BRDA:22,0,1,0
BRDA:84,1,0,0
BRDA:84,1,1,0
BRDA:84,1,2,0
BRDA:122,2,0,0
BRDA:122,2,1,0
BRDA:124,3,0,0
BRDA:124,3,1,0
BRDA:127,4,0,0
BRDA:127,4,1,0
BRF:11
BRH:0
end_of_record
TN:
SF:src/feature/SignIn/SuccessResetPassword.jsx
FN:6,SuccessResetPassword
FN:9,(anonymous_1)
FNF:2
FNH:0
FNDA:0,SuccessResetPassword
FNDA:0,(anonymous_1)
DA:7,0
DA:9,0
DA:10,0
DA:13,0
LF:4
LH:0
BRF:0
BRH:0
end_of_record
TN:
SF:src/feature/SignIn/components/ErrorModal.jsx
FN:3,ErrorModal
FNF:1
FNH:0
FNDA:0,ErrorModal
DA:4,0
DA:6,0
LF:2
LH:0
BRDA:4,0,0,0
BRDA:4,0,1,0
BRF:2
BRH:0
end_of_record
TN:
SF:src/feature/SignIn/constants/index.js
FN:28,(anonymous_0)
FNF:1
FNH:0
FNDA:0,(anonymous_0)
DA:2,0
DA:28,0
LF:2
LH:0
BRF:0
BRH:0
end_of_record
TN:
SF:src/feature/SignIn/hooks/usePasswordReset.js
FN:11,usePasswordReset
FN:29,(anonymous_1)
FN:31,(anonymous_2)
FN:31,(anonymous_3)
FN:32,(anonymous_4)
FN:36,(anonymous_5)
FN:42,(anonymous_6)
FN:48,(anonymous_7)
FN:52,(anonymous_8)
FN:61,(anonymous_9)
FN:62,(anonymous_10)
FN:65,(anonymous_11)
FN:82,(anonymous_12)
FN:97,(anonymous_13)
FN:113,(anonymous_14)
FN:131,(anonymous_15)
FN:138,(anonymous_16)
FNF:17
FNH:0
FNDA:0,usePasswordReset
FNDA:0,(anonymous_1)
FNDA:0,(anonymous_2)
FNDA:0,(anonymous_3)
FNDA:0,(anonymous_4)
FNDA:0,(anonymous_5)
FNDA:0,(anonymous_6)
FNDA:0,(anonymous_7)
FNDA:0,(anonymous_8)
FNDA:0,(anonymous_9)
FNDA:0,(anonymous_10)
FNDA:0,(anonymous_11)
FNDA:0,(anonymous_12)
FNDA:0,(anonymous_13)
FNDA:0,(anonymous_14)
FNDA:0,(anonymous_15)
FNDA:0,(anonymous_16)
DA:12,0
DA:15,0
DA:16,0
DA:19,0
DA:20,0
DA:21,0
DA:22,0
DA:23,0
DA:24,0
DA:26,0
DA:29,0
DA:30,0
DA:31,0
DA:32,0
DA:36,0
DA:37,0
DA:38,0
DA:42,0
DA:43,0
DA:44,0
DA:48,0
DA:49,0
DA:52,0
DA:53,0
DA:61,0
DA:62,0
DA:65,0
DA:66,0
DA:67,0
DA:68,0
DA:69,0
DA:71,0
DA:73,0
DA:74,0
DA:75,0
DA:81,0
DA:82,0
DA:83,0
DA:86,0
DA:87,0
DA:88,0
DA:89,0
DA:91,0
DA:93,0
DA:97,0
DA:98,0
DA:99,0
DA:100,0
DA:101,0
DA:103,0
DA:105,0
DA:106,0
DA:107,0
DA:113,0
DA:114,0
DA:115,0
DA:118,0
DA:119,0
DA:120,0
DA:125,0
DA:127,0
DA:131,0
DA:132,0
DA:133,0
DA:134,0
DA:138,0
DA:139,0
DA:140,0
DA:143,0
LF:69
LH:0
BRDA:30,0,0,0
BRDA:30,0,1,0
BRDA:37,1,0,0
BRDA:37,1,1,0
BRDA:38,2,0,0
BRDA:38,2,1,0
BRDA:43,3,0,0
BRDA:43,3,1,0
BRDA:49,4,0,0
BRDA:49,4,1,0
BRDA:49,4,2,0
BRDA:49,4,3,0
BRDA:54,5,0,0
BRDA:54,5,1,0
BRDA:54,5,2,0
BRDA:54,5,3,0
BRDA:71,6,0,0
BRDA:71,6,1,0
BRDA:71,7,0,0
BRDA:71,7,1,0
BRDA:71,7,2,0
BRDA:81,8,0,0
BRDA:81,8,1,0
BRDA:83,9,0,0
BRDA:83,9,1,0
BRDA:103,10,0,0
BRDA:103,10,1,0
BRDA:103,11,0,0
BRDA:103,11,1,0
BRDA:114,12,0,0
BRDA:114,12,1,0
BRDA:115,13,0,0
BRDA:115,13,1,0
BRDA:132,14,0,0
BRDA:132,14,1,0
BRF:35
BRH:0
end_of_record
TN:
SF:src/feature/SignIn/hooks/useResetPassword.js
FN:10,useResetPassword
FN:22,(anonymous_1)
FN:27,(anonymous_2)
FN:62,(anonymous_3)
FN:71,(anonymous_4)
FNF:5
FNH:0
FNDA:0,useResetPassword
FNDA:0,(anonymous_1)
FNDA:0,(anonymous_2)
FNDA:0,(anonymous_3)
FNDA:0,(anonymous_4)
DA:11,0
DA:12,0
DA:15,0
DA:18,0
DA:19,0
DA:22,0
DA:23,0
DA:24,0
DA:27,0
DA:29,0
DA:30,0
DA:32,0
DA:33,0
DA:35,0
DA:36,0
DA:38,0
DA:58,0
DA:62,0
DA:63,0
DA:71,0
DA:72,0
DA:75,0
LF:22
LH:0
BRDA:15,0,0,0
BRDA:15,0,1,0
BRDA:38,1,0,0
BRDA:38,1,1,0
BRDA:38,2,0,0
BRDA:38,2,1,0
BRDA:63,3,0,0
BRDA:63,3,1,0
BRDA:63,3,2,0
BRDA:63,3,3,0
BRDA:63,3,4,0
BRDA:63,3,5,0
BRF:12
BRH:0
end_of_record
TN:
SF:src/feature/SignIn/hooks/useSignInAuth.js
FN:5,useSignInAuth
FN:9,(anonymous_1)
FN:21,(anonymous_2)
FNF:3
FNH:0
FNDA:0,useSignInAuth
FNDA:0,(anonymous_1)
FNDA:0,(anonymous_2)
DA:6,0
DA:7,0
DA:9,0
DA:10,0
DA:11,0
DA:12,0
DA:13,0
DA:14,0
DA:21,0
DA:22,0
DA:23,0
DA:26,0
LF:12
LH:0
BRDA:12,0,0,0
BRDA:12,0,1,0
BRF:2
BRH:0
end_of_record
TN:
SF:src/feature/SignIn/hooks/useSignInForm.js
FN:5,useSignInForm
FN:12,(anonymous_1)
FN:19,(anonymous_2)
FN:26,(anonymous_3)
FNF:4
FNH:0
FNDA:0,useSignInForm
FNDA:0,(anonymous_1)
FNDA:0,(anonymous_2)
FNDA:0,(anonymous_3)
DA:6,0
DA:10,0
DA:12,0
DA:13,0
DA:14,0
DA:15,0
DA:16,0
DA:19,0
DA:20,0
DA:21,0
DA:22,0
DA:23,0
DA:26,0
DA:27,0
DA:28,0
DA:29,0
DA:30,0
DA:32,0
DA:35,0
LF:19
LH:0
BRDA:15,0,0,0
BRDA:15,0,1,0
BRDA:16,1,0,0
BRDA:16,1,1,0
BRDA:22,2,0,0
BRDA:22,2,1,0
BRDA:23,3,0,0
BRDA:23,3,1,0
BRDA:32,4,0,0
BRDA:32,4,1,0
BRF:10
BRH:0
end_of_record
TN:
SF:src/feature/SignIn/styles/authStyles.js
FNF:0
FNH:0
DA:2,0
LF:1
LH:0
BRF:0
BRH:0
end_of_record
TN:
SF:src/feature/StudyChannel/AttendanceSection.jsx
FN:4,AttendanceSection
FN:15,AttendanceGrid
FN:19,(anonymous_2)
FN:26,StarIcon
FNF:4
FNH:0
FNDA:0,AttendanceSection
FNDA:0,AttendanceGrid
FNDA:0,(anonymous_2)
FNDA:0,StarIcon
DA:5,0
DA:7,0
DA:16,0
DA:17,0
DA:20,0
DA:27,0
LF:6
LH:0
BRDA:15,0,0,0
BRDA:15,1,0,0
BRDA:26,2,0,0
BRDA:32,3,0,0
BRDA:32,3,1,0
BRF:5
BRH:0
end_of_record
TN:
SF:src/feature/StudyChannel/ProfileSection.jsx
FN:4,ProfileSection
FNF:1
FNH:0
FNDA:0,ProfileSection
DA:5,0
DA:7,0
LF:2
LH:0
BRF:0
BRH:0
end_of_record
TN:
SF:src/feature/StudyChannel/ProjectSection.jsx
FN:6,ProjectSection
FN:13,(anonymous_1)
FN:17,(anonymous_2)
FN:21,(anonymous_3)
FN:40,(anonymous_4)
FN:43,(anonymous_5)
FN:55,ProjectAvatar
FN:60,(anonymous_7)
FN:61,(anonymous_8)
FNF:9
FNH:0
FNDA:0,ProjectSection
FNDA:0,(anonymous_1)
FNDA:0,(anonymous_2)
FNDA:0,(anonymous_3)
FNDA:0,(anonymous_4)
FNDA:0,(anonymous_5)
FNDA:0,ProjectAvatar
FNDA:0,(anonymous_7)
FNDA:0,(anonymous_8)
DA:11,0
DA:13,0
DA:14,0
DA:17,0
DA:18,0
DA:21,0
DA:22,0
DA:25,0
DA:30,0
DA:31,0
DA:33,0
DA:41,0
DA:42,0
DA:43,0
DA:56,0
DA:60,0
DA:61,0
LF:17
LH:0
BRF:0
BRH:0
end_of_record
TN:
SF:src/feature/StudyChannel/StudyChannelPage.jsx
FN:10,StudyChannelPage
FN:19,(anonymous_1)
FN:24,(anonymous_2)
FNF:3
FNH:0
FNDA:0,StudyChannelPage
FNDA:0,(anonymous_1)
FNDA:0,(anonymous_2)
DA:11,0
DA:17,0
DA:19,0
DA:20,0
DA:24,0
DA:25,0
DA:29,0
DA:30,0
DA:31,0
DA:34,0
LF:10
LH:0
BRDA:20,0,0,0
BRDA:20,0,1,0
BRF:2
BRH:0
end_of_record
TN:
SF:src/feature/StudyChannel/StudySection.jsx
FN:7,StudySection
FN:15,(anonymous_1)
FN:26,(anonymous_2)
FN:43,(anonymous_3)
FN:45,(anonymous_4)
FN:52,(anonymous_5)
FNF:6
FNH:0
FNDA:0,StudySection
FNDA:0,(anonymous_1)
FNDA:0,(anonymous_2)
FNDA:0,(anonymous_3)
FNDA:0,(anonymous_4)
FNDA:0,(anonymous_5)
DA:11,0
DA:13,0
DA:15,0
DA:16,0
DA:19,0
DA:26,0
DA:44,0
DA:45,0
DA:52,0
LF:9
LH:0
BRF:0
BRH:0
end_of_record
TN:
SF:src/feature/StudyChannel/Modal/ProjectGalleryModal.jsx
FN:6,ProjectGalleryModal
FN:23,(anonymous_1)
FN:28,(anonymous_2)
FN:36,(anonymous_3)
FN:41,(anonymous_4)
FN:92,(anonymous_5)
FNF:6
FNH:0
FNDA:0,ProjectGalleryModal
FNDA:0,(anonymous_1)
FNDA:0,(anonymous_2)
FNDA:0,(anonymous_3)
FNDA:0,(anonymous_4)
FNDA:0,(anonymous_5)
DA:17,0
DA:19,0
DA:21,0
DA:23,0
DA:24,0
DA:25,0
DA:28,0
DA:29,0
DA:30,0
DA:33,0
DA:36,0
DA:41,0
DA:92,0
LF:13
LH:0
BRDA:8,0,0,0
BRDA:9,1,0,0
BRDA:10,2,0,0
BRDA:21,3,0,0
BRDA:21,3,1,0
BRF:5
BRH:0
end_of_record
TN:
SF:src/feature/StudyChannel/Modal/StudyModal.jsx
FN:8,StudyModal
FN:20,(anonymous_1)
FN:25,(anonymous_2)
FN:33,(anonymous_3)
FN:36,(anonymous_4)
FNF:5
FNH:0
FNDA:0,StudyModal
FNDA:0,(anonymous_1)
FNDA:0,(anonymous_2)
FNDA:0,(anonymous_3)
FNDA:0,(anonymous_4)
DA:14,0
DA:16,0
DA:17,0
DA:18,0
DA:20,0
DA:21,0
DA:22,0
DA:25,0
DA:26,0
DA:27,0
DA:30,0
DA:32,0
DA:33,0
DA:36,0
LF:14
LH:0
BRDA:30,0,0,0
BRDA:30,0,1,0
BRDA:47,1,0,0
BRDA:47,1,1,0
BRDA:47,1,2,0
BRF:5
BRH:0
end_of_record
TN:
SF:src/feature/StudyChannel/components/ModalOverlay.jsx
FN:3,ModalOverlay
FN:14,ModalBox
FN:15,(anonymous_2)
FN:20,(anonymous_3)
FN:34,(anonymous_4)
FN:44,(anonymous_5)
FNF:6
FNH:0
FNDA:0,ModalOverlay
FNDA:0,ModalBox
FNDA:0,(anonymous_2)
FNDA:0,(anonymous_3)
FNDA:0,(anonymous_4)
FNDA:0,(anonymous_5)
DA:4,0
DA:15,0
DA:16,0
DA:17,0
DA:20,0
DA:21,0
DA:22,0
DA:25,0
DA:34,0
DA:44,0
LF:10
LH:0
BRDA:14,0,0,0
BRDA:14,1,0,0
BRF:2
BRH:0
end_of_record
TN:
SF:src/feature/StudyChannel/components/NavigationButton.jsx
FN:3,NavigationButton
FN:10,(anonymous_1)
FN:15,(anonymous_2)
FNF:3
FNH:0
FNDA:0,NavigationButton
FNDA:0,(anonymous_1)
FNDA:0,(anonymous_2)
DA:10,0
DA:11,0
DA:12,0
DA:15,0
DA:16,0
DA:17,0
DA:20,0
LF:7
LH:0
BRDA:6,0,0,0
BRDA:7,1,0,0
BRDA:23,2,0,0
BRDA:23,2,1,0
BRF:4
BRH:0
end_of_record
TN:
SF:src/feature/StudyChannel/components/StudyCard.jsx
FN:3,StudyCard
FN:9,(anonymous_1)
FN:10,(anonymous_2)
FNF:3
FNH:0
FNDA:0,StudyCard
FNDA:0,(anonymous_1)
FNDA:0,(anonymous_2)
DA:4,0
DA:9,0
DA:10,0
LF:3
LH:0
BRF:0
BRH:0
end_of_record
TN:
SF:src/feature/StudyChannel/hooks/useHorizontalScroll.js
FN:3,useHorizontalScroll
FN:6,(anonymous_1)
FNF:2
FNH:0
FNDA:0,useHorizontalScroll
FNDA:0,(anonymous_1)
DA:4,0
DA:6,0
DA:7,0
DA:8,0
DA:10,0
DA:11,0
DA:12,0
DA:14,0
DA:17,0
LF:9
LH:0
BRDA:3,0,0,0
BRDA:3,1,0,0
BRDA:6,2,0,0
BRDA:8,3,0,0
BRDA:8,3,1,0
BRDA:10,4,0,0
BRDA:10,4,1,0
BRDA:10,5,0,0
BRDA:10,5,1,0
BRF:9
BRH:0
end_of_record
TN:
SF:src/feature/StudyChannel/hooks/useHoverStyle.js
FN:3,useHoverStyle
FN:4,(anonymous_1)
FN:9,(anonymous_2)
FNF:3
FNH:0
FNDA:0,useHoverStyle
FNDA:0,(anonymous_1)
FNDA:0,(anonymous_2)
DA:4,0
DA:5,0
DA:6,0
DA:9,0
DA:10,0
DA:11,0
DA:14,0
LF:7
LH:0
BRF:0
BRH:0
end_of_record
TN:
SF:src/feature/StudyChannel/hooks/useModalPosition.js
FN:3,useModalPosition
FN:7,(anonymous_1)
FN:10,(anonymous_2)
FN:27,(anonymous_3)
FNF:4
FNH:0
FNDA:0,useModalPosition
FNDA:0,(anonymous_1)
FNDA:0,(anonymous_2)
FNDA:0,(anonymous_3)
DA:4,0
DA:5,0
DA:7,0
DA:8,0
DA:10,0
DA:11,0
DA:12,0
DA:13,0
DA:14,0
DA:15,0
DA:16,0
DA:17,0
DA:20,0
DA:21,0
DA:22,0
DA:23,0
DA:24,0
DA:25,0
DA:27,0
DA:28,0
DA:29,0
DA:30,0
DA:31,0
DA:35,0
LF:24
LH:0
BRDA:3,0,0,0
BRDA:3,1,0,0
BRDA:8,2,0,0
BRDA:8,2,1,0
BRDA:12,3,0,0
BRDA:12,3,1,0
BRDA:22,4,0,0
BRDA:22,4,1,0
BRF:8
BRH:0
end_of_record
TN:
SF:src/feature/WritePage/TiptapEditor.jsx
FN:18,TiptapEditor
FNF:1
FNH:0
FNDA:0,TiptapEditor
DA:20,0
DA:21,0
DA:22,0
DA:23,0
DA:24,0
DA:25,0
DA:28,0
DA:32,0
DA:33,0
DA:40,0
LF:10
LH:0
BRDA:18,0,0,0
BRDA:32,1,0,0
BRDA:32,1,1,0
BRDA:42,2,0,0
BRDA:42,2,1,0
BRDA:46,3,0,0
BRDA:46,3,1,0
BRDA:61,4,0,0
BRDA:61,4,1,0
BRF:9
BRH:0
end_of_record
TN:
SF:src/feature/WritePage/WriteForm.jsx
FN:4,(anonymous_0)
FN:6,(anonymous_1)
FN:12,(anonymous_2)
FNF:3
FNH:0
FNDA:0,(anonymous_0)
FNDA:0,(anonymous_1)
FNDA:0,(anonymous_2)
DA:4,0
DA:6,0
DA:7,0
DA:8,0
DA:12,0
DA:16,0
DA:17,0
DA:24,0
DA:38,0
LF:9
LH:0
BRDA:16,0,0,0
BRDA:16,0,1,0
BRF:2
BRH:0
end_of_record
TN:
SF:src/feature/WritePage/WritePageLayout.jsx
FN:14,WritePageLayout
FN:28,(anonymous_1)
FNF:2
FNH:0
FNDA:0,WritePageLayout
FNDA:0,(anonymous_1)
DA:15,0
DA:25,0
DA:28,0
DA:29,0
DA:33,0
DA:34,0
DA:40,0
LF:7
LH:0
BRF:0
BRH:0
end_of_record
TN:
SF:src/feature/WritePage/components/AlignmentDropdown.jsx
FN:7,AlignmentDropdown
FN:29,(anonymous_1)
FN:36,(anonymous_2)
FN:43,(anonymous_3)
FNF:4
FNH:0
FNDA:0,AlignmentDropdown
FNDA:0,(anonymous_1)
FNDA:0,(anonymous_2)
FNDA:0,(anonymous_3)
DA:13,0
DA:29,0
DA:36,0
DA:43,0
LF:4
LH:0
BRDA:25,0,0,0
BRDA:25,0,1,0
BRF:2
BRH:0
end_of_record
TN:
SF:src/feature/WritePage/components/ConfirmModal.jsx
FN:5,ConfirmModal
FNF:1
FNH:0
FNDA:0,ConfirmModal
DA:13,0
LF:1
LH:0
BRDA:10,0,0,0
BRDA:11,1,0,0
BRF:2
BRH:0
end_of_record
TN:
SF:src/feature/WritePage/components/EditorStyles.jsx
FN:1,EditorStyles
FNF:1
FNH:0
FNDA:0,EditorStyles
DA:2,0
LF:1
LH:0
BRF:0
BRH:0
end_of_record
TN:
SF:src/feature/WritePage/components/EditorToolbar.jsx
FN:25,EditorToolbar
FN:57,(anonymous_1)
FN:64,(anonymous_2)
FN:65,(anonymous_3)
FN:75,(anonymous_4)
FN:84,(anonymous_5)
FN:163,(anonymous_6)
FNF:7
FNH:0
FNDA:0,EditorToolbar
FNDA:0,(anonymous_1)
FNDA:0,(anonymous_2)
FNDA:0,(anonymous_3)
FNDA:0,(anonymous_4)
FNDA:0,(anonymous_5)
FNDA:0,(anonymous_6)
DA:38,0
DA:45,0
DA:51,0
DA:53,0
DA:54,0
DA:57,0
DA:58,0
DA:59,0
DA:60,0
DA:64,0
DA:65,0
DA:68,0
DA:75,0
DA:84,0
LF:14
LH:0
BRDA:53,0,0,0
BRDA:53,0,1,0
BRDA:59,1,0,0
BRDA:59,1,1,0
BRDA:59,2,0,0
BRDA:59,2,1,0
BRDA:107,3,0,0
BRDA:107,3,1,0
BRDA:110,4,0,0
BRDA:110,4,1,0
BRF:10
BRH:0
end_of_record
TN:
SF:src/feature/WritePage/components/LinkModal.jsx
FN:6,LinkModal
FN:10,(anonymous_1)
FN:15,(anonymous_2)
FN:37,(anonymous_3)
FN:53,(anonymous_4)
FNF:5
FNH:0
FNDA:0,LinkModal
FNDA:0,(anonymous_1)
FNDA:0,(anonymous_2)
FNDA:0,(anonymous_3)
FNDA:0,(anonymous_4)
DA:7,0
DA:8,0
DA:10,0
DA:11,0
DA:12,0
DA:15,0
DA:16,0
DA:17,0
DA:18,0
DA:21,0
DA:37,0
DA:53,0
LF:12
LH:0
BRDA:6,0,0,0
BRDA:6,1,0,0
BRDA:71,2,0,0
BRDA:71,2,1,0
BRF:4
BRH:0
end_of_record
TN:
SF:src/feature/WritePage/components/RecordModal.jsx
FN:4,RecordModal
FN:9,(anonymous_1)
FNF:2
FNH:0
FNDA:0,RecordModal
FNDA:0,(anonymous_1)
DA:5,0
DA:7,0
DA:9,0
DA:10,0
DA:11,0
DA:14,0
DA:15,0
DA:16,0
DA:17,0
DA:18,0
DA:19,0
DA:20,0
DA:21,0
DA:23,0
DA:24,0
DA:27,0
DA:31,0
LF:17
LH:0
BRDA:4,0,0,0
BRDA:4,1,0,0
BRDA:4,2,0,0
BRDA:7,3,0,0
BRDA:7,3,1,0
BRDA:10,4,0,0
BRDA:10,4,1,0
BRDA:14,5,0,0
BRDA:14,5,1,0
BRDA:16,6,0,0
BRDA:16,6,1,0
BRDA:18,7,0,0
BRDA:18,7,1,0
BRDA:21,8,0,0
BRDA:21,8,1,0
BRDA:44,9,0,0
BRDA:44,9,1,0
BRF:17
BRH:0
end_of_record
TN:
SF:src/feature/WritePage/components/ToolbarButton.jsx
FN:1,ToolbarButton
FNF:1
FNH:0
FNDA:0,ToolbarButton
DA:10,0
DA:12,0
LF:2
LH:0
BRDA:7,0,0,0
BRDA:8,1,0,0
BRDA:10,2,0,0
BRDA:10,2,1,0
BRF:4
BRH:0
end_of_record
TN:
SF:src/feature/WritePage/components/ToolbarDivider.jsx
FN:1,ToolbarDivider
FNF:1
FNH:0
FNDA:0,ToolbarDivider
DA:2,0
LF:1
LH:0
BRF:0
BRH:0
end_of_record
TN:
SF:src/feature/WritePage/components/VideoModal.jsx
FN:6,VideoModal
FN:9,(anonymous_1)
FN:14,(anonymous_2)
FN:35,(anonymous_3)
FNF:4
FNH:0
FNDA:0,VideoModal
FNDA:0,(anonymous_1)
FNDA:0,(anonymous_2)
FNDA:0,(anonymous_3)
DA:7,0
DA:9,0
DA:10,0
DA:11,0
DA:14,0
DA:15,0
DA:16,0
DA:19,0
DA:35,0
LF:9
LH:0
BRF:0
BRH:0
end_of_record
TN:
SF:src/feature/WritePage/components/WritePageHeader.jsx
FN:4,WritePageHeader
FN:18,(anonymous_1)
FNF:2
FNH:0
FNDA:0,WritePageHeader
FNDA:0,(anonymous_1)
DA:10,0
DA:19,0
LF:2
LH:0
BRDA:16,0,0,0
BRDA:16,0,1,0
BRF:2
BRH:0
end_of_record
TN:
SF:src/feature/WritePage/extensions/NotionCodeBlock.js
FN:16,(anonymous_0)
FN:20,(anonymous_1)
FN:21,(anonymous_2)
FN:28,(anonymous_3)
FN:37,(anonymous_4)
FN:78,(anonymous_5)
FN:80,(anonymous_6)
FN:80,(anonymous_7)
FN:83,(anonymous_8)
FN:83,(anonymous_9)
FN:89,(anonymous_10)
FN:91,(anonymous_11)
FN:92,(anonymous_12)
FNF:13
FNH:0
FNDA:0,(anonymous_0)
FNDA:0,(anonymous_1)
FNDA:0,(anonymous_2)
FNDA:0,(anonymous_3)
FNDA:0,(anonymous_4)
FNDA:0,(anonymous_5)
FNDA:0,(anonymous_6)
FNDA:0,(anonymous_7)
FNDA:0,(anonymous_8)
FNDA:0,(anonymous_9)
FNDA:0,(anonymous_10)
FNDA:0,(anonymous_11)
FNDA:0,(anonymous_12)
DA:3,0
DA:17,0
DA:20,0
DA:21,0
DA:29,0
DA:38,0
DA:39,0
DA:79,0
DA:80,0
DA:81,0
DA:83,0
DA:84,0
DA:90,0
DA:91,0
DA:92,0
LF:15
LH:0
BRDA:20,0,0,0
BRDA:20,0,1,0
BRDA:38,1,0,0
BRDA:38,1,1,0
BRF:4
BRH:0
end_of_record
TN:
SF:src/feature/WritePage/extensions/YouTube.js
FN:11,(anonymous_0)
FN:25,(anonymous_1)
FN:29,(anonymous_2)
FN:48,(anonymous_3)
FN:63,(anonymous_4)
FN:81,(anonymous_5)
FN:83,(anonymous_6)
FN:83,(anonymous_7)
FNF:8
FNH:0
FNDA:0,(anonymous_0)
FNDA:0,(anonymous_1)
FNDA:0,(anonymous_2)
FNDA:0,(anonymous_3)
FNDA:0,(anonymous_4)
FNDA:0,(anonymous_5)
FNDA:0,(anonymous_6)
FNDA:0,(anonymous_7)
DA:4,0
DA:12,0
DA:26,0
DA:30,0
DA:31,0
DA:32,0
DA:33,0
DA:34,0
DA:35,0
DA:37,0
DA:43,0
DA:49,0
DA:50,0
DA:51,0
DA:52,0
DA:54,0
DA:56,0
DA:64,0
DA:82,0
DA:83,0
DA:84,0
LF:21
LH:0
BRDA:32,0,0,0
BRDA:32,0,1,0
BRDA:34,1,0,0
BRDA:34,1,1,0
BRDA:35,2,0,0
BRDA:35,2,1,0
BRDA:51,3,0,0
BRDA:51,3,1,0
BRDA:52,4,0,0
BRDA:52,4,1,0
BRF:10
BRH:0
end_of_record
TN:
SF:src/feature/WritePage/hooks/useContentSync.js
FN:3,(anonymous_0)
FN:4,(anonymous_1)
FN:8,(anonymous_2)
FN:12,(anonymous_3)
FN:15,(anonymous_4)
FN:24,(anonymous_5)
FN:44,(anonymous_6)
FNF:7
FNH:0
FNDA:0,(anonymous_0)
FNDA:0,(anonymous_1)
FNDA:0,(anonymous_2)
FNDA:0,(anonymous_3)
FNDA:0,(anonymous_4)
FNDA:0,(anonymous_5)
FNDA:0,(anonymous_6)
DA:3,0
DA:4,0
DA:5,0
DA:8,0
DA:9,0
DA:12,0
DA:13,0
DA:15,0
DA:16,0
DA:17,0
DA:24,0
DA:25,0
DA:27,0
DA:28,0
DA:29,0
DA:31,0
DA:32,0
DA:34,0
DA:35,0
DA:37,0
DA:38,0
DA:40,0
DA:41,0
DA:44,0
DA:45,0
LF:25
LH:0
BRDA:5,0,0,0
BRDA:5,0,1,0
BRDA:9,1,0,0
BRDA:9,1,1,0
BRDA:9,1,2,0
BRDA:13,2,0,0
BRDA:13,2,1,0
BRDA:13,3,0,0
BRDA:13,3,1,0
BRDA:25,4,0,0
BRDA:25,4,1,0
BRDA:31,5,0,0
BRDA:31,5,1,0
BRDA:32,6,0,0
BRDA:32,6,1,0
BRDA:37,7,0,0
BRDA:37,7,1,0
BRF:17
BRH:0
end_of_record
TN:
SF:src/feature/WritePage/hooks/useEditorConfig.js
FN:29,(anonymous_0)
FN:51,(anonymous_1)
FN:83,(anonymous_2)
FNF:3
FNH:0
FNDA:0,(anonymous_0)
FNDA:0,(anonymous_1)
FNDA:0,(anonymous_2)
DA:29,0
DA:30,0
DA:32,0
DA:33,0
DA:34,0
DA:35,0
DA:36,0
DA:37,0
DA:38,0
DA:39,0
DA:40,0
DA:41,0
DA:42,0
DA:43,0
DA:44,0
DA:45,0
DA:46,0
DA:48,0
DA:51,0
DA:52,0
DA:53,0
DA:55,0
DA:84,0
DA:85,0
DA:87,0
DA:88,0
DA:97,0
LF:27
LH:0
BRDA:82,0,0,0
BRDA:82,0,1,0
BRDA:82,1,0,0
BRDA:82,1,1,0
BRDA:84,2,0,0
BRDA:84,2,1,0
BRF:6
BRH:0
end_of_record
TN:
SF:src/feature/WritePage/hooks/useFullscreen.js
FN:3,(anonymous_0)
FN:6,(anonymous_1)
FNF:2
FNH:0
FNDA:0,(anonymous_0)
FNDA:0,(anonymous_1)
DA:3,0
DA:4,0
DA:6,0
DA:7,0
DA:10,0
LF:5
LH:0
BRF:0
BRH:0
end_of_record
TN:
SF:src/feature/WritePage/hooks/useImageUpload.js
FN:3,(anonymous_0)
FN:4,(anonymous_1)
FN:9,(anonymous_2)
FNF:3
FNH:0
FNDA:0,(anonymous_0)
FNDA:0,(anonymous_1)
FNDA:0,(anonymous_2)
DA:3,0
DA:4,0
DA:5,0
DA:6,0
DA:7,0
DA:9,0
DA:10,0
DA:11,0
DA:13,0
DA:14,0
DA:15,0
DA:16,0
DA:19,0
DA:23,0
DA:26,0
LF:15
LH:0
BRDA:11,0,0,0
BRDA:11,0,1,0
BRDA:15,1,0,0
BRDA:15,1,1,0
BRF:4
BRH:0
end_of_record
TN:
SF:src/feature/WritePage/hooks/useLinkHandler.js
FN:3,(anonymous_0)
FN:7,(anonymous_1)
FN:20,(anonymous_2)
FN:44,(anonymous_3)
FNF:4
FNH:0
FNDA:0,(anonymous_0)
FNDA:0,(anonymous_1)
FNDA:0,(anonymous_2)
FNDA:0,(anonymous_3)
DA:3,0
DA:4,0
DA:5,0
DA:7,0
DA:8,0
DA:10,0
DA:11,0
DA:13,0
DA:17,0
DA:20,0
DA:21,0
DA:23,0
DA:24,0
DA:25,0
DA:28,0
DA:29,0
DA:30,0
DA:33,0
DA:34,0
DA:36,0
DA:37,0
DA:39,0
DA:40,0
DA:44,0
DA:46,0
LF:25
LH:0
BRDA:8,0,0,0
BRDA:8,0,1,0
BRDA:15,1,0,0
BRDA:15,1,1,0
BRDA:21,2,0,0
BRDA:21,2,1,0
BRDA:23,3,0,0
BRDA:23,3,1,0
BRDA:29,4,0,0
BRDA:29,4,1,0
BRDA:36,5,0,0
BRDA:36,5,1,0
BRDA:39,6,0,0
BRDA:39,6,1,0
BRF:14
BRH:0
end_of_record
TN:
SF:src/feature/WritePage/hooks/useTableHandler.js
FN:1,(anonymous_0)
FN:2,(anonymous_1)
FNF:2
FNH:0
FNDA:0,(anonymous_0)
FNDA:0,(anonymous_1)
DA:1,0
DA:2,0
DA:3,0
DA:5,0
DA:6,0
DA:7,0
DA:10,0
DA:17,0
LF:8
LH:0
BRDA:3,0,0,0
BRDA:3,0,1,0
BRDA:5,1,0,0
BRDA:5,1,1,0
BRF:4
BRH:0
end_of_record
TN:
SF:src/feature/WritePage/hooks/useToolbarActions.js
FN:1,(anonymous_0)
FN:2,(anonymous_1)
FN:11,(anonymous_2)
FN:16,(anonymous_3)
FN:24,(anonymous_4)
FNF:5
FNH:0
FNDA:0,(anonymous_0)
FNDA:0,(anonymous_1)
FNDA:0,(anonymous_2)
FNDA:0,(anonymous_3)
FNDA:0,(anonymous_4)
DA:1,0
DA:2,0
DA:3,0
DA:4,0
DA:7,0
DA:11,0
DA:12,0
DA:13,0
DA:16,0
DA:17,0
DA:18,0
DA:19,0
DA:20,0
DA:24,0
DA:25,0
DA:28,0
LF:16
LH:0
BRDA:3,0,0,0
BRDA:3,0,1,0
BRDA:17,1,0,0
BRDA:17,1,1,0
BRDA:19,2,0,0
BRDA:19,2,1,0
BRF:6
BRH:0
end_of_record
TN:
SF:src/feature/WritePage/hooks/useToolbarDropdown.js
FN:3,(anonymous_0)
FN:7,(anonymous_1)
FN:12,(anonymous_2)
FN:17,(anonymous_3)
FNF:4
FNH:0
FNDA:0,(anonymous_0)
FNDA:0,(anonymous_1)
FNDA:0,(anonymous_2)
FNDA:0,(anonymous_3)
DA:3,0
DA:4,0
DA:5,0
DA:7,0
DA:8,0
DA:9,0
DA:12,0
DA:13,0
DA:14,0
DA:17,0
DA:18,0
DA:19,0
DA:22,0
LF:13
LH:0
BRF:0
BRH:0
end_of_record
TN:
SF:src/feature/WritePage/hooks/useToolbarStyle.js
FN:3,(anonymous_0)
FN:5,(anonymous_1)
FN:6,(anonymous_2)
FN:9,(anonymous_3)
FN:13,(anonymous_4)
FNF:5
FNH:0
FNDA:0,(anonymous_0)
FNDA:0,(anonymous_1)
FNDA:0,(anonymous_2)
FNDA:0,(anonymous_3)
FNDA:0,(anonymous_4)
DA:3,0
DA:4,0
DA:5,0
DA:6,0
DA:9,0
DA:10,0
DA:13,0
DA:17,0
LF:8
LH:0
BRDA:10,0,0,0
BRDA:10,0,1,0
BRDA:14,1,0,0
BRDA:14,1,1,0
BRF:4
BRH:0
end_of_record
TN:
SF:src/feature/WritePage/hooks/useVideoHandler.js
FN:3,(anonymous_0)
FN:6,(anonymous_1)
FN:10,(anonymous_2)
FN:30,(anonymous_3)
FNF:4
FNH:0
FNDA:0,(anonymous_0)
FNDA:0,(anonymous_1)
FNDA:0,(anonymous_2)
FNDA:0,(anonymous_3)
DA:3,0
DA:4,0
DA:6,0
DA:7,0
DA:10,0
DA:11,0
DA:13,0
DA:14,0
DA:16,0
DA:17,0
DA:18,0
DA:20,0
DA:26,0
DA:30,0
DA:32,0
LF:15
LH:0
BRDA:11,0,0,0
BRDA:11,0,1,0
BRDA:16,1,0,0
BRDA:16,1,1,0
BRF:4
BRH:0
end_of_record
TN:
SF:src/feature/WritePage/hooks/useWritePage.js
FN:6,useWritePage
FN:26,(anonymous_1)
FN:32,(anonymous_2)
FN:45,(anonymous_3)
FN:58,(anonymous_4)
FN:72,(anonymous_5)
FN:82,(anonymous_6)
FN:85,(anonymous_7)
FN:87,(anonymous_8)
FN:90,(anonymous_9)
FN:95,(anonymous_10)
FN:103,(anonymous_11)
FN:109,(anonymous_12)
FN:112,(anonymous_13)
FN:119,(anonymous_14)
FN:120,(anonymous_15)
FN:123,(anonymous_16)
FN:124,(anonymous_17)
FN:128,(anonymous_18)
FNF:19
FNH:0
FNDA:0,useWritePage
FNDA:0,(anonymous_1)
FNDA:0,(anonymous_2)
FNDA:0,(anonymous_3)
FNDA:0,(anonymous_4)
FNDA:0,(anonymous_5)
FNDA:0,(anonymous_6)
FNDA:0,(anonymous_7)
FNDA:0,(anonymous_8)
FNDA:0,(anonymous_9)
FNDA:0,(anonymous_10)
FNDA:0,(anonymous_11)
FNDA:0,(anonymous_12)
FNDA:0,(anonymous_13)
FNDA:0,(anonymous_14)
FNDA:0,(anonymous_15)
FNDA:0,(anonymous_16)
FNDA:0,(anonymous_17)
FNDA:0,(anonymous_18)
DA:7,0
DA:8,0
DA:9,0
DA:12,0
DA:13,0
DA:14,0
DA:17,0
DA:23,0
DA:26,0
DA:27,0
DA:28,0
DA:32,0
DA:33,0
DA:34,0
DA:35,0
DA:36,0
DA:38,0
DA:40,0
DA:45,0
DA:46,0
DA:47,0
DA:48,0
DA:51,0
DA:52,0
DA:54,0
DA:55,0
DA:56,0
DA:57,0
DA:58,0
DA:60,0
DA:62,0
DA:63,0
DA:66,0
DA:67,0
DA:72,0
DA:75,0
DA:77,0
DA:82,0
DA:83,0
DA:84,0
DA:85,0
DA:86,0
DA:87,0
DA:89,0
DA:90,0
DA:95,0
DA:96,0
DA:97,0
DA:98,0
DA:101,0
DA:102,0
DA:103,0
DA:105,0
DA:107,0
DA:108,0
DA:109,0
DA:111,0
DA:112,0
DA:114,0
DA:119,0
DA:120,0
DA:123,0
DA:124,0
DA:128,0
DA:129,0
DA:132,0
LF:66
LH:0
BRDA:27,0,0,0
BRDA:27,0,1,0
BRDA:27,1,0,0
BRDA:27,1,1,0
BRDA:36,2,0,0
BRDA:36,2,1,0
BRDA:46,3,0,0
BRDA:46,3,1,0
BRDA:46,4,0,0
BRDA:46,4,1,0
BRDA:54,5,0,0
BRDA:54,5,1,0
BRDA:62,6,0,0
BRDA:62,6,1,0
BRDA:96,7,0,0
BRDA:96,7,1,0
BRDA:96,8,0,0
BRDA:96,8,1,0
BRF:18
BRH:0
end_of_record
TN:
SF:src/feature/WritePage/hooks/useWritePageHeader.js
FN:3,(anonymous_0)
FN:4,(anonymous_1)
FN:8,(anonymous_2)
FN:12,(anonymous_3)
FN:23,(anonymous_4)
FN:28,(anonymous_5)
FNF:6
FNH:0
FNDA:0,(anonymous_0)
FNDA:0,(anonymous_1)
FNDA:0,(anonymous_2)
FNDA:0,(anonymous_3)
FNDA:0,(anonymous_4)
FNDA:0,(anonymous_5)
DA:3,0
DA:4,0
DA:5,0
DA:8,0
DA:12,0
DA:23,0
DA:28,0
DA:39,0
LF:8
LH:0
BRDA:5,0,0,0
BRDA:5,0,1,0
BRF:2
BRH:0
end_of_record
TN:
SF:src/feature/WritePage/hooks/useWritePageModals.js
FN:1,(anonymous_0)
FN:2,(anonymous_1)
FN:7,(anonymous_2)
FN:13,(anonymous_3)
FN:21,(anonymous_4)
FN:27,(anonymous_5)
FNF:6
FNH:0
FNDA:0,(anonymous_0)
FNDA:0,(anonymous_1)
FNDA:0,(anonymous_2)
FNDA:0,(anonymous_3)
FNDA:0,(anonymous_4)
FNDA:0,(anonymous_5)
DA:1,0
DA:2,0
DA:3,0
DA:5,0
DA:7,0
DA:11,0
DA:13,0
DA:19,0
DA:21,0
DA:25,0
DA:27,0
DA:31,0
DA:35,0
LF:13
LH:0
BRDA:3,0,0,0
BRDA:3,0,1,0
BRDA:3,0,2,0
BRDA:3,0,3,0
BRDA:3,0,4,0
BRDA:15,1,0,0
BRDA:15,1,1,0
BRDA:16,2,0,0
BRDA:16,2,1,0
BRF:9
BRH:0
end_of_record
TN:
SF:src/hooks/useAuth.js
FN:4,useAuthActions
FN:7,(anonymous_1)
FN:11,(anonymous_2)
FN:15,(anonymous_3)
FN:26,useAuthState
FNF:5
FNH:0
FNDA:0,useAuthActions
FNDA:0,(anonymous_1)
FNDA:0,(anonymous_2)
FNDA:0,(anonymous_3)
FNDA:0,useAuthState
DA:5,0
DA:7,0
DA:8,0
DA:11,0
DA:12,0
DA:15,0
DA:16,0
DA:19,0
DA:27,0
DA:29,0
LF:10
LH:0
BRF:0
BRH:0
end_of_record
TN:
SF:src/hooks/useAuthModal.js
FN:6,useAuthModal
FN:14,(anonymous_1)
FN:19,(anonymous_2)
FN:22,(anonymous_3)
FN:25,(anonymous_4)
FN:38,(anonymous_5)
FN:43,(anonymous_6)
FNF:7
FNH:0
FNDA:0,useAuthModal
FNDA:0,(anonymous_1)
FNDA:0,(anonymous_2)
FNDA:0,(anonymous_3)
FNDA:0,(anonymous_4)
FNDA:0,(anonymous_5)
FNDA:0,(anonymous_6)
DA:7,0
DA:8,0
DA:9,0
DA:11,0
DA:14,0
DA:15,0
DA:19,0
DA:20,0
DA:21,0
DA:22,0
DA:25,0
DA:26,0
DA:28,0
DA:30,0
DA:32,0
DA:34,0
DA:38,0
DA:39,0
DA:40,0
DA:43,0
DA:44,0
DA:45,0
DA:48,0
LF:23
LH:0
BRDA:21,0,0,0
BRDA:21,0,1,0
BRDA:21,1,0,0
BRDA:21,1,1,0
BRDA:26,2,0,0
BRDA:26,2,1,0
BRDA:26,2,2,0
BRDA:26,2,3,0
BRF:8
BRH:0
end_of_record
TN:
SF:src/hooks/useAvatarGeneration.js
FN:11,(anonymous_0)
FN:21,(anonymous_1)
FN:25,(anonymous_2)
FN:28,(anonymous_3)
FN:74,(anonymous_4)
FN:82,(anonymous_5)
FNF:6
FNH:0
FNDA:0,(anonymous_0)
FNDA:0,(anonymous_1)
FNDA:0,(anonymous_2)
FNDA:0,(anonymous_3)
FNDA:0,(anonymous_4)
FNDA:0,(anonymous_5)
DA:11,0
DA:12,0
DA:13,0
DA:14,0
DA:16,0
DA:21,0
DA:22,0
DA:25,0
DA:26,0
DA:28,0
DA:29,0
DA:30,0
DA:32,0
DA:33,0
DA:35,0
DA:36,0
DA:37,0
DA:40,0
DA:41,0
DA:42,0
DA:45,0
DA:50,0
DA:54,0
DA:56,0
DA:57,0
DA:59,0
DA:61,0
DA:65,0
DA:74,0
DA:75,0
DA:76,0
DA:82,0
DA:83,0
DA:86,0
LF:34
LH:0
BRDA:11,0,0,0
BRDA:11,1,0,0
BRDA:22,2,0,0
BRDA:22,2,1,0
BRDA:26,3,0,0
BRDA:26,3,1,0
BRDA:40,4,0,0
BRDA:40,4,1,0
BRDA:76,5,0,0
BRDA:76,5,1,0
BRF:10
BRH:0
end_of_record
TN:
SF:src/hooks/useFormValidation.js
FN:3,useFormValidation
FN:6,(anonymous_1)
FN:7,(anonymous_2)
FN:10,(anonymous_3)
FN:21,useEmailValidation
FN:26,(anonymous_5)
FN:33,(anonymous_6)
FN:36,(anonymous_7)
FN:53,useVerificationCodeValidation
FN:58,(anonymous_9)
FN:65,(anonymous_10)
FN:68,(anonymous_11)
FN:85,usePasswordValidation
FN:90,(anonymous_13)
FN:97,(anonymous_14)
FN:100,(anonymous_15)
FN:114,(anonymous_16)
FN:118,usePasswordConfirmValidation
FN:123,(anonymous_18)
FN:130,(anonymous_19)
FN:133,(anonymous_20)
FN:139,(anonymous_21)
FN:154,(anonymous_22)
FNF:23
FNH:0
FNDA:0,useFormValidation
FNDA:0,(anonymous_1)
FNDA:0,(anonymous_2)
FNDA:0,(anonymous_3)
FNDA:0,useEmailValidation
FNDA:0,(anonymous_5)
FNDA:0,(anonymous_6)
FNDA:0,(anonymous_7)
FNDA:0,useVerificationCodeValidation
FNDA:0,(anonymous_9)
FNDA:0,(anonymous_10)
FNDA:0,(anonymous_11)
FNDA:0,usePasswordValidation
FNDA:0,(anonymous_13)
FNDA:0,(anonymous_14)
FNDA:0,(anonymous_15)
FNDA:0,(anonymous_16)
FNDA:0,usePasswordConfirmValidation
FNDA:0,(anonymous_18)
FNDA:0,(anonymous_19)
FNDA:0,(anonymous_20)
FNDA:0,(anonymous_21)
FNDA:0,(anonymous_22)
DA:4,0
DA:6,0
DA:7,0
DA:10,0
DA:11,0
DA:14,0
DA:22,0
DA:23,0
DA:24,0
DA:26,0
DA:27,0
DA:28,0
DA:29,0
DA:33,0
DA:36,0
DA:37,0
DA:38,0
DA:41,0
DA:54,0
DA:55,0
DA:56,0
DA:58,0
DA:59,0
DA:60,0
DA:61,0
DA:65,0
DA:68,0
DA:69,0
DA:70,0
DA:73,0
DA:86,0
DA:87,0
DA:88,0
DA:90,0
DA:91,0
DA:92,0
DA:93,0
DA:97,0
DA:100,0
DA:101,0
DA:102,0
DA:105,0
DA:114,0
DA:119,0
DA:120,0
DA:121,0
DA:123,0
DA:124,0
DA:125,0
DA:126,0
DA:130,0
DA:133,0
DA:134,0
DA:135,0
DA:139,0
DA:140,0
DA:141,0
DA:144,0
DA:154,0
LF:59
LH:0
BRDA:21,0,0,0
BRDA:29,1,0,0
BRDA:29,1,1,0
BRDA:43,2,0,0
BRDA:43,2,1,0
BRDA:53,3,0,0
BRDA:61,4,0,0
BRDA:61,4,1,0
BRDA:75,5,0,0
BRDA:75,5,1,0
BRDA:85,6,0,0
BRDA:93,7,0,0
BRDA:93,7,1,0
BRDA:107,8,0,0
BRDA:107,8,1,0
BRDA:118,9,0,0
BRDA:126,10,0,0
BRDA:126,10,1,0
BRDA:134,11,0,0
BRDA:134,11,1,0
BRDA:146,12,0,0
BRDA:146,12,1,0
BRF:22
BRH:0
end_of_record
TN:
SF:src/hooks/useHoverStyle.js
FN:9,(anonymous_0)
FN:10,(anonymous_1)
FN:11,(anonymous_2)
FN:16,(anonymous_3)
FN:17,(anonymous_4)
FN:30,(anonymous_5)
FN:49,(anonymous_6)
FNF:7
FNH:0
FNDA:0,(anonymous_0)
FNDA:0,(anonymous_1)
FNDA:0,(anonymous_2)
FNDA:0,(anonymous_3)
FNDA:0,(anonymous_4)
FNDA:0,(anonymous_5)
FNDA:0,(anonymous_6)
DA:9,0
DA:10,0
DA:11,0
DA:12,0
DA:16,0
DA:17,0
DA:18,0
DA:22,0
DA:30,0
DA:31,0
DA:49,0
DA:50,0
LF:12
LH:0
BRDA:9,0,0,0
BRDA:9,1,0,0
BRF:2
BRH:0
end_of_record
TN:
SF:src/hooks/useStudyQueries.js
FN:15,(anonymous_0)
FN:18,(anonymous_1)
FN:37,(anonymous_2)
FN:45,(anonymous_3)
FN:48,(anonymous_4)
FN:51,(anonymous_5)
FN:63,(anonymous_6)
FN:66,(anonymous_7)
FN:76,(anonymous_8)
FN:79,(anonymous_9)
FN:90,(anonymous_10)
FN:94,(anonymous_11)
FN:106,(anonymous_12)
FN:124,(anonymous_13)
FN:130,(anonymous_14)
FN:139,(anonymous_15)
FN:143,(anonymous_16)
FN:144,(anonymous_17)
FN:148,(anonymous_18)
FN:161,(anonymous_19)
FN:170,(anonymous_20)
FN:174,(anonymous_21)
FN:175,(anonymous_22)
FN:187,(anonymous_23)
FNF:24
FNH:0
FNDA:0,(anonymous_0)
FNDA:0,(anonymous_1)
FNDA:0,(anonymous_2)
FNDA:0,(anonymous_3)
FNDA:0,(anonymous_4)
FNDA:0,(anonymous_5)
FNDA:0,(anonymous_6)
FNDA:0,(anonymous_7)
FNDA:0,(anonymous_8)
FNDA:0,(anonymous_9)
FNDA:0,(anonymous_10)
FNDA:0,(anonymous_11)
FNDA:0,(anonymous_12)
FNDA:0,(anonymous_13)
FNDA:0,(anonymous_14)
FNDA:0,(anonymous_15)
FNDA:0,(anonymous_16)
FNDA:0,(anonymous_17)
FNDA:0,(anonymous_18)
FNDA:0,(anonymous_19)
FNDA:0,(anonymous_20)
FNDA:0,(anonymous_21)
FNDA:0,(anonymous_22)
FNDA:0,(anonymous_23)
DA:15,0
DA:16,0
DA:19,0
DA:22,0
DA:23,0
DA:27,0
DA:28,0
DA:32,0
DA:33,0
DA:37,0
DA:45,0
DA:46,0
DA:48,0
DA:53,0
DA:54,0
DA:63,0
DA:64,0
DA:66,0
DA:76,0
DA:77,0
DA:79,0
DA:90,0
DA:91,0
DA:93,0
DA:95,0
DA:98,0
DA:99,0
DA:101,0
DA:104,0
DA:108,0
DA:114,0
DA:115,0
DA:122,0
DA:125,0
DA:126,0
DA:131,0
DA:139,0
DA:140,0
DA:142,0
DA:143,0
DA:146,0
DA:148,0
DA:156,0
DA:162,0
DA:170,0
DA:171,0
DA:173,0
DA:174,0
DA:177,0
DA:182,0
DA:188,0
LF:51
LH:0
BRDA:15,0,0,0
BRDA:19,1,0,0
BRDA:19,2,0,0
BRDA:22,3,0,0
BRDA:22,3,1,0
BRDA:27,4,0,0
BRDA:27,4,1,0
BRDA:33,5,0,0
BRDA:33,5,1,0
BRDA:33,5,2,0
BRDA:37,6,0,0
BRDA:37,6,1,0
BRDA:37,6,2,0
BRDA:53,7,0,0
BRDA:53,7,1,0
BRDA:114,8,0,0
BRDA:114,8,1,0
BRDA:125,9,0,0
BRDA:125,9,1,0
BRF:19
BRH:0
end_of_record
TN:
SF:src/layout/AppLayout.jsx
FN:8,AppLayout
FN:16,(anonymous_1)
FN:22,(anonymous_2)
FNF:3
FNH:0
FNDA:0,AppLayout
FNDA:0,(anonymous_1)
FNDA:0,(anonymous_2)
DA:9,0
DA:10,0
DA:12,0
DA:13,0
DA:16,0
DA:17,0
DA:18,0
DA:19,0
DA:20,0
DA:21,0
DA:22,0
DA:23,0
DA:24,0
DA:30,0
DA:31,0
DA:32,0
DA:34,0
LF:17
LH:0
BRDA:17,0,0,0
BRDA:17,0,1,0
BRDA:36,1,0,0
BRDA:36,1,1,0
BRDA:37,2,0,0
BRDA:37,2,1,0
BRF:6
BRH:0
end_of_record
TN:
SF:src/mock-data/applicants.js
FNF:0
FNH:0
DA:3,1
DA:108,1
LF:2
LH:2
BRF:0
BRH:0
end_of_record
TN:
SF:src/mock-data/projects.js
FNF:0
FNH:0
DA:3,1
DA:97,1
LF:2
LH:2
BRF:0
BRH:0
end_of_record
TN:
SF:src/mock-logic/config.js
FNF:0
FNH:0
DA:4,1
DA:7,1
DA:18,1
LF:3
LH:3
BRF:0
BRH:0
end_of_record
TN:
SF:src/mock-logic/index.js
FNF:0
FNH:0
LF:0
LH:0
BRF:0
BRH:0
end_of_record
TN:
SF:src/mock-logic/projectService.js
FN:7,(anonymous_0)
FN:7,(anonymous_1)
FN:12,(anonymous_2)
FN:18,(anonymous_3)
FN:20,(anonymous_4)
FN:30,(anonymous_5)
FN:35,(anonymous_6)
FN:43,(anonymous_7)
FN:55,(anonymous_8)
FN:62,(anonymous_9)
FN:75,(anonymous_10)
FN:116,(anonymous_11)
FNF:12
FNH:3
FNDA:6,(anonymous_0)
FNDA:6,(anonymous_1)
FNDA:6,(anonymous_2)
FNDA:0,(anonymous_3)
FNDA:0,(anonymous_4)
FNDA:0,(anonymous_5)
FNDA:0,(anonymous_6)
FNDA:0,(anonymous_7)
FNDA:0,(anonymous_8)
FNDA:0,(anonymous_9)
FNDA:0,(anonymous_10)
FNDA:0,(anonymous_11)
DA:7,6
DA:13,6
DA:14,6
DA:19,0
DA:20,0
DA:22,0
DA:23,0
DA:26,0
DA:31,0
DA:33,0
DA:34,0
DA:35,0
DA:39,0
DA:44,0
DA:46,0
DA:49,0
DA:50,0
DA:51,0
DA:54,0
DA:55,0
DA:58,0
DA:63,0
DA:65,0
DA:67,0
DA:68,0
DA:71,0
DA:76,0
DA:78,0
DA:80,0
DA:107,0
DA:109,0
DA:110,0
DA:112,0
DA:117,0
DA:119,0
DA:126,0
DA:127,0
DA:136,0
DA:139,0
DA:152,0
DA:153,0
DA:155,0
DA:157,0
DA:162,0
LF:44
LH:3
BRDA:7,0,0,0
BRDA:22,1,0,0
BRDA:22,1,1,0
BRDA:39,2,0,0
BRDA:39,2,1,0
BRDA:49,3,0,0
BRDA:49,3,1,0
BRDA:65,4,0,0
BRDA:65,4,1,0
BRDA:67,5,0,0
BRDA:67,5,1,0
BRDA:82,6,0,0
BRDA:82,6,1,0
BRDA:83,7,0,0
BRDA:83,7,1,0
BRDA:87,8,0,0
BRDA:87,8,1,0
BRDA:89,9,0,0
BRDA:89,9,1,0
BRDA:98,10,0,0
BRDA:98,10,1,0
BRDA:99,11,0,0
BRDA:99,11,1,0
BRDA:101,12,0,0
BRDA:101,12,1,0
BRDA:102,13,0,0
BRDA:102,13,1,0
BRDA:103,14,0,0
BRDA:103,14,1,0
BRDA:126,15,0,0
BRDA:126,15,1,0
BRDA:152,16,0,0
BRDA:152,16,1,0
BRF:33
BRH:0
end_of_record
TN:
SF:src/providers/QueryProvider.jsx
FN:20,QueryProvider
FNF:1
FNH:0
FNDA:0,QueryProvider
DA:5,0
DA:21,0
LF:2
LH:0
BRDA:25,0,0,0
BRDA:25,0,1,0
BRF:2
BRH:0
end_of_record
TN:
SF:src/services/authService.js
FN:6,(anonymous_0)
FN:49,(anonymous_1)
FN:51,(anonymous_2)
FN:98,(anonymous_3)
FN:104,(anonymous_4)
FN:125,(anonymous_5)
FN:136,(anonymous_6)
FN:148,(anonymous_7)
FN:159,(anonymous_8)
FN:160,(anonymous_9)
FN:161,(anonymous_10)
FN:168,(anonymous_11)
FN:169,(anonymous_12)
FN:170,(anonymous_13)
FNF:14
FNH:0
FNDA:0,(anonymous_0)
FNDA:0,(anonymous_1)
FNDA:0,(anonymous_2)
FNDA:0,(anonymous_3)
FNDA:0,(anonymous_4)
FNDA:0,(anonymous_5)
FNDA:0,(anonymous_6)
FNDA:0,(anonymous_7)
FNDA:0,(anonymous_8)
FNDA:0,(anonymous_9)
FNDA:0,(anonymous_10)
FNDA:0,(anonymous_11)
FNDA:0,(anonymous_12)
FNDA:0,(anonymous_13)
DA:9,0
DA:14,0
DA:19,0
DA:20,0
DA:29,0
DA:43,0
DA:44,0
DA:45,0
DA:48,0
DA:49,0
DA:51,0
DA:53,0
DA:58,0
DA:59,0
DA:62,0
DA:65,0
DA:69,0
DA:71,0
DA:72,0
DA:73,0
DA:79,0
DA:86,0
DA:89,0
DA:91,0
DA:93,0
DA:99,0
DA:100,0
DA:105,0
DA:106,0
DA:109,0
DA:120,0
DA:126,0
DA:127,0
DA:128,0
DA:131,0
DA:137,0
DA:138,0
DA:139,0
DA:140,0
DA:149,0
DA:150,0
DA:151,0
DA:155,0
DA:160,0
DA:161,0
DA:162,0
DA:169,0
DA:170,0
DA:171,0
LF:49
LH:0
BRDA:43,0,0,0
BRDA:43,0,1,0
BRDA:48,1,0,0
BRDA:48,1,1,0
BRDA:48,2,0,0
BRDA:48,2,1,0
BRDA:58,3,0,0
BRDA:58,3,1,0
BRDA:62,4,0,0
BRDA:62,4,1,0
BRDA:69,5,0,0
BRDA:69,5,1,0
BRDA:89,6,0,0
BRDA:89,6,1,0
BRDA:89,7,0,0
BRDA:89,7,1,0
BRDA:112,8,0,0
BRDA:112,8,1,0
BRDA:128,9,0,0
BRDA:128,9,1,0
BRDA:139,10,0,0
BRDA:139,10,1,0
BRDA:150,11,0,0
BRDA:150,11,1,0
BRF:24
BRH:0
end_of_record
TN:
SF:src/services/projectService.js
FN:21,(anonymous_0)
FN:39,(anonymous_1)
FN:47,(anonymous_2)
FN:98,(anonymous_3)
FN:117,(anonymous_4)
FN:131,(anonymous_5)
FN:145,(anonymous_6)
FN:159,(anonymous_7)
FN:173,(anonymous_8)
FN:187,(anonymous_9)
FN:206,(anonymous_10)
FNF:11
FNH:0
FNDA:0,(anonymous_0)
FNDA:0,(anonymous_1)
FNDA:0,(anonymous_2)
FNDA:0,(anonymous_3)
FNDA:0,(anonymous_4)
FNDA:0,(anonymous_5)
FNDA:0,(anonymous_6)
FNDA:0,(anonymous_7)
FNDA:0,(anonymous_8)
FNDA:0,(anonymous_9)
FNDA:0,(anonymous_10)
DA:4,0
DA:7,0
DA:22,0
DA:23,0
DA:25,0
DA:26,0
DA:29,0
DA:31,0
DA:32,0
DA:35,0
DA:40,0
DA:41,0
DA:43,0
DA:48,0
DA:49,0
DA:50,0
DA:51,0
DA:52,0
DA:53,0
DA:56,0
DA:57,0
DA:59,0
DA:62,0
DA:63,0
DA:64,0
DA:66,0
DA:67,0
DA:68,0
DA:69,0
DA:70,0
DA:71,0
DA:72,0
DA:76,0
DA:77,0
DA:78,0
DA:81,0
DA:82,0
DA:85,0
DA:86,0
DA:89,0
DA:90,0
DA:91,0
DA:99,0
DA:100,0
DA:102,0
DA:110,0
DA:112,0
DA:118,0
DA:119,0
DA:124,0
DA:126,0
DA:132,0
DA:133,0
DA:138,0
DA:140,0
DA:146,0
DA:147,0
DA:152,0
DA:154,0
DA:160,0
DA:161,0
DA:166,0
DA:168,0
DA:174,0
DA:175,0
DA:180,0
DA:182,0
DA:188,0
DA:189,0
DA:191,0
DA:199,0
DA:201,0
DA:207,0
DA:208,0
DA:213,0
DA:215,0
LF:76
LH:0
BRDA:21,0,0,0
BRDA:25,1,0,0
BRDA:25,1,1,0
BRDA:31,2,0,0
BRDA:31,2,1,0
BRDA:39,3,0,0
BRDA:40,4,0,0
BRDA:40,4,1,0
BRDA:40,5,0,0
BRDA:40,5,1,0
BRDA:47,6,0,0
BRDA:48,7,0,0
BRDA:48,7,1,0
BRDA:52,8,0,0
BRDA:52,8,1,0
BRDA:57,9,0,0
BRDA:57,9,1,0
BRDA:59,10,0,0
BRDA:59,10,1,0
BRDA:66,11,0,0
BRDA:66,11,1,0
BRDA:66,12,0,0
BRDA:66,12,1,0
BRDA:70,13,0,0
BRDA:70,13,1,0
BRDA:77,14,0,0
BRDA:77,14,1,0
BRDA:77,15,0,0
BRDA:77,15,1,0
BRDA:91,16,0,0
BRDA:91,16,1,0
BRF:31
BRH:0
end_of_record
TN:
SF:src/services/studyService.js
FN:28,(anonymous_0)
FN:44,(anonymous_1)
FN:52,(anonymous_2)
FN:76,(anonymous_3)
FN:91,(anonymous_4)
FN:102,(anonymous_5)
FN:116,(anonymous_6)
FN:150,(anonymous_7)
FN:151,(anonymous_8)
FN:153,(anonymous_9)
FN:160,(anonymous_10)
FN:197,(anonymous_11)
FN:212,(anonymous_12)
FN:226,(anonymous_13)
FN:241,(anonymous_14)
FN:255,(anonymous_15)
FN:270,(anonymous_16)
FN:284,(anonymous_17)
FN:299,(anonymous_18)
FN:316,(anonymous_19)
FN:351,(anonymous_20)
FNF:21
FNH:0
FNDA:0,(anonymous_0)
FNDA:0,(anonymous_1)
FNDA:0,(anonymous_2)
FNDA:0,(anonymous_3)
FNDA:0,(anonymous_4)
FNDA:0,(anonymous_5)
FNDA:0,(anonymous_6)
FNDA:0,(anonymous_7)
FNDA:0,(anonymous_8)
FNDA:0,(anonymous_9)
FNDA:0,(anonymous_10)
FNDA:0,(anonymous_11)
FNDA:0,(anonymous_12)
FNDA:0,(anonymous_13)
FNDA:0,(anonymous_14)
FNDA:0,(anonymous_15)
FNDA:0,(anonymous_16)
FNDA:0,(anonymous_17)
FNDA:0,(anonymous_18)
FNDA:0,(anonymous_19)
FNDA:0,(anonymous_20)
DA:4,0
DA:7,0
DA:29,0
DA:30,0
DA:32,0
DA:33,0
DA:36,0
DA:37,0
DA:40,0
DA:45,0
DA:46,0
DA:48,0
DA:53,0
DA:54,0
DA:55,0
DA:56,0
DA:57,0
DA:61,0
DA:64,0
DA:65,0
DA:66,0
DA:68,0
DA:69,0
DA:77,0
DA:78,0
DA:84,0
DA:86,0
DA:92,0
DA:93,0
DA:101,0
DA:102,0
DA:103,0
DA:106,0
DA:108,0
DA:109,0
DA:111,0
DA:117,0
DA:118,0
DA:119,0
DA:121,0
DA:122,0
DA:123,0
DA:129,0
DA:130,0
DA:134,0
DA:135,0
DA:136,0
DA:139,0
DA:140,0
DA:146,0
DA:151,0
DA:152,0
DA:153,0
DA:154,0
DA:155,0
DA:161,0
DA:163,0
DA:164,0
DA:170,0
DA:173,0
DA:174,0
DA:175,0
DA:182,0
DA:190,0
DA:198,0
DA:199,0
DA:205,0
DA:207,0
DA:213,0
DA:214,0
DA:219,0
DA:221,0
DA:227,0
DA:228,0
DA:234,0
DA:236,0
DA:242,0
DA:243,0
DA:248,0
DA:250,0
DA:256,0
DA:257,0
DA:258,0
DA:263,0
DA:265,0
DA:271,0
DA:272,0
DA:277,0
DA:279,0
DA:285,0
DA:286,0
DA:287,0
DA:292,0
DA:294,0
DA:300,0
DA:301,0
DA:302,0
DA:307,0
DA:309,0
DA:317,0
DA:318,0
DA:323,0
DA:324,0
DA:325,0
DA:326,0
DA:327,0
DA:331,0
DA:335,0
DA:336,0
DA:337,0
DA:340,0
DA:341,0
DA:343,0
DA:346,0
DA:352,0
DA:353,0
DA:357,0
DA:362,0
DA:364,0
LF:119
LH:0
BRDA:28,0,0,0
BRDA:32,1,0,0
BRDA:32,1,1,0
BRDA:36,2,0,0
BRDA:36,2,1,0
BRDA:44,3,0,0
BRDA:45,4,0,0
BRDA:45,4,1,0
BRDA:45,5,0,0
BRDA:45,5,1,0
BRDA:52,6,0,0
BRDA:53,7,0,0
BRDA:53,7,1,0
BRDA:61,8,0,0
BRDA:61,8,1,0
BRDA:65,9,0,0
BRDA:65,9,1,0
BRDA:65,10,0,0
BRDA:65,10,1,0
BRDA:69,11,0,0
BRDA:69,11,1,0
BRDA:101,12,0,0
BRDA:101,12,1,0
BRDA:103,13,0,0
BRDA:103,13,1,0
BRDA:108,14,0,0
BRDA:108,14,1,0
BRDA:108,15,0,0
BRDA:108,15,1,0
BRDA:129,16,0,0
BRDA:129,16,1,0
BRDA:134,17,0,0
BRDA:134,17,1,0
BRDA:134,18,0,0
BRDA:134,18,1,0
BRDA:139,19,0,0
BRDA:139,19,1,0
BRDA:197,20,0,0
BRDA:226,21,0,0
BRDA:255,22,0,0
BRDA:255,23,0,0
BRDA:284,24,0,0
BRDA:284,25,0,0
BRDA:299,26,0,0
BRDA:299,27,0,0
BRDA:323,28,0,0
BRDA:323,28,1,0
BRDA:331,29,0,0
BRDA:331,29,1,0
BRDA:336,30,0,0
BRDA:336,30,1,0
BRDA:336,31,0,0
BRDA:336,31,1,0
BRDA:353,32,0,0
BRDA:353,32,1,0
BRF:55
BRH:0
end_of_record
TN:
SF:src/stores/studyChannelStore.js
FN:3,(anonymous_0)
FN:40,(anonymous_1)
FN:40,(anonymous_2)
FN:44,(anonymous_3)
FN:44,(anonymous_4)
FN:49,(anonymous_5)
FN:49,(anonymous_6)
FN:53,(anonymous_7)
FN:53,(anonymous_8)
FN:57,(anonymous_9)
FN:57,(anonymous_10)
FN:62,(anonymous_11)
FN:62,(anonymous_12)
FN:66,(anonymous_13)
FN:66,(anonymous_14)
FN:70,(anonymous_15)
FN:70,(anonymous_16)
FN:74,(anonymous_17)
FN:74,(anonymous_18)
FN:79,(anonymous_19)
FN:79,(anonymous_20)
FN:83,(anonymous_21)
FN:83,(anonymous_22)
FN:88,(anonymous_23)
FN:93,(anonymous_24)
FN:98,(anonymous_25)
FN:103,(anonymous_26)
FN:109,(anonymous_27)
FN:124,(anonymous_28)
FN:130,(anonymous_29)
FN:131,(anonymous_30)
FN:138,(anonymous_31)
FN:139,(anonymous_32)
FN:146,(anonymous_33)
FN:146,(anonymous_34)
FN:155,(anonymous_35)
FN:155,(anonymous_36)
FNF:37
FNH:0
FNDA:0,(anonymous_0)
FNDA:0,(anonymous_1)
FNDA:0,(anonymous_2)
FNDA:0,(anonymous_3)
FNDA:0,(anonymous_4)
FNDA:0,(anonymous_5)
FNDA:0,(anonymous_6)
FNDA:0,(anonymous_7)
FNDA:0,(anonymous_8)
FNDA:0,(anonymous_9)
FNDA:0,(anonymous_10)
FNDA:0,(anonymous_11)
FNDA:0,(anonymous_12)
FNDA:0,(anonymous_13)
FNDA:0,(anonymous_14)
FNDA:0,(anonymous_15)
FNDA:0,(anonymous_16)
FNDA:0,(anonymous_17)
FNDA:0,(anonymous_18)
FNDA:0,(anonymous_19)
FNDA:0,(anonymous_20)
FNDA:0,(anonymous_21)
FNDA:0,(anonymous_22)
FNDA:0,(anonymous_23)
FNDA:0,(anonymous_24)
FNDA:0,(anonymous_25)
FNDA:0,(anonymous_26)
FNDA:0,(anonymous_27)
FNDA:0,(anonymous_28)
FNDA:0,(anonymous_29)
FNDA:0,(anonymous_30)
FNDA:0,(anonymous_31)
FNDA:0,(anonymous_32)
FNDA:0,(anonymous_33)
FNDA:0,(anonymous_34)
FNDA:0,(anonymous_35)
FNDA:0,(anonymous_36)
DA:3,0
DA:40,0
DA:44,0
DA:49,0
DA:53,0
DA:57,0
DA:62,0
DA:66,0
DA:70,0
DA:74,0
DA:79,0
DA:83,0
DA:89,0
DA:90,0
DA:93,0
DA:99,0
DA:100,0
DA:103,0
DA:110,0
DA:111,0
DA:114,0
DA:115,0
DA:119,0
DA:124,0
DA:131,0
DA:139,0
DA:146,0
DA:155,0
LF:28
LH:0
BRDA:90,0,0,0
BRDA:90,0,1,0
BRDA:100,1,0,0
BRDA:100,1,1,0
BRDA:114,2,0,0
BRDA:114,2,1,0
BRDA:115,3,0,0
BRDA:115,3,1,0
BRDA:119,4,0,0
BRDA:119,4,1,0
BRF:10
BRH:0
end_of_record
TN:
SF:src/stores/studyUIStore.js
FN:4,(anonymous_0)
FN:16,(anonymous_1)
FN:24,(anonymous_2)
FN:25,(anonymous_3)
FN:35,(anonymous_4)
FN:36,(anonymous_5)
FN:42,(anonymous_6)
FN:50,(anonymous_7)
FN:58,(anonymous_8)
FNF:9
FNH:0
FNDA:0,(anonymous_0)
FNDA:0,(anonymous_1)
FNDA:0,(anonymous_2)
FNDA:0,(anonymous_3)
FNDA:0,(anonymous_4)
FNDA:0,(anonymous_5)
FNDA:0,(anonymous_6)
FNDA:0,(anonymous_7)
FNDA:0,(anonymous_8)
DA:4,0
DA:17,0
DA:25,0
DA:36,0
DA:43,0
DA:44,0
DA:45,0
DA:46,0
DA:47,0
DA:51,0
DA:52,0
DA:53,0
DA:54,0
DA:55,0
DA:59,0
DA:60,0
DA:61,0
DA:62,0
DA:63,0
LF:19
LH:0
BRDA:28,0,0,0
BRDA:28,0,1,0
BRDA:43,1,0,0
BRDA:43,1,1,0
BRDA:46,2,0,0
BRDA:46,2,1,0
BRDA:46,2,2,0
BRDA:51,3,0,0
BRDA:51,3,1,0
BRDA:55,4,0,0
BRDA:55,4,1,0
BRDA:59,5,0,0
BRDA:59,5,1,0
BRDA:62,6,0,0
BRDA:62,6,1,0
BRDA:62,6,2,0
BRF:16
BRH:0
end_of_record
TN:
SF:src/ui/BaseModal.jsx
FN:6,BaseModal
FN:21,(anonymous_1)
FN:27,(anonymous_2)
FN:33,(anonymous_3)
FN:35,(anonymous_4)
FN:41,(anonymous_5)
FN:48,(anonymous_6)
FN:96,(anonymous_7)
FNF:8
FNH:8
FNDA:14,BaseModal
FNDA:13,(anonymous_1)
FNDA:13,(anonymous_2)
FNDA:14,(anonymous_3)
FNDA:1,(anonymous_4)
FNDA:13,(anonymous_5)
FNDA:2,(anonymous_6)
FNDA:1,(anonymous_7)
DA:17,14
DA:18,14
DA:21,14
DA:22,13
DA:23,12
DA:25,1
DA:27,13
DA:28,13
DA:33,14
DA:34,14
DA:35,13
DA:36,1
DA:38,13
DA:41,13
DA:44,14
DA:46,13
DA:48,13
DA:49,2
DA:50,1
DA:54,13
DA:96,1
LF:21
LH:21
BRDA:11,0,0,12
BRDA:12,1,0,13
BRDA:13,2,0,13
BRDA:14,3,0,13
BRDA:15,4,0,13
BRDA:18,5,0,2
BRDA:18,5,1,12
BRDA:18,6,0,14
BRDA:18,6,1,13
BRDA:22,7,0,12
BRDA:22,7,1,1
BRDA:34,8,0,1
BRDA:34,8,1,13
BRDA:36,9,0,1
BRDA:36,9,1,0
BRDA:44,10,0,1
BRDA:44,10,1,13
BRDA:46,11,0,13
BRDA:46,11,1,0
BRDA:49,12,0,1
BRDA:49,12,1,1
BRDA:49,13,0,2
BRDA:49,13,1,1
BRDA:57,14,0,13
BRDA:57,14,1,12
BRDA:57,14,2,2
BRDA:90,15,0,11
BRDA:90,15,1,2
BRDA:91,16,0,11
BRDA:91,16,1,2
BRDA:92,17,0,11
BRDA:92,17,1,2
BRF:32
BRH:30
end_of_record
TN:
SF:src/ui/Button.jsx
FN:4,Button
FN:16,(anonymous_1)
FN:27,(anonymous_2)
FN:38,(anonymous_3)
FN:67,(anonymous_4)
FNF:5
FNH:5
FNDA:16,Button
FNDA:1,(anonymous_1)
FNDA:1,(anonymous_2)
FNDA:16,(anonymous_3)
FNDA:16,(anonymous_4)
DA:16,16
DA:17,1
DA:18,1
DA:19,1
DA:22,1
DA:23,0
DA:27,16
DA:28,1
DA:29,1
DA:30,1
DA:33,1
DA:34,0
DA:38,16
DA:39,16
DA:41,12
DA:47,3
DA:54,1
DA:61,0
DA:66,16
DA:67,16
DA:73,16
DA:81,16
LF:22
LH:19
BRDA:7,0,0,13
BRDA:8,1,0,11
BRDA:9,2,0,13
BRDA:10,3,0,15
BRDA:11,4,0,15
BRDA:12,5,0,15
BRDA:17,6,0,1
BRDA:17,6,1,0
BRDA:17,7,0,1
BRDA:17,7,1,1
BRDA:22,8,0,0
BRDA:22,8,1,1
BRDA:28,9,0,1
BRDA:28,9,1,0
BRDA:28,10,0,1
BRDA:28,10,1,1
BRDA:33,11,0,0
BRDA:33,11,1,1
BRDA:39,12,0,12
BRDA:39,12,1,3
BRDA:39,12,2,1
BRDA:39,12,3,0
BRDA:94,13,0,12
BRDA:94,13,1,4
BRF:24
BRH:19
end_of_record
TN:
SF:src/ui/FormInput.jsx
FN:5,FormInput
FN:23,(anonymous_1)
FN:72,(anonymous_2)
FN:79,(anonymous_3)
FNF:4
FNH:4
FNDA:21,FormInput
FNDA:21,(anonymous_1)
FNDA:4,(anonymous_2)
FNDA:4,(anonymous_3)
DA:18,21
DA:21,21
DA:23,21
DA:24,21
DA:25,3
DA:36,18
DA:46,21
DA:48,21
DA:52,21
DA:73,4
DA:74,2
DA:76,2
DA:80,4
DA:81,2
DA:83,2
LF:15
LH:15
BRDA:6,0,0,18
BRDA:11,1,0,20
BRDA:12,2,0,20
BRDA:13,3,0,20
BRDA:14,4,0,18
BRDA:15,5,0,17
BRDA:24,6,0,3
BRDA:24,6,1,18
BRDA:30,7,0,1
BRDA:30,7,1,2
BRDA:40,8,0,3
BRDA:40,8,1,15
BRDA:63,9,0,21
BRDA:63,9,1,0
BRDA:65,10,0,1
BRDA:65,10,1,20
BRDA:70,11,0,1
BRDA:70,11,1,20
BRDA:73,12,0,2
BRDA:73,12,1,2
BRDA:80,13,0,2
BRDA:80,13,1,2
BRDA:81,14,0,1
BRDA:81,14,1,1
BRDA:83,15,0,1
BRDA:83,15,1,1
BRDA:87,16,0,21
BRDA:87,16,1,4
BRF:28
BRH:27
end_of_record
TN:
SF:src/utils/colors.js
FN:2,(anonymous_0)
FNF:1
FNH:1
FNDA:27,(anonymous_0)
DA:2,27
DA:5,1
DA:49,1
LF:3
LH:3
BRF:0
BRH:0
end_of_record
TN:
SF:src/utils/queryKeys.js
FN:6,(anonymous_0)
FN:7,(anonymous_1)
FN:8,(anonymous_2)
FN:9,(anonymous_3)
FN:10,(anonymous_4)
FN:11,(anonymous_5)
FN:17,(anonymous_6)
FN:18,(anonymous_7)
FN:19,(anonymous_8)
FN:20,(anonymous_9)
FN:21,(anonymous_10)
FN:22,(anonymous_11)
FN:23,(anonymous_12)
FN:24,(anonymous_13)
FN:30,(anonymous_14)
FN:31,(anonymous_15)
FNF:16
FNH:0
FNDA:0,(anonymous_0)
FNDA:0,(anonymous_1)
FNDA:0,(anonymous_2)
FNDA:0,(anonymous_3)
FNDA:0,(anonymous_4)
FNDA:0,(anonymous_5)
FNDA:0,(anonymous_6)
FNDA:0,(anonymous_7)
FNDA:0,(anonymous_8)
FNDA:0,(anonymous_9)
FNDA:0,(anonymous_10)
FNDA:0,(anonymous_11)
FNDA:0,(anonymous_12)
FNDA:0,(anonymous_13)
FNDA:0,(anonymous_14)
FNDA:0,(anonymous_15)
DA:2,0
DA:6,0
DA:7,0
DA:8,0
DA:9,0
DA:10,0
DA:11,0
DA:17,0
DA:18,0
DA:19,0
DA:20,0
DA:21,0
DA:22,0
DA:23,0
DA:24,0
DA:30,0
DA:31,0
LF:17
LH:0
BRDA:7,0,0,0
BRDA:18,1,0,0
BRF:2
BRH:0
end_of_record
TN:
SF:src/utils/validation.js
FN:4,(anonymous_0)
FN:17,(anonymous_1)
FN:45,(anonymous_2)
FN:57,(anonymous_3)
FNF:4
FNH:0
FNDA:0,(anonymous_0)
FNDA:0,(anonymous_1)
FNDA:0,(anonymous_2)
FNDA:0,(anonymous_3)
DA:4,0
DA:5,0
DA:6,0
DA:9,0
DA:10,0
DA:11,0
DA:14,0
DA:17,0
DA:18,0
DA:19,0
DA:22,0
DA:23,0
DA:26,0
DA:27,0
DA:30,0
DA:31,0
DA:34,0
DA:35,0
DA:38,0
DA:39,0
DA:42,0
DA:45,0
DA:46,0
DA:47,0
DA:50,0
DA:51,0
DA:54,0
DA:57,0
DA:58,0
DA:59,0
DA:63,0
DA:64,0
DA:67,0
LF:33
LH:0
BRDA:5,0,0,0
BRDA:5,0,1,0
BRDA:10,1,0,0
BRDA:10,1,1,0
BRDA:18,2,0,0
BRDA:18,2,1,0
BRDA:22,3,0,0
BRDA:22,3,1,0
BRDA:26,4,0,0
BRDA:26,4,1,0
BRDA:30,5,0,0
BRDA:30,5,1,0
BRDA:34,6,0,0
BRDA:34,6,1,0
BRDA:38,7,0,0
BRDA:38,7,1,0
BRDA:46,8,0,0
BRDA:46,8,1,0
BRDA:50,9,0,0
BRDA:50,9,1,0
BRDA:58,10,0,0
BRDA:58,10,1,0
BRDA:63,11,0,0
BRDA:63,11,1,0
BRF:24
BRH:0
end_of_record
